
> ecom-os@0.1.0 type-check
> tsc --noEmit

app/api/v1/bookkeeping/rules/route.ts(3,10): error TS2459: Module '"@/app/api/auth/[...nextauth]/route"' declares 'authOptions' locally, but it is not exported.
app/api/v1/wms/finance/reports/route.ts(447,31): error TS2322: Type 'number' is not assignable to type 'string'.
app/api/v1/wms/finance/reports/route.ts(447,45): error TS2349: This expression is not callable.
  Type 'String' has no call signatures.
app/api/v1/wms/inventory/balances/route.ts(92,36): error TS2802: Type 'MapIterator<[string, any]>' can only be iterated through when using the '--downlevelIteration' flag or with a '--target' of 'es2015' or higher.
app/api/v1/wms/inventory/route.ts(36,9): error TS2353: Object literal may only specify known properties, and 'product' does not exist in type 'WmsInventoryBalanceInclude<DefaultArgs>'.
app/api/v1/wms/inventory/route.ts(54,45): error TS2339: Property 'quantity' does not exist on type '{ id: string; warehouseId: string; currentCartons: number; currentPallets: number; currentUnits: number; shippingCartonsPerPallet: number | null; storageCartonsPerPallet: number | null; skuId: string; batchLot: string; lastTransactionDate: Date | null; lastUpdated: Date; }'.
app/api/v1/wms/inventory/route.ts(62,29): error TS2551: Property 'warehouse' does not exist on type '{ id: string; warehouseId: string; currentCartons: number; currentPallets: number; currentUnits: number; shippingCartonsPerPallet: number | null; storageCartonsPerPallet: number | null; skuId: string; batchLot: string; lastTransactionDate: Date | null; lastUpdated: Date; }'. Did you mean 'warehouseId'?
app/api/v1/wms/inventory/route.ts(63,29): error TS2551: Property 'warehouse' does not exist on type '{ id: string; warehouseId: string; currentCartons: number; currentPallets: number; currentUnits: number; shippingCartonsPerPallet: number | null; storageCartonsPerPallet: number | null; skuId: string; batchLot: string; lastTransactionDate: Date | null; lastUpdated: Date; }'. Did you mean 'warehouseId'?
app/api/v1/wms/inventory/route.ts(64,25): error TS2339: Property 'productId' does not exist on type '{ id: string; warehouseId: string; currentCartons: number; currentPallets: number; currentUnits: number; shippingCartonsPerPallet: number | null; storageCartonsPerPallet: number | null; skuId: string; batchLot: string; lastTransactionDate: Date | null; lastUpdated: Date; }'.
app/api/v1/wms/inventory/route.ts(65,19): error TS2339: Property 'product' does not exist on type '{ id: string; warehouseId: string; currentCartons: number; currentPallets: number; currentUnits: number; shippingCartonsPerPallet: number | null; storageCartonsPerPallet: number | null; skuId: string; batchLot: string; lastTransactionDate: Date | null; lastUpdated: Date; }'.
app/api/v1/wms/inventory/route.ts(66,27): error TS2339: Property 'product' does not exist on type '{ id: string; warehouseId: string; currentCartons: number; currentPallets: number; currentUnits: number; shippingCartonsPerPallet: number | null; storageCartonsPerPallet: number | null; skuId: string; batchLot: string; lastTransactionDate: Date | null; lastUpdated: Date; }'.
app/api/v1/wms/inventory/route.ts(67,27): error TS2339: Property 'product' does not exist on type '{ id: string; warehouseId: string; currentCartons: number; currentPallets: number; currentUnits: number; shippingCartonsPerPallet: number | null; storageCartonsPerPallet: number | null; skuId: string; batchLot: string; lastTransactionDate: Date | null; lastUpdated: Date; }'.
app/api/v1/wms/inventory/route.ts(68,24): error TS2339: Property 'quantity' does not exist on type '{ id: string; warehouseId: string; currentCartons: number; currentPallets: number; currentUnits: number; shippingCartonsPerPallet: number | null; storageCartonsPerPallet: number | null; skuId: string; batchLot: string; lastTransactionDate: Date | null; lastUpdated: Date; }'.
app/api/v1/wms/inventory/route.ts(69,20): error TS2339: Property 'unit' does not exist on type '{ id: string; warehouseId: string; currentCartons: number; currentPallets: number; currentUnits: number; shippingCartonsPerPallet: number | null; storageCartonsPerPallet: number | null; skuId: string; batchLot: string; lastTransactionDate: Date | null; lastUpdated: Date; }'.
app/api/v1/wms/inventory/route.ts(72,28): error TS2339: Property 'quantity' does not exist on type '{ id: string; warehouseId: string; currentCartons: number; currentPallets: number; currentUnits: number; shippingCartonsPerPallet: number | null; storageCartonsPerPallet: number | null; skuId: string; batchLot: string; lastTransactionDate: Date | null; lastUpdated: Date; }'.
app/api/v1/wms/inventory/route.ts(73,41): error TS2339: Property 'quantity' does not exist on type '{ id: string; warehouseId: string; currentCartons: number; currentPallets: number; currentUnits: number; shippingCartonsPerPallet: number | null; storageCartonsPerPallet: number | null; skuId: string; batchLot: string; lastTransactionDate: Date | null; lastUpdated: Date; }'.
app/api/v1/wms/inventory/route.ts(73,58): error TS2339: Property 'unitsPerCarton' does not exist on type '{ id: string; warehouseId: string; currentCartons: number; currentPallets: number; currentUnits: number; shippingCartonsPerPallet: number | null; storageCartonsPerPallet: number | null; skuId: string; batchLot: string; lastTransactionDate: Date | null; lastUpdated: Date; }'.
app/api/v1/wms/inventory/route.ts(110,9): error TS2353: Object literal may only specify known properties, and 'productId' does not exist in type '(Without<WmsInventoryTransactionCreateInput, WmsInventoryTransactionUncheckedCreateInput> & WmsInventoryTransactionUncheckedCreateInput) | (Without<...> & WmsInventoryTransactionCreateInput)'.
app/api/v1/wms/inventory/route.ts(120,9): error TS2353: Object literal may only specify known properties, and 'product' does not exist in type 'WmsInventoryTransactionInclude<DefaultArgs>'.
app/api/v1/wms/invoices/route.ts(53,57): error TS2345: Argument of type 'string | null' is not assignable to parameter of type 'string | undefined'.
  Type 'null' is not assignable to type 'string | undefined'.
app/api/v1/wms/invoices/route.ts(182,9): error TS2367: This comparison appears to be unintentional because the types 'Decimal' and 'number' have no overlap.
app/api/v1/wms/products/route.ts(4,10): error TS2459: Module '"@/app/api/auth/[...nextauth]/route"' declares 'authOptions' locally, but it is not exported.
app/api/v1/wms/products/route.ts(28,13): error TS2353: Object literal may only specify known properties, and 'inventoryLogs' does not exist in type 'WmsSkuCountOutputTypeSelect<DefaultArgs>'.
app/api/v1/wms/products/route.ts(33,9): error TS2353: Object literal may only specify known properties, and 'sku' does not exist in type 'WmsSkuOrderByWithRelationInput | WmsSkuOrderByWithRelationInput[]'.
app/api/v1/wms/products/route.ts(66,35): error TS2339: Property 'product' does not exist on type 'PrismaClient<PrismaClientOptions, never, DefaultArgs>'.
app/api/v1/wms/products/route.ts(80,9): error TS2353: Object literal may only specify known properties, and 'sku' does not exist in type '(Without<WmsSkuCreateInput, WmsSkuUncheckedCreateInput> & WmsSkuUncheckedCreateInput) | (Without<...> & WmsSkuCreateInput)'.
app/api/v1/wms/transactions/[id]/attributes/route.ts(28,11): error TS2698: Spread types may only be created from object types.
app/api/v1/wms/warehouse-configs/route.ts(3,29): error TS2307: Cannot find module '@/lib/wms/wms/utils/auth-utils' or its corresponding type declarations.
app/api/v1/wms/warehouse-configs/route.ts(4,24): error TS2307: Cannot find module '@/lib/wms/prisma' or its corresponding type declarations.
app/api/v1/wms/warehouses/route.ts(4,10): error TS2459: Module '"@/app/api/auth/[...nextauth]/route"' declares 'authOptions' locally, but it is not exported.
app/api/v1/wms/warehouses/route.ts(13,37): error TS2551: Property 'warehouse' does not exist on type 'PrismaClient<PrismaClientOptions, never, DefaultArgs>'. Did you mean 'wmsWarehouse'?
app/api/v1/wms/warehouses/route.ts(56,35): error TS2551: Property 'warehouse' does not exist on type 'PrismaClient<PrismaClientOptions, never, DefaultArgs>'. Did you mean 'wmsWarehouse'?
app/api/v1/wms/warehouses/route.ts(68,36): error TS2551: Property 'warehouse' does not exist on type 'PrismaClient<PrismaClientOptions, never, DefaultArgs>'. Did you mean 'wmsWarehouse'?
app/wms/admin/dashboard/page.tsx(35,28): error TS2307: Cannot find module '@/components/wms/ui/page-header' or its corresponding type declarations.
app/wms/admin/dashboard/page.tsx(770,36): error TS2339: Property 'info' does not exist on type '{ (message: Message, opts?: Partial<Pick<Toast, "id" | "style" | "className" | "icon" | "duration" | "ariaProps" | "position" | "iconTheme" | "removeDelay">> | undefined): string; ... 6 more ...; promise<T>(promise: Promise<...> | (() => Promise<...>), msgs: { ...; }, opts?: DefaultToastOptions | undefined): Promise...'.
app/wms/admin/dashboard/page.tsx(776,36): error TS2339: Property 'info' does not exist on type '{ (message: Message, opts?: Partial<Pick<Toast, "id" | "style" | "className" | "icon" | "duration" | "ariaProps" | "position" | "iconTheme" | "removeDelay">> | undefined): string; ... 6 more ...; promise<T>(promise: Promise<...> | (() => Promise<...>), msgs: { ...; }, opts?: DefaultToastOptions | undefined): Promise...'.
app/wms/admin/dashboard/page.tsx(788,36): error TS2339: Property 'info' does not exist on type '{ (message: Message, opts?: Partial<Pick<Toast, "id" | "style" | "className" | "icon" | "duration" | "ariaProps" | "position" | "iconTheme" | "removeDelay">> | undefined): string; ... 6 more ...; promise<T>(promise: Promise<...> | (() => Promise<...>), msgs: { ...; }, opts?: DefaultToastOptions | undefined): Promise...'.
app/wms/admin/import-excel/page.tsx(16,28): error TS2307: Cannot find module '@/components/wms/ui/page-header' or its corresponding type declarations.
app/wms/admin/inventory/client-page.tsx(6,30): error TS2307: Cannot find module '@/components/common/export-button' or its corresponding type declarations.
app/wms/admin/inventory/page.tsx(16,42): error TS2551: Property 'inventoryBalance' does not exist on type 'PrismaClient<PrismaClientOptions, never, DefaultArgs>'. Did you mean 'wmsInventoryBalance'?
app/wms/admin/inventory/page.tsx(28,34): error TS2339: Property 'sku' does not exist on type 'PrismaClient<PrismaClientOptions, never, DefaultArgs>'.
app/wms/admin/inventory/page.tsx(29,37): error TS2551: Property 'inventoryBalance' does not exist on type 'PrismaClient<PrismaClientOptions, never, DefaultArgs>'. Did you mean 'wmsInventoryBalance'?
app/wms/admin/inventory/page.tsx(32,37): error TS2551: Property 'inventoryBalance' does not exist on type 'PrismaClient<PrismaClientOptions, never, DefaultArgs>'. Did you mean 'wmsInventoryBalance'?
app/wms/admin/inventory/page.tsx(35,38): error TS2551: Property 'inventoryBalance' does not exist on type 'PrismaClient<PrismaClientOptions, never, DefaultArgs>'. Did you mean 'wmsInventoryBalance'?
app/wms/admin/inventory/page.tsx(40,43): error TS2551: Property 'inventoryTransaction' does not exist on type 'PrismaClient<PrismaClientOptions, never, DefaultArgs>'. Did you mean 'wmsInventoryTransaction'?
app/wms/admin/inventory/page.tsx(51,47): error TS7006: Parameter 'balance' implicitly has an 'any' type.
app/wms/admin/inventory/page.tsx(69,50): error TS7006: Parameter 'tx' implicitly has an 'any' type.
app/wms/admin/reports/page.tsx(22,12): error TS2551: Property 'storageLedger' does not exist on type 'PrismaClient<PrismaClientOptions, never, DefaultArgs>'. Did you mean 'wmsStorageLedger'?
app/wms/admin/reports/page.tsx(34,12): error TS2551: Property 'inventoryTransaction' does not exist on type 'PrismaClient<PrismaClientOptions, never, DefaultArgs>'. Did you mean 'wmsInventoryTransaction'?
app/wms/admin/reports/page.tsx(43,12): error TS2339: Property 'invoice' does not exist on type 'PrismaClient<PrismaClientOptions, never, DefaultArgs>'.
app/wms/admin/settings/page.tsx(22,41): error TS2307: Cannot find module '@/components/wms/ui/page-header' or its corresponding type declarations.
app/wms/analytics/page.tsx(7,30): error TS2307: Cannot find module '@/components/common/export-button' or its corresponding type declarations.
app/wms/analytics/page.tsx(22,42): error TS2551: Property 'inventoryTransaction' does not exist on type 'PrismaClient<PrismaClientOptions, never, DefaultArgs>'. Did you mean 'wmsInventoryTransaction'?
app/wms/analytics/page.tsx(23,40): error TS2551: Property 'warehouse' does not exist on type 'PrismaClient<PrismaClientOptions, never, DefaultArgs>'. Did you mean 'wmsWarehouse'?
app/wms/analytics/page.tsx(24,36): error TS2339: Property 'user' does not exist on type 'PrismaClient<PrismaClientOptions, never, DefaultArgs>'.
app/wms/analytics/page.tsx(26,39): error TS2551: Property 'inventoryBalance' does not exist on type 'PrismaClient<PrismaClientOptions, never, DefaultArgs>'. Did you mean 'wmsInventoryBalance'?
app/wms/analytics/page.tsx(31,32): error TS2551: Property 'inventoryBalance' does not exist on type 'PrismaClient<PrismaClientOptions, never, DefaultArgs>'. Did you mean 'wmsInventoryBalance'?
app/wms/analytics/page.tsx(38,29): error TS2339: Property 'sku' does not exist on type 'PrismaClient<PrismaClientOptions, never, DefaultArgs>'.
app/wms/analytics/page.tsx(39,36): error TS7006: Parameter 's' implicitly has an 'any' type.
app/wms/analytics/page.tsx(42,35): error TS7006: Parameter 's' implicitly has an 'any' type.
app/wms/analytics/page.tsx(119,29): error TS7006: Parameter 'item' implicitly has an 'any' type.
app/wms/analytics/page.tsx(119,35): error TS7006: Parameter 'index' implicitly has an 'any' type.
app/wms/analytics/page.tsx(129,58): error TS2339: Property 'skuCode' does not exist on type '{}'.
app/wms/analytics/page.tsx(130,68): error TS2339: Property 'description' does not exist on type '{}'.
app/wms/config/batch-attributes/page.tsx(17,32): error TS2551: Property 'inventoryBalance' does not exist on type 'PrismaClient<PrismaClientOptions, never, DefaultArgs>'. Did you mean 'wmsInventoryBalance'?
app/wms/config/batch-attributes/page.tsx(43,44): error TS2551: Property 'inventoryTransaction' does not exist on type 'PrismaClient<PrismaClientOptions, never, DefaultArgs>'. Did you mean 'wmsInventoryTransaction'?
app/wms/config/batch-attributes/page.tsx(46,35): error TS7006: Parameter 'b' implicitly has an 'any' type.
app/wms/config/batch-attributes/page.tsx(47,32): error TS7006: Parameter 'b' implicitly has an 'any' type.
app/wms/config/batch-attributes/page.tsx(63,29): error TS7006: Parameter 't' implicitly has an 'any' type.
app/wms/config/batch-attributes/page.tsx(67,33): error TS7006: Parameter 'batch' implicitly has an 'any' type.
app/wms/config/batch-attributes/page.tsx(71,32): error TS2339: Property 'createdBy' does not exist on type '{}'.
app/wms/config/batch-attributes/page.tsx(72,33): error TS2339: Property 'transactionDate' does not exist on type '{}'.
app/wms/config/batch-attributes/page.tsx(73,52): error TS2339: Property 'cartonsIn' does not exist on type '{}'.
app/wms/config/batch-attributes/page.tsx(78,42): error TS7006: Parameter 'acc' implicitly has an 'any' type.
app/wms/config/batch-attributes/page.tsx(78,47): error TS7006: Parameter 'batch' implicitly has an 'any' type.
app/wms/config/batch-attributes/page.tsx(89,40): error TS7006: Parameter 'sum' implicitly has an 'any' type.
app/wms/config/batch-attributes/page.tsx(89,45): error TS7006: Parameter 'b' implicitly has an 'any' type.
app/wms/config/batch-attributes/page.tsx(90,38): error TS7006: Parameter 'sum' implicitly has an 'any' type.
app/wms/config/batch-attributes/page.tsx(90,43): error TS7006: Parameter 'b' implicitly has an 'any' type.
app/wms/config/batch-attributes/page.tsx(183,22): error TS18046: 'skuBatches' is of type 'unknown'.
app/wms/config/products/page.tsx(10,31): error TS2307: Cannot find module '@/components/ui/confirm-dialog' or its corresponding type declarations.
app/wms/config/warehouse-configs/page.tsx(18,32): error TS2551: Property 'warehouseSkuConfig' does not exist on type 'PrismaClient<PrismaClientOptions, never, DefaultArgs>'. Did you mean 'wmsWarehouseSkuConfig'?
app/wms/config/warehouse-configs/page.tsx(37,46): error TS7006: Parameter 'acc' implicitly has an 'any' type.
app/wms/config/warehouse-configs/page.tsx(37,51): error TS7006: Parameter 'config' implicitly has an 'any' type.
app/wms/config/warehouse-configs/page.tsx(48,40): error TS7006: Parameter 'c' implicitly has an 'any' type.
app/wms/config/warehouse-configs/page.tsx(49,42): error TS7006: Parameter 'c' implicitly has an 'any' type.
app/wms/config/warehouse-configs/page.tsx(173,22): error TS18046: 'warehouseConfigs' is of type 'unknown'.
app/wms/config/warehouse-configs/page.tsx(173,44): error TS7006: Parameter 'config' implicitly has an 'any' type.
app/wms/dashboard/page.tsx(21,33): error TS2307: Cannot find module '@/components/ui/quick-start-guide' or its corresponding type declarations.
app/wms/finance/cost-ledger/page.tsx(21,28): error TS2307: Cannot find module '@/components/wms/ui/page-header' or its corresponding type declarations.
app/wms/finance/cost-ledger/page.tsx(24,10): error TS2305: Module '"@/lib/utils"' has no exported member 'formatCurrency'.
app/wms/finance/dashboard/page.tsx(25,28): error TS2307: Cannot find module '@/components/wms/ui/page-header' or its corresponding type declarations.
app/wms/finance/storage-ledger/page.tsx(8,28): error TS2307: Cannot find module '@/components/wms/ui/page-header' or its corresponding type declarations.
app/wms/operations/shipment-planning/page.tsx(251,11): error TS2322: Type 'Element' is not assignable to type 'string'.
app/wms/operations/shipment-planning/page.tsx(310,69): error TS2802: Type 'Set<string>' can only be iterated through when using the '--downlevelIteration' flag or with a '--target' of 'es2015' or higher.
app/wms/reports/page.tsx(22,12): error TS2551: Property 'storageLedger' does not exist on type 'PrismaClient<PrismaClientOptions, never, DefaultArgs>'. Did you mean 'wmsStorageLedger'?
app/wms/reports/page.tsx(34,12): error TS2551: Property 'inventoryTransaction' does not exist on type 'PrismaClient<PrismaClientOptions, never, DefaultArgs>'. Did you mean 'wmsInventoryTransaction'?
app/wms/reports/page.tsx(43,12): error TS2339: Property 'invoice' does not exist on type 'PrismaClient<PrismaClientOptions, never, DefaultArgs>'.
archive/warehouse_management/prisma/seed.ts(1,24): error TS2305: Module '"@prisma/client"' has no exported member 'UserRole'.
archive/warehouse_management/prisma/seed.ts(10,35): error TS2551: Property 'warehouse' does not exist on type 'PrismaClient<PrismaClientOptions, never, DefaultArgs>'. Did you mean 'wmsWarehouse'?
archive/warehouse_management/prisma/seed.ts(22,35): error TS2551: Property 'warehouse' does not exist on type 'PrismaClient<PrismaClientOptions, never, DefaultArgs>'. Did you mean 'wmsWarehouse'?
archive/warehouse_management/prisma/seed.ts(34,35): error TS2551: Property 'warehouse' does not exist on type 'PrismaClient<PrismaClientOptions, never, DefaultArgs>'. Did you mean 'wmsWarehouse'?
archive/warehouse_management/prisma/seed.ts(52,34): error TS2339: Property 'user' does not exist on type 'PrismaClient<PrismaClientOptions, never, DefaultArgs>'.
archive/warehouse_management/prisma/seed.ts(64,35): error TS2339: Property 'user' does not exist on type 'PrismaClient<PrismaClientOptions, never, DefaultArgs>'.
archive/warehouse_management/prisma/seed.ts(76,34): error TS2339: Property 'user' does not exist on type 'PrismaClient<PrismaClientOptions, never, DefaultArgs>'.
archive/warehouse_management/scripts/adjust-amazon-sample-data.ts(10,37): error TS2339: Property 'user' does not exist on type 'PrismaClient<PrismaClientOptions, never, DefaultArgs>'.
archive/warehouse_management/scripts/adjust-amazon-sample-data.ts(20,41): error TS2551: Property 'inventoryBalance' does not exist on type 'PrismaClient<PrismaClientOptions, never, DefaultArgs>'. Did you mean 'wmsInventoryBalance'?
archive/warehouse_management/scripts/adjust-amazon-sample-data.ts(40,20): error TS2551: Property 'inventoryTransaction' does not exist on type 'PrismaClient<PrismaClientOptions, never, DefaultArgs>'. Did you mean 'wmsInventoryTransaction'?
archive/warehouse_management/scripts/adjust-amazon-sample-data.ts(61,20): error TS2551: Property 'inventoryBalance' does not exist on type 'PrismaClient<PrismaClientOptions, never, DefaultArgs>'. Did you mean 'wmsInventoryBalance'?
archive/warehouse_management/scripts/check-cds-storage.ts(14,37): error TS2551: Property 'storageLedger' does not exist on type 'PrismaClient<PrismaClientOptions, never, DefaultArgs>'. Did you mean 'wmsStorageLedger'?
archive/warehouse_management/scripts/check-cds-storage.ts(30,24): error TS7006: Parameter 'entry' implicitly has an 'any' type.
archive/warehouse_management/scripts/check-cds-storage.ts(44,35): error TS2551: Property 'inventoryBalance' does not exist on type 'PrismaClient<PrismaClientOptions, never, DefaultArgs>'. Did you mean 'wmsInventoryBalance'?
archive/warehouse_management/scripts/check-cds-storage.ts(56,22): error TS7006: Parameter 'b' implicitly has an 'any' type.
archive/warehouse_management/scripts/check-cds-storage.ts(65,39): error TS2551: Property 'inventoryTransaction' does not exist on type 'PrismaClient<PrismaClientOptions, never, DefaultArgs>'. Did you mean 'wmsInventoryTransaction'?
archive/warehouse_management/scripts/check-cds-storage.ts(82,26): error TS7006: Parameter 't' implicitly has an 'any' type.
archive/warehouse_management/scripts/check-cds-storage.ts(92,43): error TS2551: Property 'warehouseSkuConfig' does not exist on type 'PrismaClient<PrismaClientOptions, never, DefaultArgs>'. Did you mean 'wmsWarehouseSkuConfig'?
archive/warehouse_management/scripts/check-cds-storage.ts(108,30): error TS7006: Parameter 'c' implicitly has an 'any' type.
archive/warehouse_management/scripts/check-cost-rates.ts(29,35): error TS2551: Property 'warehouse' does not exist on type 'PrismaClient<PrismaClientOptions, never, DefaultArgs>'. Did you mean 'wmsWarehouse'?
archive/warehouse_management/scripts/check-cost-rates.ts(34,33): error TS2339: Property 'costRate' does not exist on type 'PrismaClient<PrismaClientOptions, never, DefaultArgs>'.
archive/warehouse_management/scripts/check-cost-rates.ts(48,44): error TS7006: Parameter 'r' implicitly has an 'any' type.
archive/warehouse_management/scripts/check-cost-rates.ts(49,36): error TS7053: Element implicitly has an 'any' type because expression of type 'any' can't be used to index type '{ FMC: { category: string; name: string; value: number; unit: string; }[]; VGLOBAL: { category: string; name: string; value: number; unit: string; }[]; 'AMAZON-FBA-UK': { category: string; name: string; value: number; unit: string; effectiveDate: string; endDate: string; }[]; }'.
archive/warehouse_management/scripts/check-cost-rates.ts(55,40): error TS7006: Parameter 'rate' implicitly has an 'any' type.
archive/warehouse_management/scripts/check-cost-rates.ts(61,30): error TS7006: Parameter 'rate' implicitly has an 'any' type.
archive/warehouse_management/scripts/check-cost-rates.ts(73,45): error TS7006: Parameter 'r' implicitly has an 'any' type.
archive/warehouse_management/scripts/check-cost-rates.ts(94,48): error TS7006: Parameter 'r' implicitly has an 'any' type.
archive/warehouse_management/scripts/check-cost-rates.ts(95,50): error TS7006: Parameter 'r' implicitly has an 'any' type.
archive/warehouse_management/scripts/check-dashboard-data.ts(8,36): error TS2551: Property 'inventoryBalance' does not exist on type 'PrismaClient<PrismaClientOptions, never, DefaultArgs>'. Did you mean 'wmsInventoryBalance'?
archive/warehouse_management/scripts/check-dashboard-data.ts(14,37): error TS2551: Property 'inventoryBalance' does not exist on type 'PrismaClient<PrismaClientOptions, never, DefaultArgs>'. Did you mean 'wmsInventoryBalance'?
archive/warehouse_management/scripts/check-dashboard-data.ts(21,42): error TS2339: Property 'invoice' does not exist on type 'PrismaClient<PrismaClientOptions, never, DefaultArgs>'.
archive/warehouse_management/scripts/check-dashboard-data.ts(25,38): error TS2339: Property 'invoice' does not exist on type 'PrismaClient<PrismaClientOptions, never, DefaultArgs>'.
archive/warehouse_management/scripts/check-dashboard-data.ts(28,32): error TS2551: Property 'calculatedCost' does not exist on type 'PrismaClient<PrismaClientOptions, never, DefaultArgs>'. Did you mean 'wmsCalculatedCost'?
archive/warehouse_management/scripts/check-dashboard-data.ts(34,39): error TS2551: Property 'inventoryTransaction' does not exist on type 'PrismaClient<PrismaClientOptions, never, DefaultArgs>'. Did you mean 'wmsInventoryTransaction'?
archive/warehouse_management/scripts/check-dashboard-data.ts(37,37): error TS2551: Property 'warehouse' does not exist on type 'PrismaClient<PrismaClientOptions, never, DefaultArgs>'. Did you mean 'wmsWarehouse'?
archive/warehouse_management/scripts/check-dashboard-data.ts(43,45): error TS2339: Property 'sku' does not exist on type 'PrismaClient<PrismaClientOptions, never, DefaultArgs>'.
archive/warehouse_management/scripts/check-dashboard-data.ts(52,44): error TS2551: Property 'inventoryTransaction' does not exist on type 'PrismaClient<PrismaClientOptions, never, DefaultArgs>'. Did you mean 'wmsInventoryTransaction'?
archive/warehouse_management/scripts/check-system-imports.ts(10,45): error TS2551: Property 'inventoryTransaction' does not exist on type 'PrismaClient<PrismaClientOptions, never, DefaultArgs>'. Did you mean 'wmsInventoryTransaction'?
archive/warehouse_management/scripts/check-system-imports.ts(37,56): error TS7006: Parameter 'tx' implicitly has an 'any' type.
archive/warehouse_management/scripts/check-system-imports.ts(43,64): error TS7006: Parameter 'tx' implicitly has an 'any' type.
archive/warehouse_management/scripts/check-system-imports.ts(48,62): error TS7006: Parameter 'tx' implicitly has an 'any' type.
archive/warehouse_management/scripts/check-system-imports.ts(55,32): error TS7006: Parameter 'tx' implicitly has an 'any' type.
archive/warehouse_management/scripts/check-system-imports.ts(67,40): error TS7006: Parameter 'tx' implicitly has an 'any' type.
archive/warehouse_management/scripts/check-system-imports.ts(78,38): error TS7006: Parameter 'tx' implicitly has an 'any' type.
archive/warehouse_management/scripts/check-system-imports.ts(90,44): error TS2551: Property 'inventoryBalance' does not exist on type 'PrismaClient<PrismaClientOptions, never, DefaultArgs>'. Did you mean 'wmsInventoryBalance'?
archive/warehouse_management/scripts/check-system-imports.ts(100,33): error TS7006: Parameter 'balance' implicitly has an 'any' type.
archive/warehouse_management/scripts/check-system-imports.ts(108,42): error TS2551: Property 'warehouse' does not exist on type 'PrismaClient<PrismaClientOptions, never, DefaultArgs>'. Did you mean 'wmsWarehouse'?
archive/warehouse_management/scripts/check-system-imports.ts(113,43): error TS2551: Property 'inventoryBalance' does not exist on type 'PrismaClient<PrismaClientOptions, never, DefaultArgs>'. Did you mean 'wmsInventoryBalance'?
archive/warehouse_management/scripts/check-system-imports.ts(123,53): error TS7006: Parameter 'sum' implicitly has an 'any' type.
archive/warehouse_management/scripts/check-system-imports.ts(123,58): error TS7006: Parameter 'b' implicitly has an 'any' type.
archive/warehouse_management/scripts/check-warehouse-coords.ts(6,35): error TS2551: Property 'warehouse' does not exist on type 'PrismaClient<PrismaClientOptions, never, DefaultArgs>'. Did you mean 'wmsWarehouse'?
archive/warehouse_management/scripts/check-warehouse-coords.ts(16,22): error TS7006: Parameter 'w' implicitly has an 'any' type.
archive/warehouse_management/scripts/create-amazon-sample-data.ts(10,42): error TS2551: Property 'warehouse' does not exist on type 'PrismaClient<PrismaClientOptions, never, DefaultArgs>'. Did you mean 'wmsWarehouse'?
archive/warehouse_management/scripts/create-amazon-sample-data.ts(25,35): error TS2339: Property 'user' does not exist on type 'PrismaClient<PrismaClientOptions, never, DefaultArgs>'.
archive/warehouse_management/scripts/create-amazon-sample-data.ts(30,33): error TS2339: Property 'user' does not exist on type 'PrismaClient<PrismaClientOptions, never, DefaultArgs>'.
archive/warehouse_management/scripts/create-amazon-sample-data.ts(42,31): error TS2339: Property 'sku' does not exist on type 'PrismaClient<PrismaClientOptions, never, DefaultArgs>'.
archive/warehouse_management/scripts/create-amazon-sample-data.ts(61,20): error TS2551: Property 'inventoryTransaction' does not exist on type 'PrismaClient<PrismaClientOptions, never, DefaultArgs>'. Did you mean 'wmsInventoryTransaction'?
archive/warehouse_management/scripts/create-amazon-sample-data.ts(80,44): error TS2551: Property 'inventoryBalance' does not exist on type 'PrismaClient<PrismaClientOptions, never, DefaultArgs>'. Did you mean 'wmsInventoryBalance'?
archive/warehouse_management/scripts/create-amazon-sample-data.ts(91,22): error TS2551: Property 'inventoryBalance' does not exist on type 'PrismaClient<PrismaClientOptions, never, DefaultArgs>'. Did you mean 'wmsInventoryBalance'?
archive/warehouse_management/scripts/create-amazon-sample-data.ts(101,22): error TS2551: Property 'inventoryBalance' does not exist on type 'PrismaClient<PrismaClientOptions, never, DefaultArgs>'. Did you mean 'wmsInventoryBalance'?
archive/warehouse_management/scripts/create-amazon-sample-data.ts(126,20): error TS2551: Property 'inventoryTransaction' does not exist on type 'PrismaClient<PrismaClientOptions, never, DefaultArgs>'. Did you mean 'wmsInventoryTransaction'?
archive/warehouse_management/scripts/create-amazon-sample-data.ts(145,36): error TS2551: Property 'inventoryBalance' does not exist on type 'PrismaClient<PrismaClientOptions, never, DefaultArgs>'. Did you mean 'wmsInventoryBalance'?
archive/warehouse_management/scripts/create-amazon-sample-data.ts(156,22): error TS2551: Property 'inventoryBalance' does not exist on type 'PrismaClient<PrismaClientOptions, never, DefaultArgs>'. Did you mean 'wmsInventoryBalance'?
archive/warehouse_management/scripts/create-amazon-sample-data.ts(171,41): error TS2551: Property 'inventoryBalance' does not exist on type 'PrismaClient<PrismaClientOptions, never, DefaultArgs>'. Did you mean 'wmsInventoryBalance'?
archive/warehouse_management/scripts/create-amazon-sample-data.ts(178,58): error TS7006: Parameter 'sum' implicitly has an 'any' type.
archive/warehouse_management/scripts/create-amazon-sample-data.ts(178,63): error TS7006: Parameter 'b' implicitly has an 'any' type.
archive/warehouse_management/scripts/create-amazon-sample-data.ts(179,56): error TS7006: Parameter 'sum' implicitly has an 'any' type.
archive/warehouse_management/scripts/create-amazon-sample-data.ts(179,61): error TS7006: Parameter 'b' implicitly has an 'any' type.
archive/warehouse_management/scripts/create-staff-users.ts(13,33): error TS2339: Property 'user' does not exist on type 'PrismaClient<PrismaClientOptions, never, DefaultArgs>'.
archive/warehouse_management/scripts/create-staff-users.ts(32,36): error TS2551: Property 'warehouse' does not exist on type 'PrismaClient<PrismaClientOptions, never, DefaultArgs>'. Did you mean 'wmsWarehouse'?
archive/warehouse_management/scripts/create-staff-users.ts(37,32): error TS2339: Property 'user' does not exist on type 'PrismaClient<PrismaClientOptions, never, DefaultArgs>'.
archive/warehouse_management/scripts/create-users.ts(14,32): error TS2339: Property 'user' does not exist on type 'PrismaClient<PrismaClientOptions, never, DefaultArgs>'.
archive/warehouse_management/scripts/create-users.ts(34,33): error TS2339: Property 'user' does not exist on type 'PrismaClient<PrismaClientOptions, never, DefaultArgs>'.
archive/warehouse_management/scripts/create-users.ts(54,36): error TS2551: Property 'warehouse' does not exist on type 'PrismaClient<PrismaClientOptions, never, DefaultArgs>'. Did you mean 'wmsWarehouse'?
archive/warehouse_management/scripts/create-users.ts(59,32): error TS2339: Property 'user' does not exist on type 'PrismaClient<PrismaClientOptions, never, DefaultArgs>'.
archive/warehouse_management/scripts/fix-storage-ledger-configs.ts(16,34): error TS2551: Property 'storageLedger' does not exist on type 'PrismaClient<PrismaClientOptions, never, DefaultArgs>'. Did you mean 'wmsStorageLedger'?
archive/warehouse_management/scripts/fix-storage-ledger-configs.ts(19,9): error TS1117: An object literal cannot have multiple properties with the same name.
archive/warehouse_management/scripts/fix-storage-ledger-configs.ts(28,44): error TS7006: Parameter 'e' implicitly has an 'any' type.
archive/warehouse_management/scripts/fix-storage-ledger-configs.ts(39,36): error TS2551: Property 'inventoryBalance' does not exist on type 'PrismaClient<PrismaClientOptions, never, DefaultArgs>'. Did you mean 'wmsInventoryBalance'?
archive/warehouse_management/scripts/fix-storage-ledger-configs.ts(53,46): error TS2551: Property 'warehouseSkuConfig' does not exist on type 'PrismaClient<PrismaClientOptions, never, DefaultArgs>'. Did you mean 'wmsWarehouseSkuConfig'?
archive/warehouse_management/scripts/fix-storage-ledger-configs.ts(82,37): error TS2339: Property 'costRate' does not exist on type 'PrismaClient<PrismaClientOptions, never, DefaultArgs>'.
archive/warehouse_management/scripts/fix-storage-ledger-configs.ts(98,24): error TS2551: Property 'storageLedger' does not exist on type 'PrismaClient<PrismaClientOptions, never, DefaultArgs>'. Did you mean 'wmsStorageLedger'?
archive/warehouse_management/scripts/fix-storage-ledger-configs.ts(114,40): error TS2551: Property 'storageLedger' does not exist on type 'PrismaClient<PrismaClientOptions, never, DefaultArgs>'. Did you mean 'wmsStorageLedger'?
archive/warehouse_management/scripts/fix-storage-ledger-configs.ts(130,41): error TS7006: Parameter 'e' implicitly has an 'any' type.
archive/warehouse_management/scripts/fix-storage-ledger-with-warehouse-configs.ts(17,44): error TS2551: Property 'storageLedger' does not exist on type 'PrismaClient<PrismaClientOptions, never, DefaultArgs>'. Did you mean 'wmsStorageLedger'?
archive/warehouse_management/scripts/fix-storage-ledger-with-warehouse-configs.ts(20,50): error TS2551: Property 'storageLedger' does not exist on type 'PrismaClient<PrismaClientOptions, never, DefaultArgs>'. Did you mean 'wmsStorageLedger'?
archive/warehouse_management/scripts/fix-storage-ledger-with-warehouse-configs.ts(31,34): error TS2551: Property 'storageLedger' does not exist on type 'PrismaClient<PrismaClientOptions, never, DefaultArgs>'. Did you mean 'wmsStorageLedger'?
archive/warehouse_management/scripts/fix-storage-ledger-with-warehouse-configs.ts(34,9): error TS1117: An object literal cannot have multiple properties with the same name.
archive/warehouse_management/scripts/fix-storage-ledger-with-warehouse-configs.ts(42,44): error TS7006: Parameter 'e' implicitly has an 'any' type.
archive/warehouse_management/scripts/fix-storage-ledger-with-warehouse-configs.ts(51,44): error TS2551: Property 'warehouseSkuConfig' does not exist on type 'PrismaClient<PrismaClientOptions, never, DefaultArgs>'. Did you mean 'wmsWarehouseSkuConfig'?
archive/warehouse_management/scripts/fix-storage-ledger-with-warehouse-configs.ts(78,24): error TS2551: Property 'storageLedger' does not exist on type 'PrismaClient<PrismaClientOptions, never, DefaultArgs>'. Did you mean 'wmsStorageLedger'?
archive/warehouse_management/scripts/fix-storage-ledger-with-warehouse-configs.ts(101,48): error TS2551: Property 'inventoryBalance' does not exist on type 'PrismaClient<PrismaClientOptions, never, DefaultArgs>'. Did you mean 'wmsInventoryBalance'?
archive/warehouse_management/scripts/fix-storage-ledger-with-warehouse-configs.ts(113,44): error TS2551: Property 'warehouseSkuConfig' does not exist on type 'PrismaClient<PrismaClientOptions, never, DefaultArgs>'. Did you mean 'wmsWarehouseSkuConfig'?
archive/warehouse_management/scripts/fix-storage-ledger-with-warehouse-configs.ts(125,22): error TS2551: Property 'inventoryBalance' does not exist on type 'PrismaClient<PrismaClientOptions, never, DefaultArgs>'. Did you mean 'wmsInventoryBalance'?
archive/warehouse_management/scripts/populate-storage-ledger.ts(26,43): error TS2551: Property 'inventoryTransaction' does not exist on type 'PrismaClient<PrismaClientOptions, never, DefaultArgs>'. Did you mean 'wmsInventoryTransaction'?
archive/warehouse_management/scripts/populate-storage-ledger.ts(39,37): error TS2551: Property 'warehouse' does not exist on type 'PrismaClient<PrismaClientOptions, never, DefaultArgs>'. Did you mean 'wmsWarehouse'?
archive/warehouse_management/scripts/populate-storage-ledger.ts(54,39): error TS2551: Property 'inventoryTransaction' does not exist on type 'PrismaClient<PrismaClientOptions, never, DefaultArgs>'. Did you mean 'wmsInventoryTransaction'?
archive/warehouse_management/scripts/populate-storage-ledger.ts(73,32): error TS2339: Property 'costRate' does not exist on type 'PrismaClient<PrismaClientOptions, never, DefaultArgs>'.
archive/warehouse_management/scripts/populate-storage-ledger.ts(114,59): error TS7006: Parameter 't' implicitly has an 'any' type.
archive/warehouse_management/scripts/populate-storage-ledger.ts(137,55): error TS2802: Type 'Map<string, { skuId: string; batchLot: string; sku: any; }>' can only be iterated through when using the '--downlevelIteration' flag or with a '--target' of 'es2015' or higher.
archive/warehouse_management/scripts/populate-storage-ledger.ts(139,69): error TS7006: Parameter 't' implicitly has an 'any' type.
archive/warehouse_management/scripts/populate-storage-ledger.ts(152,42): error TS2551: Property 'inventoryBalance' does not exist on type 'PrismaClient<PrismaClientOptions, never, DefaultArgs>'. Did you mean 'wmsInventoryBalance'?
archive/warehouse_management/scripts/populate-storage-ledger.ts(167,52): error TS2551: Property 'warehouseSkuConfig' does not exist on type 'PrismaClient<PrismaClientOptions, never, DefaultArgs>'. Did you mean 'wmsWarehouseSkuConfig'?
archive/warehouse_management/scripts/populate-storage-ledger.ts(188,47): error TS7006: Parameter 'r' implicitly has an 'any' type.
archive/warehouse_management/scripts/populate-storage-ledger.ts(210,43): error TS2551: Property 'storageLedger' does not exist on type 'PrismaClient<PrismaClientOptions, never, DefaultArgs>'. Did you mean 'wmsStorageLedger'?
archive/warehouse_management/scripts/populate-storage-ledger.ts(257,39): error TS2551: Property 'storageLedger' does not exist on type 'PrismaClient<PrismaClientOptions, never, DefaultArgs>'. Did you mean 'wmsStorageLedger'?
archive/warehouse_management/scripts/remove-amazon-rates.ts(9,40): error TS2551: Property 'warehouse' does not exist on type 'PrismaClient<PrismaClientOptions, never, DefaultArgs>'. Did you mean 'wmsWarehouse'?
archive/warehouse_management/scripts/remove-amazon-rates.ts(19,36): error TS2339: Property 'costRate' does not exist on type 'PrismaClient<PrismaClientOptions, never, DefaultArgs>'.
archive/warehouse_management/scripts/remove-amazon-rates.ts(31,20): error TS2339: Property 'costRate' does not exist on type 'PrismaClient<PrismaClientOptions, never, DefaultArgs>'.
archive/warehouse_management/scripts/remove-amazon-rates.ts(43,35): error TS2339: Property 'costRate' does not exist on type 'PrismaClient<PrismaClientOptions, never, DefaultArgs>'.
archive/warehouse_management/scripts/setup-amazon-fba-warehouse.ts(10,35): error TS2339: Property 'user' does not exist on type 'PrismaClient<PrismaClientOptions, never, DefaultArgs>'.
archive/warehouse_management/scripts/setup-amazon-fba-warehouse.ts(15,33): error TS2339: Property 'user' does not exist on type 'PrismaClient<PrismaClientOptions, never, DefaultArgs>'.
archive/warehouse_management/scripts/setup-amazon-fba-warehouse.ts(27,40): error TS2551: Property 'warehouse' does not exist on type 'PrismaClient<PrismaClientOptions, never, DefaultArgs>'. Did you mean 'wmsWarehouse'?
archive/warehouse_management/scripts/setup-amazon-fba-warehouse.ts(38,38): error TS2551: Property 'warehouse' does not exist on type 'PrismaClient<PrismaClientOptions, never, DefaultArgs>'. Did you mean 'wmsWarehouse'?
archive/warehouse_management/scripts/setup-amazon-fba-warehouse.ts(98,41): error TS2339: Property 'costRate' does not exist on type 'PrismaClient<PrismaClientOptions, never, DefaultArgs>'.
archive/warehouse_management/scripts/setup-amazon-fba-warehouse.ts(111,22): error TS2339: Property 'costRate' does not exist on type 'PrismaClient<PrismaClientOptions, never, DefaultArgs>'.
archive/warehouse_management/scripts/test-reconciliation-direct.ts(11,36): error TS2551: Property 'warehouse' does not exist on type 'PrismaClient<PrismaClientOptions, never, DefaultArgs>'. Did you mean 'wmsWarehouse'?
archive/warehouse_management/scripts/test-reconciliation-direct.ts(59,30): error TS2802: Type 'Set<CostCategory>' can only be iterated through when using the '--downlevelIteration' flag or with a '--target' of 'es2015' or higher.
archive/warehouse_management/scripts/test-reconciliation-direct.ts(75,41): error TS2339: Property 'invoice' does not exist on type 'PrismaClient<PrismaClientOptions, never, DefaultArgs>'.
archive/warehouse_management/scripts/test-reconciliation-direct.ts(93,28): error TS7006: Parameter 'invoice' implicitly has an 'any' type.
archive/warehouse_management/scripts/test-reconciliation-direct.ts(102,43): error TS2551: Property 'inventoryTransaction' does not exist on type 'PrismaClient<PrismaClientOptions, never, DefaultArgs>'. Did you mean 'wmsInventoryTransaction'?
archive/warehouse_management/scripts/test-reconciliation-direct.ts(115,39): error TS2551: Property 'storageLedger' does not exist on type 'PrismaClient<PrismaClientOptions, never, DefaultArgs>'. Did you mean 'wmsStorageLedger'?
archive/warehouse_management/scripts/test-reconciliation-direct.ts(130,36): error TS2339: Property 'costRate' does not exist on type 'PrismaClient<PrismaClientOptions, never, DefaultArgs>'.
archive/warehouse_management/scripts/test-reconciliation-direct.ts(152,37): error TS7006: Parameter 'rate' implicitly has an 'any' type.
archive/warehouse_management/scripts/test-reconciliation-workflow.ts(15,35): error TS2339: Property 'user' does not exist on type 'PrismaClient<PrismaClientOptions, never, DefaultArgs>'.
archive/warehouse_management/scripts/test-reconciliation-workflow.ts(28,36): error TS2551: Property 'warehouse' does not exist on type 'PrismaClient<PrismaClientOptions, never, DefaultArgs>'. Did you mean 'wmsWarehouse'?
archive/warehouse_management/scripts/test-reconciliation-workflow.ts(39,34): error TS2339: Property 'invoice' does not exist on type 'PrismaClient<PrismaClientOptions, never, DefaultArgs>'.
archive/warehouse_management/scripts/test-reconciliation-workflow.ts(171,39): error TS2339: Property 'invoice' does not exist on type 'PrismaClient<PrismaClientOptions, never, DefaultArgs>'.
archive/warehouse_management/scripts/test-reconciliation-workflow.ts(190,40): error TS7006: Parameter 'log' implicitly has an 'any' type.
archive/warehouse_management/scripts/update-storage-ledger-weekly.ts(43,37): error TS2551: Property 'warehouse' does not exist on type 'PrismaClient<PrismaClientOptions, never, DefaultArgs>'. Did you mean 'wmsWarehouse'?
archive/warehouse_management/scripts/update-storage-ledger-weekly.ts(58,32): error TS2339: Property 'costRate' does not exist on type 'PrismaClient<PrismaClientOptions, never, DefaultArgs>'.
archive/warehouse_management/scripts/update-storage-ledger-weekly.ts(77,41): error TS2551: Property 'inventoryTransaction' does not exist on type 'PrismaClient<PrismaClientOptions, never, DefaultArgs>'. Did you mean 'wmsInventoryTransaction'?
archive/warehouse_management/scripts/update-storage-ledger-weekly.ts(91,59): error TS7006: Parameter 't' implicitly has an 'any' type.
archive/warehouse_management/scripts/update-storage-ledger-weekly.ts(111,55): error TS2802: Type 'Map<string, { skuId: string; batchLot: string; sku: any; }>' can only be iterated through when using the '--downlevelIteration' flag or with a '--target' of 'es2015' or higher.
archive/warehouse_management/scripts/update-storage-ledger-weekly.ts(112,69): error TS7006: Parameter 't' implicitly has an 'any' type.
archive/warehouse_management/scripts/update-storage-ledger-weekly.ts(125,42): error TS2551: Property 'inventoryBalance' does not exist on type 'PrismaClient<PrismaClientOptions, never, DefaultArgs>'. Did you mean 'wmsInventoryBalance'?
archive/warehouse_management/scripts/update-storage-ledger-weekly.ts(138,52): error TS2551: Property 'warehouseSkuConfig' does not exist on type 'PrismaClient<PrismaClientOptions, never, DefaultArgs>'. Did you mean 'wmsWarehouseSkuConfig'?
archive/warehouse_management/scripts/update-storage-ledger-weekly.ts(159,47): error TS7006: Parameter 'r' implicitly has an 'any' type.
archive/warehouse_management/scripts/update-storage-ledger-weekly.ts(181,45): error TS2551: Property 'storageLedger' does not exist on type 'PrismaClient<PrismaClientOptions, never, DefaultArgs>'. Did you mean 'wmsStorageLedger'?
archive/warehouse_management/scripts/update-storage-ledger-weekly.ts(187,30): error TS2551: Property 'storageLedger' does not exist on type 'PrismaClient<PrismaClientOptions, never, DefaultArgs>'. Did you mean 'wmsStorageLedger'?
archive/warehouse_management/scripts/update-storage-ledger-weekly.ts(199,30): error TS2551: Property 'storageLedger' does not exist on type 'PrismaClient<PrismaClientOptions, never, DefaultArgs>'. Did you mean 'wmsStorageLedger'?
archive/warehouse_management/scripts/update-warehouse-addresses.ts(10,36): error TS2551: Property 'warehouse' does not exist on type 'PrismaClient<PrismaClientOptions, never, DefaultArgs>'. Did you mean 'wmsWarehouse'?
archive/warehouse_management/scripts/update-warehouse-addresses.ts(19,40): error TS2551: Property 'warehouse' does not exist on type 'PrismaClient<PrismaClientOptions, never, DefaultArgs>'. Did you mean 'wmsWarehouse'?
archive/warehouse_management/scripts/update-warehouse-addresses.ts(30,33): error TS2551: Property 'warehouse' does not exist on type 'PrismaClient<PrismaClientOptions, never, DefaultArgs>'. Did you mean 'wmsWarehouse'?
archive/warehouse_management/scripts/update-warehouse-addresses.ts(42,40): error TS2551: Property 'warehouse' does not exist on type 'PrismaClient<PrismaClientOptions, never, DefaultArgs>'. Did you mean 'wmsWarehouse'?
archive/warehouse_management/scripts/update-warehouse-addresses.ts(46,27): error TS7006: Parameter 'w' implicitly has an 'any' type.
archive/warehouse_management/scripts/update-warehouse-coordinates.ts(29,36): error TS2551: Property 'warehouse' does not exist on type 'PrismaClient<PrismaClientOptions, never, DefaultArgs>'. Did you mean 'wmsWarehouse'?
archive/warehouse_management/scripts/update-warehouse-coordinates.ts(41,40): error TS2551: Property 'warehouse' does not exist on type 'PrismaClient<PrismaClientOptions, never, DefaultArgs>'. Did you mean 'wmsWarehouse'?
archive/warehouse_management/scripts/update-warehouse-coordinates.ts(45,27): error TS7006: Parameter 'w' implicitly has an 'any' type.
archive/warehouse_management/scripts/verify-amazon-exclusion.ts(10,42): error TS2551: Property 'warehouse' does not exist on type 'PrismaClient<PrismaClientOptions, never, DefaultArgs>'. Did you mean 'wmsWarehouse'?
archive/warehouse_management/scripts/verify-amazon-exclusion.ts(31,41): error TS2551: Property 'inventoryBalance' does not exist on type 'PrismaClient<PrismaClientOptions, never, DefaultArgs>'. Did you mean 'wmsInventoryBalance'?
archive/warehouse_management/scripts/verify-amazon-exclusion.ts(38,55): error TS7006: Parameter 'sum' implicitly has an 'any' type.
archive/warehouse_management/scripts/verify-amazon-exclusion.ts(38,60): error TS7006: Parameter 'b' implicitly has an 'any' type.
archive/warehouse_management/scripts/verify-amazon-exclusion.ts(45,40): error TS2551: Property 'warehouse' does not exist on type 'PrismaClient<PrismaClientOptions, never, DefaultArgs>'. Did you mean 'wmsWarehouse'?
archive/warehouse_management/scripts/verify-amazon-exclusion.ts(49,27): error TS7006: Parameter 'w' implicitly has an 'any' type.
archive/warehouse_management/scripts/verify-amazon-exclusion.ts(52,46): error TS2551: Property 'warehouse' does not exist on type 'PrismaClient<PrismaClientOptions, never, DefaultArgs>'. Did you mean 'wmsWarehouse'?
archive/warehouse_management/scripts/verify-amazon-exclusion.ts(64,33): error TS7006: Parameter 'w' implicitly has an 'any' type.
archive/warehouse_management/scripts/verify-amazon-exclusion.ts(69,38): error TS2551: Property 'inventoryBalance' does not exist on type 'PrismaClient<PrismaClientOptions, never, DefaultArgs>'. Did you mean 'wmsInventoryBalance'?
archive/warehouse_management/scripts/verify-amazon-exclusion.ts(74,44): error TS2551: Property 'inventoryBalance' does not exist on type 'PrismaClient<PrismaClientOptions, never, DefaultArgs>'. Did you mean 'wmsInventoryBalance'?
archive/warehouse_management/scripts/verify-amazon-exclusion.ts(93,42): error TS2551: Property 'calculatedCost' does not exist on type 'PrismaClient<PrismaClientOptions, never, DefaultArgs>'. Did you mean 'wmsCalculatedCost'?
archive/warehouse_management/scripts/verify-amazon-exclusion.ts(98,45): error TS2551: Property 'calculatedCost' does not exist on type 'PrismaClient<PrismaClientOptions, never, DefaultArgs>'. Did you mean 'wmsCalculatedCost'?
archive/warehouse_management/src/app/admin/dashboard/page.tsx(34,33): error TS2307: Cannot find module '@/components/layout/dashboard-layout' or its corresponding type declarations.
archive/warehouse_management/src/app/admin/dashboard/page.tsx(35,28): error TS2307: Cannot find module '@/components/ui/page-header' or its corresponding type declarations.
archive/warehouse_management/src/app/admin/dashboard/page.tsx(770,36): error TS2339: Property 'info' does not exist on type '{ (message: Message, opts?: Partial<Pick<Toast, "id" | "style" | "className" | "icon" | "duration" | "ariaProps" | "position" | "iconTheme" | "removeDelay">> | undefined): string; ... 6 more ...; promise<T>(promise: Promise<...> | (() => Promise<...>), msgs: { ...; }, opts?: DefaultToastOptions | undefined): Promise...'.
archive/warehouse_management/src/app/admin/dashboard/page.tsx(776,36): error TS2339: Property 'info' does not exist on type '{ (message: Message, opts?: Partial<Pick<Toast, "id" | "style" | "className" | "icon" | "duration" | "ariaProps" | "position" | "iconTheme" | "removeDelay">> | undefined): string; ... 6 more ...; promise<T>(promise: Promise<...> | (() => Promise<...>), msgs: { ...; }, opts?: DefaultToastOptions | undefined): Promise...'.
archive/warehouse_management/src/app/admin/dashboard/page.tsx(788,36): error TS2339: Property 'info' does not exist on type '{ (message: Message, opts?: Partial<Pick<Toast, "id" | "style" | "className" | "icon" | "duration" | "ariaProps" | "position" | "iconTheme" | "removeDelay">> | undefined): string; ... 6 more ...; promise<T>(promise: Promise<...> | (() => Promise<...>), msgs: { ...; }, opts?: DefaultToastOptions | undefined): Promise...'.
archive/warehouse_management/src/app/admin/import-excel/page.tsx(15,33): error TS2307: Cannot find module '@/components/layout/dashboard-layout' or its corresponding type declarations.
archive/warehouse_management/src/app/admin/import-excel/page.tsx(16,28): error TS2307: Cannot find module '@/components/ui/page-header' or its corresponding type declarations.
archive/warehouse_management/src/app/admin/inventory/client-page.tsx(6,30): error TS2307: Cannot find module '@/components/common/export-button' or its corresponding type declarations.
archive/warehouse_management/src/app/admin/inventory/new/page.tsx(6,33): error TS2307: Cannot find module '@/components/layout/dashboard-layout' or its corresponding type declarations.
archive/warehouse_management/src/app/admin/inventory/page.tsx(4,33): error TS2307: Cannot find module '@/components/layout/dashboard-layout' or its corresponding type declarations.
archive/warehouse_management/src/app/admin/inventory/page.tsx(16,42): error TS2551: Property 'inventoryBalance' does not exist on type 'PrismaClient<PrismaClientOptions, never, DefaultArgs>'. Did you mean 'wmsInventoryBalance'?
archive/warehouse_management/src/app/admin/inventory/page.tsx(28,34): error TS2339: Property 'sku' does not exist on type 'PrismaClient<PrismaClientOptions, never, DefaultArgs>'.
archive/warehouse_management/src/app/admin/inventory/page.tsx(29,37): error TS2551: Property 'inventoryBalance' does not exist on type 'PrismaClient<PrismaClientOptions, never, DefaultArgs>'. Did you mean 'wmsInventoryBalance'?
archive/warehouse_management/src/app/admin/inventory/page.tsx(32,37): error TS2551: Property 'inventoryBalance' does not exist on type 'PrismaClient<PrismaClientOptions, never, DefaultArgs>'. Did you mean 'wmsInventoryBalance'?
archive/warehouse_management/src/app/admin/inventory/page.tsx(35,38): error TS2551: Property 'inventoryBalance' does not exist on type 'PrismaClient<PrismaClientOptions, never, DefaultArgs>'. Did you mean 'wmsInventoryBalance'?
archive/warehouse_management/src/app/admin/inventory/page.tsx(40,43): error TS2551: Property 'inventoryTransaction' does not exist on type 'PrismaClient<PrismaClientOptions, never, DefaultArgs>'. Did you mean 'wmsInventoryTransaction'?
archive/warehouse_management/src/app/admin/inventory/page.tsx(51,47): error TS7006: Parameter 'balance' implicitly has an 'any' type.
archive/warehouse_management/src/app/admin/inventory/page.tsx(69,50): error TS7006: Parameter 'tx' implicitly has an 'any' type.
archive/warehouse_management/src/app/admin/invoices/page.tsx(6,33): error TS2307: Cannot find module '@/components/layout/dashboard-layout' or its corresponding type declarations.
archive/warehouse_management/src/app/admin/reports/page.tsx(5,33): error TS2307: Cannot find module '@/components/layout/dashboard-layout' or its corresponding type declarations.
archive/warehouse_management/src/app/admin/reports/page.tsx(22,12): error TS2551: Property 'storageLedger' does not exist on type 'PrismaClient<PrismaClientOptions, never, DefaultArgs>'. Did you mean 'wmsStorageLedger'?
archive/warehouse_management/src/app/admin/reports/page.tsx(34,12): error TS2551: Property 'inventoryTransaction' does not exist on type 'PrismaClient<PrismaClientOptions, never, DefaultArgs>'. Did you mean 'wmsInventoryTransaction'?
archive/warehouse_management/src/app/admin/reports/page.tsx(43,12): error TS2339: Property 'invoice' does not exist on type 'PrismaClient<PrismaClientOptions, never, DefaultArgs>'.
archive/warehouse_management/src/app/admin/settings/database/page.tsx(5,33): error TS2307: Cannot find module '@/components/layout/dashboard-layout' or its corresponding type declarations.
archive/warehouse_management/src/app/admin/settings/general/page.tsx(5,33): error TS2307: Cannot find module '@/components/layout/dashboard-layout' or its corresponding type declarations.
archive/warehouse_management/src/app/admin/settings/notifications/page.tsx(5,33): error TS2307: Cannot find module '@/components/layout/dashboard-layout' or its corresponding type declarations.
archive/warehouse_management/src/app/admin/settings/page.tsx(21,33): error TS2307: Cannot find module '@/components/layout/dashboard-layout' or its corresponding type declarations.
archive/warehouse_management/src/app/admin/settings/page.tsx(22,41): error TS2307: Cannot find module '@/components/ui/page-header' or its corresponding type declarations.
archive/warehouse_management/src/app/admin/settings/security/page.tsx(5,33): error TS2307: Cannot find module '@/components/layout/dashboard-layout' or its corresponding type declarations.
archive/warehouse_management/src/app/admin/users/page.tsx(6,33): error TS2307: Cannot find module '@/components/layout/dashboard-layout' or its corresponding type declarations.
archive/warehouse_management/src/app/analytics/page.tsx(5,33): error TS2307: Cannot find module '@/components/layout/dashboard-layout' or its corresponding type declarations.
archive/warehouse_management/src/app/analytics/page.tsx(7,30): error TS2307: Cannot find module '@/components/common/export-button' or its corresponding type declarations.
archive/warehouse_management/src/app/analytics/page.tsx(22,42): error TS2551: Property 'inventoryTransaction' does not exist on type 'PrismaClient<PrismaClientOptions, never, DefaultArgs>'. Did you mean 'wmsInventoryTransaction'?
archive/warehouse_management/src/app/analytics/page.tsx(23,40): error TS2551: Property 'warehouse' does not exist on type 'PrismaClient<PrismaClientOptions, never, DefaultArgs>'. Did you mean 'wmsWarehouse'?
archive/warehouse_management/src/app/analytics/page.tsx(24,36): error TS2339: Property 'user' does not exist on type 'PrismaClient<PrismaClientOptions, never, DefaultArgs>'.
archive/warehouse_management/src/app/analytics/page.tsx(26,39): error TS2551: Property 'inventoryBalance' does not exist on type 'PrismaClient<PrismaClientOptions, never, DefaultArgs>'. Did you mean 'wmsInventoryBalance'?
archive/warehouse_management/src/app/analytics/page.tsx(31,32): error TS2551: Property 'inventoryBalance' does not exist on type 'PrismaClient<PrismaClientOptions, never, DefaultArgs>'. Did you mean 'wmsInventoryBalance'?
archive/warehouse_management/src/app/analytics/page.tsx(38,29): error TS2339: Property 'sku' does not exist on type 'PrismaClient<PrismaClientOptions, never, DefaultArgs>'.
archive/warehouse_management/src/app/analytics/page.tsx(39,36): error TS7006: Parameter 's' implicitly has an 'any' type.
archive/warehouse_management/src/app/analytics/page.tsx(42,35): error TS7006: Parameter 's' implicitly has an 'any' type.
archive/warehouse_management/src/app/analytics/page.tsx(119,29): error TS7006: Parameter 'item' implicitly has an 'any' type.
archive/warehouse_management/src/app/analytics/page.tsx(119,35): error TS7006: Parameter 'index' implicitly has an 'any' type.
archive/warehouse_management/src/app/analytics/page.tsx(129,58): error TS2339: Property 'skuCode' does not exist on type '{}'.
archive/warehouse_management/src/app/analytics/page.tsx(130,68): error TS2339: Property 'description' does not exist on type '{}'.
archive/warehouse_management/src/app/api/admin/dashboard/route.ts(4,8): error TS2613: Module '"/home/runner/work/ecom_os/ecom_os/lib/prisma"' has no default export. Did you mean to use 'import { prisma } from "/home/runner/work/ecom_os/ecom_os/lib/prisma"' instead?
archive/warehouse_management/src/app/api/admin/dashboard/route.ts(198,33): error TS7006: Parameter 'row' implicitly has an 'any' type.
archive/warehouse_management/src/app/api/admin/dashboard/route.ts(249,30): error TS7006: Parameter 'tx' implicitly has an 'any' type.
archive/warehouse_management/src/app/api/admin/dashboard/route.ts(256,9): error TS2322: Type '{ date: string; inventory: number; }[]' is not assignable to type 'never[]'.
  Type '{ date: string; inventory: number; }' is not assignable to type 'never'.
archive/warehouse_management/src/app/api/admin/dashboard/route.ts(274,9): error TS2322: Type '{ date: string; inventory: any; }[]' is not assignable to type 'never[]'.
  Type '{ date: string; inventory: any; }' is not assignable to type 'never'.
archive/warehouse_management/src/app/api/admin/dashboard/route.ts(313,38): error TS7006: Parameter 'entry' implicitly has an 'any' type.
archive/warehouse_management/src/app/api/admin/dashboard/route.ts(326,9): error TS2322: Type '{ date: string; cost: number; }[]' is not assignable to type 'never[]'.
  Type '{ date: string; cost: number; }' is not assignable to type 'never'.
archive/warehouse_management/src/app/api/admin/dashboard/route.ts(349,31): error TS7006: Parameter 'warehouse' implicitly has an 'any' type.
archive/warehouse_management/src/app/api/admin/dashboard/route.ts(364,80): error TS2339: Property 'value' does not exist on type 'never'.
archive/warehouse_management/src/app/api/admin/dashboard/route.ts(365,7): error TS2322: Type 'any[]' is not assignable to type 'never[]'.
  Type 'any' is not assignable to type 'never'.
archive/warehouse_management/src/app/api/admin/dashboard/route.ts(366,9): error TS2698: Spread types may only be created from object types.
archive/warehouse_management/src/app/api/admin/dashboard/route.ts(367,47): error TS2339: Property 'value' does not exist on type 'never'.
archive/warehouse_management/src/app/api/admin/dashboard/route.ts(389,55): error TS7006: Parameter 'tx' implicitly has an 'any' type.
archive/warehouse_management/src/app/api/admin/import-excel/route.ts(78,20): error TS2339: Property 'sku' does not exist on type 'PrismaClient<PrismaClientOptions, never, DefaultArgs>'.
archive/warehouse_management/src/app/api/admin/import-excel/route.ts(124,35): error TS2551: Property 'warehouse' does not exist on type 'PrismaClient<PrismaClientOptions, never, DefaultArgs>'. Did you mean 'wmsWarehouse'?
archive/warehouse_management/src/app/api/admin/import-excel/route.ts(125,47): error TS7006: Parameter 'w' implicitly has an 'any' type.
archive/warehouse_management/src/app/api/admin/import-excel/route.ts(140,32): error TS2339: Property 'sku' does not exist on type 'PrismaClient<PrismaClientOptions, never, DefaultArgs>'.
archive/warehouse_management/src/app/api/admin/import-excel/route.ts(153,20): error TS2551: Property 'warehouseSkuConfig' does not exist on type 'PrismaClient<PrismaClientOptions, never, DefaultArgs>'. Did you mean 'wmsWarehouseSkuConfig'?
archive/warehouse_management/src/app/api/admin/import-excel/route.ts(155,34): error TS2339: Property 'id' does not exist on type '{}'.
archive/warehouse_management/src/app/api/admin/import-excel/route.ts(186,35): error TS2551: Property 'warehouse' does not exist on type 'PrismaClient<PrismaClientOptions, never, DefaultArgs>'. Did you mean 'wmsWarehouse'?
archive/warehouse_management/src/app/api/admin/import-excel/route.ts(187,47): error TS7006: Parameter 'w' implicitly has an 'any' type.
archive/warehouse_management/src/app/api/admin/import-excel/route.ts(218,20): error TS2339: Property 'costRate' does not exist on type 'PrismaClient<PrismaClientOptions, never, DefaultArgs>'.
archive/warehouse_management/src/app/api/admin/import-excel/route.ts(220,34): error TS2339: Property 'id' does not exist on type '{}'.
archive/warehouse_management/src/app/api/admin/import-excel/route.ts(251,35): error TS2551: Property 'warehouse' does not exist on type 'PrismaClient<PrismaClientOptions, never, DefaultArgs>'. Did you mean 'wmsWarehouse'?
archive/warehouse_management/src/app/api/admin/import-excel/route.ts(252,47): error TS7006: Parameter 'w' implicitly has an 'any' type.
archive/warehouse_management/src/app/api/admin/import-excel/route.ts(254,29): error TS2339: Property 'sku' does not exist on type 'PrismaClient<PrismaClientOptions, never, DefaultArgs>'.
archive/warehouse_management/src/app/api/admin/import-excel/route.ts(255,35): error TS7006: Parameter 's' implicitly has an 'any' type.
archive/warehouse_management/src/app/api/admin/import-excel/route.ts(285,37): error TS2551: Property 'inventoryTransaction' does not exist on type 'PrismaClient<PrismaClientOptions, never, DefaultArgs>'. Did you mean 'wmsInventoryTransaction'?
archive/warehouse_management/src/app/api/admin/import-excel/route.ts(294,20): error TS2551: Property 'inventoryTransaction' does not exist on type 'PrismaClient<PrismaClientOptions, never, DefaultArgs>'. Did you mean 'wmsInventoryTransaction'?
archive/warehouse_management/src/app/api/admin/import-excel/route.ts(297,34): error TS2339: Property 'id' does not exist on type '{}'.
archive/warehouse_management/src/app/api/admin/import-excel/route.ts(298,22): error TS2339: Property 'id' does not exist on type '{}'.
archive/warehouse_management/src/app/api/amazon/inventory-comparison/route.ts(4,8): error TS2613: Module '"/home/runner/work/ecom_os/ecom_os/lib/prisma"' has no default export. Did you mean to use 'import { prisma } from "/home/runner/work/ecom_os/ecom_os/lib/prisma"' instead?
archive/warehouse_management/src/app/api/amazon/inventory-comparison/route.ts(32,62): error TS7006: Parameter 'w' implicitly has an 'any' type.
archive/warehouse_management/src/app/api/amazon/inventory-comparison/route.ts(76,36): error TS7006: Parameter 'sku' implicitly has an 'any' type.
archive/warehouse_management/src/app/api/amazon/inventory-comparison/route.ts(78,52): error TS7006: Parameter 'balance' implicitly has an 'any' type.
archive/warehouse_management/src/app/api/amazon/inventory-comparison/route.ts(81,52): error TS7006: Parameter 'sum' implicitly has an 'any' type.
archive/warehouse_management/src/app/api/amazon/inventory-comparison/route.ts(81,57): error TS7006: Parameter 'balance' implicitly has an 'any' type.
archive/warehouse_management/src/app/api/amazon/inventory-comparison/route.ts(103,49): error TS7006: Parameter 'a' implicitly has an 'any' type.
archive/warehouse_management/src/app/api/amazon/inventory-comparison/route.ts(103,52): error TS7006: Parameter 'b' implicitly has an 'any' type.
archive/warehouse_management/src/app/api/amazon/setup-warehouse/route.ts(4,8): error TS2613: Module '"/home/runner/work/ecom_os/ecom_os/lib/prisma"' has no default export. Did you mean to use 'import { prisma } from "/home/runner/work/ecom_os/ecom_os/lib/prisma"' instead?
archive/warehouse_management/src/app/api/amazon/sync-to-database/route.ts(4,8): error TS2613: Module '"/home/runner/work/ecom_os/ecom_os/lib/prisma"' has no default export. Did you mean to use 'import { prisma } from "/home/runner/work/ecom_os/ecom_os/lib/prisma"' instead?
archive/warehouse_management/src/app/api/amazon/sync/route.ts(5,46): error TS2307: Cannot find module '@/lib/amazon/client' or its corresponding type declarations.
archive/warehouse_management/src/app/api/amazon/sync/route.ts(69,32): error TS2339: Property 'sku' does not exist on type 'PrismaClient<PrismaClientOptions, never, DefaultArgs>'.
archive/warehouse_management/src/app/api/amazon/sync/route.ts(89,22): error TS2339: Property 'sku' does not exist on type 'PrismaClient<PrismaClientOptions, never, DefaultArgs>'.
archive/warehouse_management/src/app/api/amazon/sync/route.ts(121,31): error TS2339: Property 'sku' does not exist on type 'PrismaClient<PrismaClientOptions, never, DefaultArgs>'.
archive/warehouse_management/src/app/api/amazon/sync/route.ts(159,26): error TS2339: Property 'sku' does not exist on type 'PrismaClient<PrismaClientOptions, never, DefaultArgs>'.
archive/warehouse_management/src/app/api/dashboard/stats/route.ts(4,8): error TS2613: Module '"/home/runner/work/ecom_os/ecom_os/lib/prisma"' has no default export. Did you mean to use 'import { prisma } from "/home/runner/work/ecom_os/ecom_os/lib/prisma"' instead?
archive/warehouse_management/src/app/api/export/inventory/route.ts(4,8): error TS2613: Module '"/home/runner/work/ecom_os/ecom_os/lib/prisma"' has no default export. Did you mean to use 'import { prisma } from "/home/runner/work/ecom_os/ecom_os/lib/prisma"' instead?
archive/warehouse_management/src/app/api/export/inventory/route.ts(34,46): error TS7006: Parameter 'item' implicitly has an 'any' type.
archive/warehouse_management/src/app/api/export/ledger/route.ts(73,39): error TS2551: Property 'inventoryTransaction' does not exist on type 'PrismaClient<PrismaClientOptions, never, DefaultArgs>'. Did you mean 'wmsInventoryTransaction'?
archive/warehouse_management/src/app/api/export/ledger/route.ts(94,41): error TS7006: Parameter 't' implicitly has an 'any' type.
archive/warehouse_management/src/app/api/export/missing-attributes/route.ts(20,39): error TS2551: Property 'inventoryTransaction' does not exist on type 'PrismaClient<PrismaClientOptions, never, DefaultArgs>'. Did you mean 'wmsInventoryTransaction'?
archive/warehouse_management/src/app/api/export/missing-attributes/route.ts(31,42): error TS7006: Parameter 'transaction' implicitly has an 'any' type.
archive/warehouse_management/src/app/api/export/missing-attributes/route.ts(63,15): error TS7006: Parameter 't' implicitly has an 'any' type.
archive/warehouse_management/src/app/api/export/missing-attributes/route.ts(96,25): error TS7006: Parameter 'row' implicitly has an 'any' type.
archive/warehouse_management/src/app/api/export/route.ts(4,8): error TS2613: Module '"/home/runner/work/ecom_os/ecom_os/lib/prisma"' has no default export. Did you mean to use 'import { prisma } from "/home/runner/work/ecom_os/ecom_os/lib/prisma"' instead?
archive/warehouse_management/src/app/api/export/route.ts(98,36): error TS7006: Parameter 'inv' implicitly has an 'any' type.
archive/warehouse_management/src/app/api/export/route.ts(109,43): error TS7006: Parameter 'r' implicitly has an 'any' type.
archive/warehouse_management/src/app/api/export/route.ts(110,46): error TS7006: Parameter 'r' implicitly has an 'any' type.
archive/warehouse_management/src/app/api/export/route.ts(111,47): error TS7006: Parameter 'r' implicitly has an 'any' type.
archive/warehouse_management/src/app/api/export/route.ts(112,53): error TS7006: Parameter 'sum' implicitly has an 'any' type.
archive/warehouse_management/src/app/api/export/route.ts(112,58): error TS7006: Parameter 'r' implicitly has an 'any' type.
archive/warehouse_management/src/app/api/export/route.ts(119,41): error TS7006: Parameter 'inv' implicitly has an 'any' type.
archive/warehouse_management/src/app/api/export/route.ts(120,23): error TS7006: Parameter 'item' implicitly has an 'any' type.
archive/warehouse_management/src/app/api/export/route.ts(158,39): error TS7006: Parameter 'inv' implicitly has an 'any' type.
archive/warehouse_management/src/app/api/export/route.ts(205,44): error TS7006: Parameter 'tx' implicitly has an 'any' type.
archive/warehouse_management/src/app/api/export/route.ts(261,50): error TS7006: Parameter 'rec' implicitly has an 'any' type.
archive/warehouse_management/src/app/api/export/route.ts(305,40): error TS7006: Parameter 'cost' implicitly has an 'any' type.
archive/warehouse_management/src/app/api/export/route.ts(343,34): error TS7006: Parameter 'rate' implicitly has an 'any' type.
archive/warehouse_management/src/app/api/finance/calculated-costs/route.ts(9,8): error TS2307: Cannot find module '@/lib/calculations/cost-aggregation' or its corresponding type declarations.
archive/warehouse_management/src/app/api/finance/calculated-costs/route.ts(64,63): error TS18046: 'cost' is of type 'unknown'.
archive/warehouse_management/src/app/api/finance/calculated-costs/route.ts(77,36): error TS7006: Parameter 'sum' implicitly has an 'any' type.
archive/warehouse_management/src/app/api/finance/calculated-costs/route.ts(77,41): error TS7006: Parameter 'cost' implicitly has an 'any' type.
archive/warehouse_management/src/app/api/finance/cost-ledger/route.ts(28,39): error TS2551: Property 'transaction' does not exist on type 'PrismaClient<PrismaClientOptions, never, DefaultArgs>'. Did you mean '$transaction'?
archive/warehouse_management/src/app/api/finance/cost-ledger/route.ts(51,40): error TS2551: Property 'storageLedger' does not exist on type 'PrismaClient<PrismaClientOptions, never, DefaultArgs>'. Did you mean 'wmsStorageLedger'?
archive/warehouse_management/src/app/api/finance/dashboard/route.ts(4,8): error TS2613: Module '"/home/runner/work/ecom_os/ecom_os/lib/prisma"' has no default export. Did you mean to use 'import { prisma } from "/home/runner/work/ecom_os/ecom_os/lib/prisma"' instead?
archive/warehouse_management/src/app/api/finance/dashboard/route.ts(9,8): error TS2307: Cannot find module '@/lib/calculations/cost-aggregation' or its corresponding type declarations.
archive/warehouse_management/src/app/api/finance/dashboard/route.ts(75,44): error TS7006: Parameter 's' implicitly has an 'any' type.
archive/warehouse_management/src/app/api/finance/dashboard/route.ts(76,47): error TS7006: Parameter 's' implicitly has an 'any' type.
archive/warehouse_management/src/app/api/finance/dashboard/route.ts(77,48): error TS7006: Parameter 's' implicitly has an 'any' type.
archive/warehouse_management/src/app/api/finance/dashboard/route.ts(96,51): error TS7006: Parameter 'sum' implicitly has an 'any' type.
archive/warehouse_management/src/app/api/finance/dashboard/route.ts(96,56): error TS7006: Parameter 'inv' implicitly has an 'any' type.
archive/warehouse_management/src/app/api/finance/dashboard/route.ts(147,29): error TS7006: Parameter 'invoice' implicitly has an 'any' type.
archive/warehouse_management/src/app/api/finance/dashboard/route.ts(161,29): error TS7006: Parameter 'dispute' implicitly has an 'any' type.
archive/warehouse_management/src/app/api/finance/dashboard/route.ts(186,42): error TS7006: Parameter 's' implicitly has an 'any' type.
archive/warehouse_management/src/app/api/finance/dashboard/route.ts(187,45): error TS7006: Parameter 's' implicitly has an 'any' type.
archive/warehouse_management/src/app/api/finance/dashboard/route.ts(188,46): error TS7006: Parameter 's' implicitly has an 'any' type.
archive/warehouse_management/src/app/api/finance/export/cost-ledger/route.ts(27,11): error TS2451: Cannot redeclare block-scoped variable 'response'.
archive/warehouse_management/src/app/api/finance/export/cost-ledger/route.ts(146,11): error TS2451: Cannot redeclare block-scoped variable 'response'.
archive/warehouse_management/src/app/api/finance/export/storage-ledger/route.ts(47,39): error TS2551: Property 'inventoryTransaction' does not exist on type 'PrismaClient<PrismaClientOptions, never, DefaultArgs>'. Did you mean 'wmsInventoryTransaction'?
archive/warehouse_management/src/app/api/finance/export/storage-ledger/route.ts(59,37): error TS2551: Property 'warehouse' does not exist on type 'PrismaClient<PrismaClientOptions, never, DefaultArgs>'. Did you mean 'wmsWarehouse'?
archive/warehouse_management/src/app/api/finance/export/storage-ledger/route.ts(76,32): error TS2339: Property 'costRate' does not exist on type 'PrismaClient<PrismaClientOptions, never, DefaultArgs>'.
archive/warehouse_management/src/app/api/finance/export/storage-ledger/route.ts(293,53): error TS2802: Type 'Map<string, { skuId: string; batchLot: string; sku: any; }>' can only be iterated through when using the '--downlevelIteration' flag or with a '--target' of 'es2015' or higher.
archive/warehouse_management/src/app/api/finance/export/storage-ledger/route.ts(308,40): error TS2551: Property 'inventoryBalance' does not exist on type 'PrismaClient<PrismaClientOptions, never, DefaultArgs>'. Did you mean 'wmsInventoryBalance'?
archive/warehouse_management/src/app/api/finance/export/storage-ledger/route.ts(323,50): error TS2551: Property 'warehouseSkuConfig' does not exist on type 'PrismaClient<PrismaClientOptions, never, DefaultArgs>'. Did you mean 'wmsWarehouseSkuConfig'?
archive/warehouse_management/src/app/api/finance/reports/route.ts(4,36): error TS2307: Cannot find module '@/lib/auth-utils' or its corresponding type declarations.
archive/warehouse_management/src/app/api/finance/reports/route.ts(5,23): error TS2307: Cannot find module '@/lib/financial-utils' or its corresponding type declarations.
archive/warehouse_management/src/app/api/finance/reports/route.ts(6,8): error TS2613: Module '"/home/runner/work/ecom_os/ecom_os/lib/prisma"' has no default export. Did you mean to use 'import { prisma } from "/home/runner/work/ecom_os/ecom_os/lib/prisma"' instead?
archive/warehouse_management/src/app/api/finance/reports/route.ts(252,36): error TS7006: Parameter 'recon' implicitly has an 'any' type.
archive/warehouse_management/src/app/api/finance/reports/route.ts(278,36): error TS2802: Type 'Map<string, { expected: number; invoiced: number; count: number; }>' can only be iterated through when using the '--downlevelIteration' flag or with a '--target' of 'es2015' or higher.
archive/warehouse_management/src/app/api/finance/reports/route.ts(321,23): error TS7006: Parameter 'invoice' implicitly has an 'any' type.
archive/warehouse_management/src/app/api/finance/reports/route.ts(407,40): error TS2802: Type 'Map<string, any>' can only be iterated through when using the '--downlevelIteration' flag or with a '--target' of 'es2015' or higher.
archive/warehouse_management/src/app/api/finance/reports/route.ts(466,8): error TS7006: Parameter 'sum' implicitly has an 'any' type.
archive/warehouse_management/src/app/api/finance/reports/route.ts(466,13): error TS7006: Parameter 'r' implicitly has an 'any' type.
archive/warehouse_management/src/app/api/finance/reports/route.ts(479,14): error TS7006: Parameter 'r' implicitly has an 'any' type.
archive/warehouse_management/src/app/api/finance/reports/route.ts(515,29): error TS7006: Parameter 'invoice' implicitly has an 'any' type.
archive/warehouse_management/src/app/api/finance/reports/route.ts(526,5): error TS7053: Element implicitly has an 'any' type because expression of type 'string' can't be used to index type '{ current: { count: number; amount: number; }; '1-30': { count: number; amount: number; }; '31-60': { count: number; amount: number; }; '61-90': { count: number; amount: number; }; '90+': { count: number; amount: number; }; }'.
  No index signature with a parameter of type 'string' was found on type '{ current: { count: number; amount: number; }; '1-30': { count: number; amount: number; }; '31-60': { count: number; amount: number; }; '61-90': { count: number; amount: number; }; '90+': { count: number; amount: number; }; }'.
archive/warehouse_management/src/app/api/finance/reports/route.ts(527,5): error TS7053: Element implicitly has an 'any' type because expression of type 'string' can't be used to index type '{ current: { count: number; amount: number; }; '1-30': { count: number; amount: number; }; '31-60': { count: number; amount: number; }; '61-90': { count: number; amount: number; }; '90+': { count: number; amount: number; }; }'.
  No index signature with a parameter of type 'string' was found on type '{ current: { count: number; amount: number; }; '1-30': { count: number; amount: number; }; '31-60': { count: number; amount: number; }; '61-90': { count: number; amount: number; }; '90+': { count: number; amount: number; }; }'.
archive/warehouse_management/src/app/api/finance/reports/route.ts(562,55): error TS7006: Parameter 'sum' implicitly has an 'any' type.
archive/warehouse_management/src/app/api/finance/reports/route.ts(562,60): error TS7006: Parameter 'inv' implicitly has an 'any' type.
archive/warehouse_management/src/app/api/finance/reports/route.ts(609,40): error TS2802: Type 'Map<string, Map<string, number>>' can only be iterated through when using the '--downlevelIteration' flag or with a '--target' of 'es2015' or higher.
archive/warehouse_management/src/app/api/finance/reports/route.ts(618,63): error TS7006: Parameter 'i' implicitly has an 'any' type.
archive/warehouse_management/src/app/api/finance/reports/route.ts(669,25): error TS7006: Parameter 'warehouse' implicitly has an 'any' type.
archive/warehouse_management/src/app/api/finance/reports/route.ts(671,44): error TS7006: Parameter 'sum' implicitly has an 'any' type.
archive/warehouse_management/src/app/api/finance/reports/route.ts(671,49): error TS7006: Parameter 'inv' implicitly has an 'any' type.
archive/warehouse_management/src/app/api/finance/reports/route.ts(672,44): error TS7006: Parameter 'sum' implicitly has an 'any' type.
archive/warehouse_management/src/app/api/finance/reports/route.ts(672,49): error TS7006: Parameter 'inv' implicitly has an 'any' type.
archive/warehouse_management/src/app/api/finance/reports/route.ts(673,41): error TS7006: Parameter 's' implicitly has an 'any' type.
archive/warehouse_management/src/app/api/finance/reports/route.ts(673,44): error TS7006: Parameter 'r' implicitly has an 'any' type.
archive/warehouse_management/src/app/api/finance/reports/route.ts(675,43): error TS7006: Parameter 'sum' implicitly has an 'any' type.
archive/warehouse_management/src/app/api/finance/reports/route.ts(675,48): error TS7006: Parameter 'inv' implicitly has an 'any' type.
archive/warehouse_management/src/app/api/finance/reports/route.ts(676,40): error TS7006: Parameter 'r' implicitly has an 'any' type.
archive/warehouse_management/src/app/api/finance/reports/route.ts(678,41): error TS7006: Parameter 'sum' implicitly has an 'any' type.
archive/warehouse_management/src/app/api/finance/reports/route.ts(678,46): error TS7006: Parameter 'inv' implicitly has an 'any' type.
archive/warehouse_management/src/app/api/finance/reports/route.ts(688,29): error TS2802: Type 'MapIterator<[string, number]>' can only be iterated through when using the '--downlevelIteration' flag or with a '--target' of 'es2015' or higher.
archive/warehouse_management/src/app/api/finance/storage-ledger/route.ts(41,37): error TS2551: Property 'warehouse' does not exist on type 'PrismaClient<PrismaClientOptions, never, DefaultArgs>'. Did you mean 'wmsWarehouse'?
archive/warehouse_management/src/app/api/finance/storage-ledger/route.ts(70,40): error TS2551: Property 'storageLedger' does not exist on type 'PrismaClient<PrismaClientOptions, never, DefaultArgs>'. Did you mean 'wmsStorageLedger'?
archive/warehouse_management/src/app/api/finance/storage-ledger/route.ts(166,32): error TS2551: Property 'inventoryBalance' does not exist on type 'PrismaClient<PrismaClientOptions, never, DefaultArgs>'. Did you mean 'wmsInventoryBalance'?
archive/warehouse_management/src/app/api/finance/storage-ledger/route.ts(179,31): error TS2551: Property 'warehouseSkuConfig' does not exist on type 'PrismaClient<PrismaClientOptions, never, DefaultArgs>'. Did you mean 'wmsWarehouseSkuConfig'?
archive/warehouse_management/src/app/api/inventory/balances/route.ts(4,8): error TS2613: Module '"/home/runner/work/ecom_os/ecom_os/lib/prisma"' has no default export. Did you mean to use 'import { prisma } from "/home/runner/work/ecom_os/ecom_os/lib/prisma"' instead?
archive/warehouse_management/src/app/api/inventory/balances/route.ts(92,36): error TS2802: Type 'MapIterator<[string, any]>' can only be iterated through when using the '--downlevelIteration' flag or with a '--target' of 'es2015' or higher.
archive/warehouse_management/src/app/api/inventory/notifications/low-stock/route.ts(5,42): error TS2307: Cannot find module '@/lib/config/shipment-planning' or its corresponding type declarations.
archive/warehouse_management/src/app/api/inventory/notifications/low-stock/route.ts(20,42): error TS2339: Property 'amazonInventory' does not exist on type 'PrismaClient<PrismaClientOptions, never, DefaultArgs>'.
archive/warehouse_management/src/app/api/inventory/notifications/low-stock/route.ts(40,47): error TS2551: Property 'inventoryBalance' does not exist on type 'PrismaClient<PrismaClientOptions, never, DefaultArgs>'. Did you mean 'wmsInventoryBalance'?
archive/warehouse_management/src/app/api/invoices/[id]/accept/route.ts(4,34): error TS2307: Cannot find module '@/lib/auth-utils' or its corresponding type declarations.
archive/warehouse_management/src/app/api/invoices/[id]/accept/route.ts(5,8): error TS2613: Module '"/home/runner/work/ecom_os/ecom_os/lib/prisma"' has no default export. Did you mean to use 'import { prisma } from "/home/runner/work/ecom_os/ecom_os/lib/prisma"' instead?
archive/warehouse_management/src/app/api/invoices/[id]/accept/route.ts(100,53): error TS7006: Parameter 'tx' implicitly has an 'any' type.
archive/warehouse_management/src/app/api/invoices/[id]/accept/route.ts(111,35): error TS2551: Property 'userId' does not exist on type 'Session'. Did you mean 'user'?
archive/warehouse_management/src/app/api/invoices/[id]/accept/route.ts(150,35): error TS2551: Property 'userId' does not exist on type 'Session'. Did you mean 'user'?
archive/warehouse_management/src/app/api/invoices/[id]/accept/route.ts(171,27): error TS2551: Property 'userId' does not exist on type 'Session'. Did you mean 'user'?
archive/warehouse_management/src/app/api/invoices/[id]/dispute/route.ts(4,34): error TS2307: Cannot find module '@/lib/auth-utils' or its corresponding type declarations.
archive/warehouse_management/src/app/api/invoices/[id]/dispute/route.ts(5,23): error TS2307: Cannot find module '@/lib/financial-utils' or its corresponding type declarations.
archive/warehouse_management/src/app/api/invoices/[id]/dispute/route.ts(6,8): error TS2613: Module '"/home/runner/work/ecom_os/ecom_os/lib/prisma"' has no default export. Did you mean to use 'import { prisma } from "/home/runner/work/ecom_os/ecom_os/lib/prisma"' instead?
archive/warehouse_management/src/app/api/invoices/[id]/dispute/route.ts(74,53): error TS7006: Parameter 'tx' implicitly has an 'any' type.
archive/warehouse_management/src/app/api/invoices/[id]/dispute/route.ts(100,39): error TS2551: Property 'userId' does not exist on type 'Session'. Did you mean 'user'?
archive/warehouse_management/src/app/api/invoices/[id]/dispute/route.ts(127,37): error TS2551: Property 'userId' does not exist on type 'Session'. Did you mean 'user'?
archive/warehouse_management/src/app/api/invoices/[id]/dispute/route.ts(154,27): error TS2551: Property 'userId' does not exist on type 'Session'. Did you mean 'user'?
archive/warehouse_management/src/app/api/invoices/[id]/dispute/route.ts(230,7): error TS7006: Parameter 'r' implicitly has an 'any' type.
archive/warehouse_management/src/app/api/invoices/[id]/dispute/route.ts(258,42): error TS7006: Parameter 'log' implicitly has an 'any' type.
archive/warehouse_management/src/app/api/invoices/[id]/route.ts(4,34): error TS2307: Cannot find module '@/lib/auth-utils' or its corresponding type declarations.
archive/warehouse_management/src/app/api/invoices/[id]/route.ts(5,23): error TS2307: Cannot find module '@/lib/financial-utils' or its corresponding type declarations.
archive/warehouse_management/src/app/api/invoices/[id]/route.ts(6,8): error TS2613: Module '"/home/runner/work/ecom_os/ecom_os/lib/prisma"' has no default export. Did you mean to use 'import { prisma } from "/home/runner/work/ecom_os/ecom_os/lib/prisma"' instead?
archive/warehouse_management/src/app/api/invoices/[id]/route.ts(73,65): error TS7006: Parameter 'r' implicitly has an 'any' type.
archive/warehouse_management/src/app/api/invoices/[id]/route.ts(74,65): error TS7006: Parameter 'r' implicitly has an 'any' type.
archive/warehouse_management/src/app/api/invoices/[id]/route.ts(75,67): error TS7006: Parameter 'r' implicitly has an 'any' type.
archive/warehouse_management/src/app/api/invoices/[id]/route.ts(80,52): error TS7006: Parameter 'r' implicitly has an 'any' type.
archive/warehouse_management/src/app/api/invoices/[id]/route.ts(81,55): error TS7006: Parameter 'r' implicitly has an 'any' type.
archive/warehouse_management/src/app/api/invoices/[id]/route.ts(82,56): error TS7006: Parameter 'r' implicitly has an 'any' type.
archive/warehouse_management/src/app/api/invoices/route.ts(4,36): error TS2307: Cannot find module '@/lib/auth-utils' or its corresponding type declarations.
archive/warehouse_management/src/app/api/invoices/route.ts(5,8): error TS2613: Module '"/home/runner/work/ecom_os/ecom_os/lib/prisma"' has no default export. Did you mean to use 'import { prisma } from "/home/runner/work/ecom_os/ecom_os/lib/prisma"' instead?
archive/warehouse_management/src/app/api/invoices/upload/route.ts(4,36): error TS2307: Cannot find module '@/lib/auth-utils' or its corresponding type declarations.
archive/warehouse_management/src/app/api/invoices/upload/route.ts(5,70): error TS2307: Cannot find module '@/lib/financial-utils' or its corresponding type declarations.
archive/warehouse_management/src/app/api/invoices/upload/route.ts(6,8): error TS2613: Module '"/home/runner/work/ecom_os/ecom_os/lib/prisma"' has no default export. Did you mean to use 'import { prisma } from "/home/runner/work/ecom_os/ecom_os/lib/prisma"' instead?
archive/warehouse_management/src/app/api/invoices/upload/route.ts(106,53): error TS7006: Parameter 'tx' implicitly has an 'any' type.
archive/warehouse_management/src/app/api/invoices/upload/route.ts(225,15): error TS7006: Parameter 'item' implicitly has an 'any' type.
archive/warehouse_management/src/app/api/invoices/upload/route.ts(230,39): error TS7006: Parameter 'sum' implicitly has an 'any' type.
archive/warehouse_management/src/app/api/invoices/upload/route.ts(230,44): error TS7006: Parameter 'item' implicitly has an 'any' type.
archive/warehouse_management/src/app/api/invoices/upload/route.ts(620,43): error TS7006: Parameter 'c' implicitly has an 'any' type.
archive/warehouse_management/src/app/api/invoices/upload/route.ts(630,43): error TS7006: Parameter 'r' implicitly has an 'any' type.
archive/warehouse_management/src/app/api/invoices/upload/route.ts(636,52): error TS7006: Parameter 'c' implicitly has an 'any' type.
archive/warehouse_management/src/app/api/operations/pallet-variance/[id]/route.ts(22,34): error TS2551: Property 'inventoryBalance' does not exist on type 'PrismaClient<PrismaClientOptions, never, DefaultArgs>'. Did you mean 'wmsInventoryBalance'?
archive/warehouse_management/src/app/api/operations/pallet-variance/[id]/route.ts(31,18): error TS2551: Property 'inventoryBalance' does not exist on type 'PrismaClient<PrismaClientOptions, never, DefaultArgs>'. Did you mean 'wmsInventoryBalance'?
archive/warehouse_management/src/app/api/operations/pallet-variance/export/route.ts(20,35): error TS2551: Property 'inventoryBalance' does not exist on type 'PrismaClient<PrismaClientOptions, never, DefaultArgs>'. Did you mean 'wmsInventoryBalance'?
archive/warehouse_management/src/app/api/operations/pallet-variance/export/route.ts(29,15): error TS7006: Parameter 'balance' implicitly has an 'any' type.
archive/warehouse_management/src/app/api/operations/pallet-variance/export/route.ts(30,12): error TS7006: Parameter 'balance' implicitly has an 'any' type.
archive/warehouse_management/src/app/api/operations/pallet-variance/export/route.ts(58,45): error TS7006: Parameter 'sum' implicitly has an 'any' type.
archive/warehouse_management/src/app/api/operations/pallet-variance/export/route.ts(58,50): error TS7006: Parameter 'v' implicitly has an 'any' type.
archive/warehouse_management/src/app/api/operations/pallet-variance/export/route.ts(59,44): error TS7006: Parameter 'v' implicitly has an 'any' type.
archive/warehouse_management/src/app/api/operations/pallet-variance/export/route.ts(60,44): error TS7006: Parameter 'v' implicitly has an 'any' type.
archive/warehouse_management/src/app/api/operations/pallet-variance/export/route.ts(61,43): error TS7006: Parameter 'v' implicitly has an 'any' type.
archive/warehouse_management/src/app/api/operations/pallet-variance/export/route.ts(92,23): error TS7006: Parameter 'row' implicitly has an 'any' type.
archive/warehouse_management/src/app/api/operations/pallet-variance/route.ts(15,35): error TS2551: Property 'inventoryBalance' does not exist on type 'PrismaClient<PrismaClientOptions, never, DefaultArgs>'. Did you mean 'wmsInventoryBalance'?
archive/warehouse_management/src/app/api/operations/pallet-variance/route.ts(25,15): error TS7006: Parameter 'balance' implicitly has an 'any' type.
archive/warehouse_management/src/app/api/operations/pallet-variance/route.ts(26,12): error TS7006: Parameter 'balance' implicitly has an 'any' type.
archive/warehouse_management/src/app/api/operations/pallet-variance/route.ts(53,15): error TS7006: Parameter 'v' implicitly has an 'any' type.
archive/warehouse_management/src/app/api/rates/route.ts(4,8): error TS2613: Module '"/home/runner/work/ecom_os/ecom_os/lib/prisma"' has no default export. Did you mean to use 'import { prisma } from "/home/runner/work/ecom_os/ecom_os/lib/prisma"' instead?
archive/warehouse_management/src/app/api/reconciliation/[id]/resolve/route.ts(4,8): error TS2613: Module '"/home/runner/work/ecom_os/ecom_os/lib/prisma"' has no default export. Did you mean to use 'import { prisma } from "/home/runner/work/ecom_os/ecom_os/lib/prisma"' instead?
archive/warehouse_management/src/app/api/reconciliation/run/route.ts(4,8): error TS2613: Module '"/home/runner/work/ecom_os/ecom_os/lib/prisma"' has no default export. Did you mean to use 'import { prisma } from "/home/runner/work/ecom_os/ecom_os/lib/prisma"' instead?
archive/warehouse_management/src/app/api/reconciliation/run/route.ts(5,58): error TS2307: Cannot find module '@/lib/financial-utils' or its corresponding type declarations.
archive/warehouse_management/src/app/api/reconciliation/run/route.ts(10,8): error TS2307: Cannot find module '@/lib/calculations/cost-aggregation' or its corresponding type declarations.
archive/warehouse_management/src/app/api/reconciliation/run/route.ts(83,58): error TS7006: Parameter 'cost' implicitly has an 'any' type.
archive/warehouse_management/src/app/api/reports/route.ts(180,33): error TS2551: Property 'inventoryBalance' does not exist on type 'PrismaClient<PrismaClientOptions, never, DefaultArgs>'. Did you mean 'wmsInventoryBalance'?
archive/warehouse_management/src/app/api/reports/route.ts(199,23): error TS7006: Parameter 'b' implicitly has an 'any' type.
archive/warehouse_management/src/app/api/reports/route.ts(217,37): error TS2551: Property 'inventoryTransaction' does not exist on type 'PrismaClient<PrismaClientOptions, never, DefaultArgs>'. Did you mean 'wmsInventoryTransaction'?
archive/warehouse_management/src/app/api/reports/route.ts(245,27): error TS7006: Parameter 't' implicitly has an 'any' type.
archive/warehouse_management/src/app/api/reports/route.ts(267,38): error TS2551: Property 'storageLedger' does not exist on type 'PrismaClient<PrismaClientOptions, never, DefaultArgs>'. Did you mean 'wmsStorageLedger'?
archive/warehouse_management/src/app/api/reports/route.ts(296,28): error TS7006: Parameter 's' implicitly has an 'any' type.
archive/warehouse_management/src/app/api/reports/route.ts(313,37): error TS2551: Property 'storageLedger' does not exist on type 'PrismaClient<PrismaClientOptions, never, DefaultArgs>'. Did you mean 'wmsStorageLedger'?
archive/warehouse_management/src/app/api/reports/route.ts(326,35): error TS2551: Property 'warehouse' does not exist on type 'PrismaClient<PrismaClientOptions, never, DefaultArgs>'. Did you mean 'wmsWarehouse'?
archive/warehouse_management/src/app/api/reports/route.ts(336,47): error TS7006: Parameter 'w' implicitly has an 'any' type.
archive/warehouse_management/src/app/api/reports/route.ts(338,27): error TS7006: Parameter 'cost' implicitly has an 'any' type.
archive/warehouse_management/src/app/api/reports/route.ts(353,33): error TS2339: Property 'invoice' does not exist on type 'PrismaClient<PrismaClientOptions, never, DefaultArgs>'.
archive/warehouse_management/src/app/api/reports/route.ts(370,40): error TS2551: Property 'storageLedger' does not exist on type 'PrismaClient<PrismaClientOptions, never, DefaultArgs>'. Did you mean 'wmsStorageLedger'?
archive/warehouse_management/src/app/api/reports/route.ts(382,25): error TS7006: Parameter 'c' implicitly has an 'any' type.
archive/warehouse_management/src/app/api/reports/route.ts(385,23): error TS7006: Parameter 'invoice' implicitly has an 'any' type.
archive/warehouse_management/src/app/api/reports/route.ts(390,70): error TS2339: Property 'toFixed' does not exist on type '{}'.
archive/warehouse_management/src/app/api/reports/route.ts(391,52): error TS2363: The right-hand side of an arithmetic operation must be of type 'any', 'number', 'bigint' or an enum type.
archive/warehouse_management/src/app/api/reports/route.ts(392,54): error TS2363: The right-hand side of an arithmetic operation must be of type 'any', 'number', 'bigint' or an enum type.
archive/warehouse_management/src/app/api/reports/route.ts(397,29): error TS2551: Property 'inventoryBalance' does not exist on type 'PrismaClient<PrismaClientOptions, never, DefaultArgs>'. Did you mean 'wmsInventoryBalance'?
archive/warehouse_management/src/app/api/reports/route.ts(409,19): error TS7006: Parameter 'balance' implicitly has an 'any' type.
archive/warehouse_management/src/app/api/reports/route.ts(425,29): error TS2551: Property 'inventoryBalance' does not exist on type 'PrismaClient<PrismaClientOptions, never, DefaultArgs>'. Did you mean 'wmsInventoryBalance'?
archive/warehouse_management/src/app/api/reports/route.ts(443,19): error TS7006: Parameter 'balance' implicitly has an 'any' type.
archive/warehouse_management/src/app/api/reports/route.ts(462,37): error TS2551: Property 'storageLedger' does not exist on type 'PrismaClient<PrismaClientOptions, never, DefaultArgs>'. Did you mean 'wmsStorageLedger'?
archive/warehouse_management/src/app/api/reports/route.ts(478,40): error TS7006: Parameter 'acc' implicitly has an 'any' type.
archive/warehouse_management/src/app/api/reports/route.ts(478,45): error TS7006: Parameter 'item' implicitly has an 'any' type.
archive/warehouse_management/src/app/api/reports/route.ts(514,20): error TS2551: Property 'warehouse' does not exist on type 'PrismaClient<PrismaClientOptions, never, DefaultArgs>'. Did you mean 'wmsWarehouse'?
archive/warehouse_management/src/app/api/reports/route.ts(515,20): error TS2551: Property 'warehouse' does not exist on type 'PrismaClient<PrismaClientOptions, never, DefaultArgs>'. Did you mean 'wmsWarehouse'?
archive/warehouse_management/src/app/api/reports/route.ts(527,27): error TS7006: Parameter 'warehouse' implicitly has an 'any' type.
archive/warehouse_management/src/app/api/reports/route.ts(529,40): error TS2551: Property 'storageLedger' does not exist on type 'PrismaClient<PrismaClientOptions, never, DefaultArgs>'. Did you mean 'wmsStorageLedger'?
archive/warehouse_management/src/app/api/reports/route.ts(541,41): error TS2551: Property 'inventoryTransaction' does not exist on type 'PrismaClient<PrismaClientOptions, never, DefaultArgs>'. Did you mean 'wmsInventoryTransaction'?
archive/warehouse_management/src/app/api/reports/route.ts(553,46): error TS7006: Parameter 't' implicitly has an 'any' type.
archive/warehouse_management/src/app/api/reports/route.ts(554,43): error TS7006: Parameter 't' implicitly has an 'any' type.
archive/warehouse_management/src/app/api/reports/route.ts(584,20): error TS2551: Property 'warehouse' does not exist on type 'PrismaClient<PrismaClientOptions, never, DefaultArgs>'. Did you mean 'wmsWarehouse'?
archive/warehouse_management/src/app/api/reports/route.ts(585,20): error TS2551: Property 'warehouse' does not exist on type 'PrismaClient<PrismaClientOptions, never, DefaultArgs>'. Did you mean 'wmsWarehouse'?
archive/warehouse_management/src/app/api/reports/route.ts(597,27): error TS7006: Parameter 'warehouse' implicitly has an 'any' type.
archive/warehouse_management/src/app/api/reports/route.ts(631,37): error TS2551: Property 'inventoryTransaction' does not exist on type 'PrismaClient<PrismaClientOptions, never, DefaultArgs>'. Did you mean 'wmsInventoryTransaction'?
archive/warehouse_management/src/app/api/reports/route.ts(645,49): error TS7006: Parameter 'acc' implicitly has an 'any' type.
archive/warehouse_management/src/app/api/reports/route.ts(645,54): error TS7006: Parameter 'trans' implicitly has an 'any' type.
archive/warehouse_management/src/app/api/reports/route.ts(698,37): error TS2551: Property 'inventoryTransaction' does not exist on type 'PrismaClient<PrismaClientOptions, never, DefaultArgs>'. Did you mean 'wmsInventoryTransaction'?
archive/warehouse_management/src/app/api/reports/route.ts(714,39): error TS2551: Property 'inventoryBalance' does not exist on type 'PrismaClient<PrismaClientOptions, never, DefaultArgs>'. Did you mean 'wmsInventoryBalance'?
archive/warehouse_management/src/app/api/reports/route.ts(725,35): error TS2551: Property 'inventoryBalance' does not exist on type 'PrismaClient<PrismaClientOptions, never, DefaultArgs>'. Did you mean 'wmsInventoryBalance'?
archive/warehouse_management/src/app/api/reports/route.ts(739,24): error TS7006: Parameter 't' implicitly has an 'any' type.
archive/warehouse_management/src/app/api/reports/route.ts(752,26): error TS7006: Parameter 'stat' implicitly has an 'any' type.
archive/warehouse_management/src/app/api/reports/route.ts(762,22): error TS7006: Parameter 'stat' implicitly has an 'any' type.
archive/warehouse_management/src/app/api/settings/notifications/route.ts(4,8): error TS2613: Module '"/home/runner/work/ecom_os/ecom_os/lib/prisma"' has no default export. Did you mean to use 'import { prisma } from "/home/runner/work/ecom_os/ecom_os/lib/prisma"' instead?
archive/warehouse_management/src/app/api/settings/rates/[id]/route.ts(4,8): error TS2613: Module '"/home/runner/work/ecom_os/ecom_os/lib/prisma"' has no default export. Did you mean to use 'import { prisma } from "/home/runner/work/ecom_os/ecom_os/lib/prisma"' instead?
archive/warehouse_management/src/app/api/settings/rates/check-overlap/route.ts(4,8): error TS2613: Module '"/home/runner/work/ecom_os/ecom_os/lib/prisma"' has no default export. Did you mean to use 'import { prisma } from "/home/runner/work/ecom_os/ecom_os/lib/prisma"' instead?
archive/warehouse_management/src/app/api/settings/rates/route.ts(4,8): error TS2613: Module '"/home/runner/work/ecom_os/ecom_os/lib/prisma"' has no default export. Did you mean to use 'import { prisma } from "/home/runner/work/ecom_os/ecom_os/lib/prisma"' instead?
archive/warehouse_management/src/app/api/settings/rates/route.ts(34,38): error TS7006: Parameter 'rate' implicitly has an 'any' type.
archive/warehouse_management/src/app/api/settings/security/route.ts(4,8): error TS2613: Module '"/home/runner/work/ecom_os/ecom_os/lib/prisma"' has no default export. Did you mean to use 'import { prisma } from "/home/runner/work/ecom_os/ecom_os/lib/prisma"' instead?
archive/warehouse_management/src/app/api/skus/[id]/next-batch/route.ts(22,30): error TS2339: Property 'sku' does not exist on type 'PrismaClient<PrismaClientOptions, never, DefaultArgs>'.
archive/warehouse_management/src/app/api/skus/[id]/next-batch/route.ts(34,42): error TS2551: Property 'inventoryTransaction' does not exist on type 'PrismaClient<PrismaClientOptions, never, DefaultArgs>'. Did you mean 'wmsInventoryTransaction'?
archive/warehouse_management/src/app/api/skus/[id]/next-batch/route.ts(55,14): error TS7006: Parameter 't' implicitly has an 'any' type.
archive/warehouse_management/src/app/api/skus/[id]/next-batch/route.ts(59,17): error TS7006: Parameter 'n' implicitly has an 'any' type.
archive/warehouse_management/src/app/api/skus/[id]/next-batch/route.ts(65,42): error TS7006: Parameter 't' implicitly has an 'any' type.
archive/warehouse_management/src/app/api/skus/[id]/route.ts(17,30): error TS2339: Property 'sku' does not exist on type 'PrismaClient<PrismaClientOptions, never, DefaultArgs>'.
archive/warehouse_management/src/app/api/skus/[id]/route.ts(67,38): error TS2339: Property 'sku' does not exist on type 'PrismaClient<PrismaClientOptions, never, DefaultArgs>'.
archive/warehouse_management/src/app/api/skus/[id]/route.ts(82,37): error TS2339: Property 'sku' does not exist on type 'PrismaClient<PrismaClientOptions, never, DefaultArgs>'.
archive/warehouse_management/src/app/api/skus/[id]/route.ts(123,30): error TS2339: Property 'sku' does not exist on type 'PrismaClient<PrismaClientOptions, never, DefaultArgs>'.
archive/warehouse_management/src/app/api/skus/[id]/route.ts(141,43): error TS2339: Property 'sku' does not exist on type 'PrismaClient<PrismaClientOptions, never, DefaultArgs>'.
archive/warehouse_management/src/app/api/skus/[id]/route.ts(153,18): error TS2339: Property 'sku' does not exist on type 'PrismaClient<PrismaClientOptions, never, DefaultArgs>'.
archive/warehouse_management/src/app/api/skus/route.ts(4,8): error TS2613: Module '"/home/runner/work/ecom_os/ecom_os/lib/prisma"' has no default export. Did you mean to use 'import { prisma } from "/home/runner/work/ecom_os/ecom_os/lib/prisma"' instead?
archive/warehouse_management/src/app/api/skus/route.ts(214,76): error TS18046: 'count' is of type 'unknown'.
archive/warehouse_management/src/app/api/transactions/[id]/attachments/route.ts(29,38): error TS2551: Property 'inventoryTransaction' does not exist on type 'PrismaClient<PrismaClientOptions, never, DefaultArgs>'. Did you mean 'wmsInventoryTransaction'?
archive/warehouse_management/src/app/api/transactions/[id]/attachments/route.ts(61,18): error TS2551: Property 'inventoryTransaction' does not exist on type 'PrismaClient<PrismaClientOptions, never, DefaultArgs>'. Did you mean 'wmsInventoryTransaction'?
archive/warehouse_management/src/app/api/transactions/[id]/attachments/route.ts(92,38): error TS2551: Property 'inventoryTransaction' does not exist on type 'PrismaClient<PrismaClientOptions, never, DefaultArgs>'. Did you mean 'wmsInventoryTransaction'?
archive/warehouse_management/src/app/api/transactions/[id]/attributes/route.ts(21,45): error TS2551: Property 'inventoryTransaction' does not exist on type 'PrismaClient<PrismaClientOptions, never, DefaultArgs>'. Did you mean 'wmsInventoryTransaction'?
archive/warehouse_management/src/app/api/transactions/[id]/attributes/route.ts(28,28): error TS2551: Property 'inventoryTransaction' does not exist on type 'PrismaClient<PrismaClientOptions, never, DefaultArgs>'. Did you mean 'wmsInventoryTransaction'?
archive/warehouse_management/src/app/api/transactions/[id]/attributes/route.ts(31,19): error TS7006: Parameter 't' implicitly has an 'any' type.
archive/warehouse_management/src/app/api/transactions/ledger/route.ts(57,39): error TS2551: Property 'inventoryTransaction' does not exist on type 'PrismaClient<PrismaClientOptions, never, DefaultArgs>'. Did you mean 'wmsInventoryTransaction'?
archive/warehouse_management/src/app/api/transactions/ledger/route.ts(82,56): error TS7006: Parameter 'transaction' implicitly has an 'any' type.
archive/warehouse_management/src/app/api/transactions/ledger/route.ts(113,33): error TS2551: Property 'warehouseSkuConfig' does not exist on type 'PrismaClient<PrismaClientOptions, never, DefaultArgs>'. Did you mean 'wmsWarehouseSkuConfig'?
archive/warehouse_management/src/app/api/transactions/ledger/route.ts(141,37): error TS2551: Property 'warehouseSkuConfig' does not exist on type 'PrismaClient<PrismaClientOptions, never, DefaultArgs>'. Did you mean 'wmsWarehouseSkuConfig'?
archive/warehouse_management/src/app/api/transactions/route.ts(5,10): error TS2724: '"@prisma/client"' has no exported member named 'TransactionType'. Did you mean 'WmsTransactionType'?
archive/warehouse_management/src/app/api/transactions/route.ts(68,42): error TS2551: Property 'inventoryTransaction' does not exist on type 'PrismaClient<PrismaClientOptions, never, DefaultArgs>'. Did you mean 'wmsInventoryTransaction'?
archive/warehouse_management/src/app/api/transactions/route.ts(86,42): error TS2551: Property 'inventoryTransaction' does not exist on type 'PrismaClient<PrismaClientOptions, never, DefaultArgs>'. Did you mean 'wmsInventoryTransaction'?
archive/warehouse_management/src/app/api/transactions/route.ts(157,32): error TS2339: Property 'sku' does not exist on type 'PrismaClient<PrismaClientOptions, never, DefaultArgs>'.
archive/warehouse_management/src/app/api/transactions/route.ts(169,38): error TS2551: Property 'inventoryBalance' does not exist on type 'PrismaClient<PrismaClientOptions, never, DefaultArgs>'. Did you mean 'wmsInventoryBalance'?
archive/warehouse_management/src/app/api/transactions/route.ts(186,36): error TS2551: Property 'warehouse' does not exist on type 'PrismaClient<PrismaClientOptions, never, DefaultArgs>'. Did you mean 'wmsWarehouse'?
archive/warehouse_management/src/app/api/transactions/route.ts(199,32): error TS2339: Property 'sku' does not exist on type 'PrismaClient<PrismaClientOptions, never, DefaultArgs>'.
archive/warehouse_management/src/app/api/transactions/route.ts(225,38): error TS2551: Property 'inventoryBalance' does not exist on type 'PrismaClient<PrismaClientOptions, never, DefaultArgs>'. Did you mean 'wmsInventoryBalance'?
archive/warehouse_management/src/app/api/transactions/route.ts(242,40): error TS2551: Property 'inventoryTransaction' does not exist on type 'PrismaClient<PrismaClientOptions, never, DefaultArgs>'. Did you mean 'wmsInventoryTransaction'?
archive/warehouse_management/src/app/api/transactions/route.ts(269,36): error TS2551: Property 'inventoryBalance' does not exist on type 'PrismaClient<PrismaClientOptions, never, DefaultArgs>'. Did you mean 'wmsInventoryBalance'?
archive/warehouse_management/src/app/api/transactions/route.ts(304,22): error TS2551: Property 'inventoryBalance' does not exist on type 'PrismaClient<PrismaClientOptions, never, DefaultArgs>'. Did you mean 'wmsInventoryBalance'?
archive/warehouse_management/src/app/api/transactions/route.ts(319,22): error TS2551: Property 'inventoryBalance' does not exist on type 'PrismaClient<PrismaClientOptions, never, DefaultArgs>'. Did you mean 'wmsInventoryBalance'?
archive/warehouse_management/src/app/api/warehouse-configs/[id]/route.ts(20,33): error TS2551: Property 'warehouseSkuConfig' does not exist on type 'PrismaClient<PrismaClientOptions, never, DefaultArgs>'. Did you mean 'wmsWarehouseSkuConfig'?
archive/warehouse_management/src/app/api/warehouse-configs/[id]/route.ts(62,35): error TS2551: Property 'warehouseSkuConfig' does not exist on type 'PrismaClient<PrismaClientOptions, never, DefaultArgs>'. Did you mean 'wmsWarehouseSkuConfig'?
archive/warehouse_management/src/app/api/warehouse-configs/[id]/route.ts(75,44): error TS2551: Property 'warehouseSkuConfig' does not exist on type 'PrismaClient<PrismaClientOptions, never, DefaultArgs>'. Did you mean 'wmsWarehouseSkuConfig'?
archive/warehouse_management/src/app/api/warehouse-configs/[id]/route.ts(112,33): error TS2551: Property 'warehouseSkuConfig' does not exist on type 'PrismaClient<PrismaClientOptions, never, DefaultArgs>'. Did you mean 'wmsWarehouseSkuConfig'?
archive/warehouse_management/src/app/api/warehouse-configs/invoice-templates/[id]/route.ts(21,34): error TS2551: Property 'warehouseNotification' does not exist on type 'PrismaClient<PrismaClientOptions, never, DefaultArgs>'. Did you mean 'wmsWarehouseNotification'?
archive/warehouse_management/src/app/api/warehouse-configs/invoice-templates/[id]/route.ts(31,20): error TS2551: Property 'warehouseNotification' does not exist on type 'PrismaClient<PrismaClientOptions, never, DefaultArgs>'. Did you mean 'wmsWarehouseNotification'?
archive/warehouse_management/src/app/api/warehouse-configs/invoice-templates/[id]/route.ts(43,30): error TS2551: Property 'warehouseNotification' does not exist on type 'PrismaClient<PrismaClientOptions, never, DefaultArgs>'. Did you mean 'wmsWarehouseNotification'?
archive/warehouse_management/src/app/api/warehouse-configs/invoice-templates/[id]/route.ts(53,21): error TS7006: Parameter 'n' implicitly has an 'any' type.
archive/warehouse_management/src/app/api/warehouse-configs/invoice-templates/[id]/route.ts(61,35): error TS2551: Property 'warehouseNotification' does not exist on type 'PrismaClient<PrismaClientOptions, never, DefaultArgs>'. Did you mean 'wmsWarehouseNotification'?
archive/warehouse_management/src/app/api/warehouse-configs/invoice-templates/[id]/route.ts(111,18): error TS2551: Property 'warehouseNotification' does not exist on type 'PrismaClient<PrismaClientOptions, never, DefaultArgs>'. Did you mean 'wmsWarehouseNotification'?
archive/warehouse_management/src/app/api/warehouse-configs/invoice-templates/route.ts(16,36): error TS2551: Property 'warehouseNotification' does not exist on type 'PrismaClient<PrismaClientOptions, never, DefaultArgs>'. Did you mean 'wmsWarehouseNotification'?
archive/warehouse_management/src/app/api/warehouse-configs/invoice-templates/route.ts(29,46): error TS7006: Parameter 't' implicitly has an 'any' type.
archive/warehouse_management/src/app/api/warehouse-configs/invoice-templates/route.ts(69,20): error TS2551: Property 'warehouseNotification' does not exist on type 'PrismaClient<PrismaClientOptions, never, DefaultArgs>'. Did you mean 'wmsWarehouseNotification'?
archive/warehouse_management/src/app/api/warehouse-configs/invoice-templates/route.ts(80,30): error TS2551: Property 'warehouseNotification' does not exist on type 'PrismaClient<PrismaClientOptions, never, DefaultArgs>'. Did you mean 'wmsWarehouseNotification'?
archive/warehouse_management/src/app/api/warehouse-configs/invoice-templates/route.ts(89,21): error TS7006: Parameter 'n' implicitly has an 'any' type.
archive/warehouse_management/src/app/api/warehouse-configs/invoice-templates/route.ts(97,35): error TS2551: Property 'warehouseNotification' does not exist on type 'PrismaClient<PrismaClientOptions, never, DefaultArgs>'. Did you mean 'wmsWarehouseNotification'?
archive/warehouse_management/src/app/api/warehouse-configs/route.ts(28,42): error TS2551: Property 'warehouseSkuConfig' does not exist on type 'PrismaClient<PrismaClientOptions, never, DefaultArgs>'. Did you mean 'wmsWarehouseSkuConfig'?
archive/warehouse_management/src/app/api/warehouse-configs/route.ts(65,33): error TS2551: Property 'warehouseSkuConfig' does not exist on type 'PrismaClient<PrismaClientOptions, never, DefaultArgs>'. Did you mean 'wmsWarehouseSkuConfig'?
archive/warehouse_management/src/app/api/warehouses/route.ts(4,8): error TS2613: Module '"/home/runner/work/ecom_os/ecom_os/lib/prisma"' has no default export. Did you mean to use 'import { prisma } from "/home/runner/work/ecom_os/ecom_os/lib/prisma"' instead?
archive/warehouse_management/src/app/api/warehouses/route.ts(272,76): error TS18046: 'count' is of type 'unknown'.
archive/warehouse_management/src/app/config/batch-attributes/page.tsx(6,33): error TS2307: Cannot find module '@/components/layout/dashboard-layout' or its corresponding type declarations.
archive/warehouse_management/src/app/config/batch-attributes/page.tsx(7,28): error TS2307: Cannot find module '@/components/ui/page-header' or its corresponding type declarations.
archive/warehouse_management/src/app/config/batch-attributes/page.tsx(17,32): error TS2551: Property 'inventoryBalance' does not exist on type 'PrismaClient<PrismaClientOptions, never, DefaultArgs>'. Did you mean 'wmsInventoryBalance'?
archive/warehouse_management/src/app/config/batch-attributes/page.tsx(43,44): error TS2551: Property 'inventoryTransaction' does not exist on type 'PrismaClient<PrismaClientOptions, never, DefaultArgs>'. Did you mean 'wmsInventoryTransaction'?
archive/warehouse_management/src/app/config/batch-attributes/page.tsx(46,35): error TS7006: Parameter 'b' implicitly has an 'any' type.
archive/warehouse_management/src/app/config/batch-attributes/page.tsx(47,32): error TS7006: Parameter 'b' implicitly has an 'any' type.
archive/warehouse_management/src/app/config/batch-attributes/page.tsx(63,29): error TS7006: Parameter 't' implicitly has an 'any' type.
archive/warehouse_management/src/app/config/batch-attributes/page.tsx(67,33): error TS7006: Parameter 'batch' implicitly has an 'any' type.
archive/warehouse_management/src/app/config/batch-attributes/page.tsx(71,32): error TS2339: Property 'createdBy' does not exist on type '{}'.
archive/warehouse_management/src/app/config/batch-attributes/page.tsx(72,33): error TS2339: Property 'transactionDate' does not exist on type '{}'.
archive/warehouse_management/src/app/config/batch-attributes/page.tsx(73,52): error TS2339: Property 'cartonsIn' does not exist on type '{}'.
archive/warehouse_management/src/app/config/batch-attributes/page.tsx(78,42): error TS7006: Parameter 'acc' implicitly has an 'any' type.
archive/warehouse_management/src/app/config/batch-attributes/page.tsx(78,47): error TS7006: Parameter 'batch' implicitly has an 'any' type.
archive/warehouse_management/src/app/config/batch-attributes/page.tsx(89,40): error TS7006: Parameter 'sum' implicitly has an 'any' type.
archive/warehouse_management/src/app/config/batch-attributes/page.tsx(89,45): error TS7006: Parameter 'b' implicitly has an 'any' type.
archive/warehouse_management/src/app/config/batch-attributes/page.tsx(90,38): error TS7006: Parameter 'sum' implicitly has an 'any' type.
archive/warehouse_management/src/app/config/batch-attributes/page.tsx(90,43): error TS7006: Parameter 'b' implicitly has an 'any' type.
archive/warehouse_management/src/app/config/batch-attributes/page.tsx(183,22): error TS18046: 'skuBatches' is of type 'unknown'.
archive/warehouse_management/src/app/config/invoice-templates/page.tsx(19,33): error TS2307: Cannot find module '@/components/layout/dashboard-layout' or its corresponding type declarations.
archive/warehouse_management/src/app/config/invoice-templates/page.tsx(20,28): error TS2307: Cannot find module '@/components/ui/page-header' or its corresponding type declarations.
archive/warehouse_management/src/app/config/invoice-templates/page.tsx(21,28): error TS2307: Cannot find module '@/components/ui/empty-state' or its corresponding type declarations.
archive/warehouse_management/src/app/config/locations/[id]/edit/page.tsx(6,33): error TS2307: Cannot find module '@/components/layout/dashboard-layout' or its corresponding type declarations.
archive/warehouse_management/src/app/config/locations/new/page.tsx(6,33): error TS2307: Cannot find module '@/components/layout/dashboard-layout' or its corresponding type declarations.
archive/warehouse_management/src/app/config/locations/page.tsx(7,33): error TS2307: Cannot find module '@/components/layout/dashboard-layout' or its corresponding type declarations.
archive/warehouse_management/src/app/config/products/[id]/edit/page.tsx(6,33): error TS2307: Cannot find module '@/components/layout/dashboard-layout' or its corresponding type declarations.
archive/warehouse_management/src/app/config/products/new/page.tsx(6,33): error TS2307: Cannot find module '@/components/layout/dashboard-layout' or its corresponding type declarations.
archive/warehouse_management/src/app/config/products/page.tsx(7,33): error TS2307: Cannot find module '@/components/layout/dashboard-layout' or its corresponding type declarations.
archive/warehouse_management/src/app/config/products/page.tsx(8,28): error TS2307: Cannot find module '@/components/ui/page-header' or its corresponding type declarations.
archive/warehouse_management/src/app/config/products/page.tsx(9,28): error TS2307: Cannot find module '@/components/ui/empty-state' or its corresponding type declarations.
archive/warehouse_management/src/app/config/products/page.tsx(10,31): error TS2307: Cannot find module '@/components/ui/confirm-dialog' or its corresponding type declarations.
archive/warehouse_management/src/app/config/rates/[id]/edit/page.tsx(6,33): error TS2307: Cannot find module '@/components/layout/dashboard-layout' or its corresponding type declarations.
archive/warehouse_management/src/app/config/rates/[id]/edit/page.tsx(7,28): error TS2307: Cannot find module '@/components/ui/page-header' or its corresponding type declarations.
archive/warehouse_management/src/app/config/rates/new/page.tsx(6,33): error TS2307: Cannot find module '@/components/layout/dashboard-layout' or its corresponding type declarations.
archive/warehouse_management/src/app/config/rates/new/page.tsx(7,28): error TS2307: Cannot find module '@/components/ui/page-header' or its corresponding type declarations.
archive/warehouse_management/src/app/config/rates/page.tsx(7,33): error TS2307: Cannot find module '@/components/layout/dashboard-layout' or its corresponding type declarations.
archive/warehouse_management/src/app/config/rates/page.tsx(8,28): error TS2307: Cannot find module '@/components/ui/page-header' or its corresponding type declarations.
archive/warehouse_management/src/app/config/warehouse-configs/[id]/edit/page.tsx(6,33): error TS2307: Cannot find module '@/components/layout/dashboard-layout' or its corresponding type declarations.
archive/warehouse_management/src/app/config/warehouse-configs/[id]/edit/page.tsx(7,28): error TS2307: Cannot find module '@/components/ui/page-header' or its corresponding type declarations.
archive/warehouse_management/src/app/config/warehouse-configs/new/page.tsx(6,33): error TS2307: Cannot find module '@/components/layout/dashboard-layout' or its corresponding type declarations.
archive/warehouse_management/src/app/config/warehouse-configs/new/page.tsx(7,28): error TS2307: Cannot find module '@/components/ui/page-header' or its corresponding type declarations.
archive/warehouse_management/src/app/config/warehouse-configs/page.tsx(6,33): error TS2307: Cannot find module '@/components/layout/dashboard-layout' or its corresponding type declarations.
archive/warehouse_management/src/app/config/warehouse-configs/page.tsx(7,28): error TS2307: Cannot find module '@/components/ui/page-header' or its corresponding type declarations.
archive/warehouse_management/src/app/config/warehouse-configs/page.tsx(18,32): error TS2551: Property 'warehouseSkuConfig' does not exist on type 'PrismaClient<PrismaClientOptions, never, DefaultArgs>'. Did you mean 'wmsWarehouseSkuConfig'?
archive/warehouse_management/src/app/config/warehouse-configs/page.tsx(37,46): error TS7006: Parameter 'acc' implicitly has an 'any' type.
archive/warehouse_management/src/app/config/warehouse-configs/page.tsx(37,51): error TS7006: Parameter 'config' implicitly has an 'any' type.
archive/warehouse_management/src/app/config/warehouse-configs/page.tsx(48,40): error TS7006: Parameter 'c' implicitly has an 'any' type.
archive/warehouse_management/src/app/config/warehouse-configs/page.tsx(49,42): error TS7006: Parameter 'c' implicitly has an 'any' type.
archive/warehouse_management/src/app/config/warehouse-configs/page.tsx(173,22): error TS18046: 'warehouseConfigs' is of type 'unknown'.
archive/warehouse_management/src/app/config/warehouse-configs/page.tsx(173,44): error TS7006: Parameter 'config' implicitly has an 'any' type.
archive/warehouse_management/src/app/dashboard/page.tsx(19,33): error TS2307: Cannot find module '@/components/layout/dashboard-layout' or its corresponding type declarations.
archive/warehouse_management/src/app/dashboard/page.tsx(20,28): error TS2307: Cannot find module '@/components/ui/page-header' or its corresponding type declarations.
archive/warehouse_management/src/app/dashboard/page.tsx(21,33): error TS2307: Cannot find module '@/components/ui/quick-start-guide' or its corresponding type declarations.
archive/warehouse_management/src/app/finance/cost-ledger/page.tsx(20,33): error TS2307: Cannot find module '@/components/layout/dashboard-layout' or its corresponding type declarations.
archive/warehouse_management/src/app/finance/cost-ledger/page.tsx(21,28): error TS2307: Cannot find module '@/components/ui/page-header' or its corresponding type declarations.
archive/warehouse_management/src/app/finance/cost-ledger/page.tsx(22,28): error TS2307: Cannot find module '@/components/ui/empty-state' or its corresponding type declarations.
archive/warehouse_management/src/app/finance/cost-ledger/page.tsx(24,10): error TS2305: Module '"@/lib/utils"' has no exported member 'formatCurrency'.
archive/warehouse_management/src/app/finance/dashboard/page.tsx(24,33): error TS2307: Cannot find module '@/components/layout/dashboard-layout' or its corresponding type declarations.
archive/warehouse_management/src/app/finance/dashboard/page.tsx(25,28): error TS2307: Cannot find module '@/components/ui/page-header' or its corresponding type declarations.
archive/warehouse_management/src/app/finance/invoices/[id]/page.tsx(6,33): error TS2307: Cannot find module '@/components/layout/dashboard-layout' or its corresponding type declarations.
archive/warehouse_management/src/app/finance/invoices/new/page.tsx(6,33): error TS2307: Cannot find module '@/components/layout/dashboard-layout' or its corresponding type declarations.
archive/warehouse_management/src/app/finance/invoices/page.tsx(5,33): error TS2307: Cannot find module '@/components/layout/dashboard-layout' or its corresponding type declarations.
archive/warehouse_management/src/app/finance/reconciliation/page.tsx(5,33): error TS2307: Cannot find module '@/components/layout/dashboard-layout' or its corresponding type declarations.
archive/warehouse_management/src/app/finance/reports/page.tsx(5,33): error TS2307: Cannot find module '@/components/layout/dashboard-layout' or its corresponding type declarations.
archive/warehouse_management/src/app/finance/storage-ledger/page.tsx(7,33): error TS2307: Cannot find module '@/components/layout/dashboard-layout' or its corresponding type declarations.
archive/warehouse_management/src/app/finance/storage-ledger/page.tsx(8,28): error TS2307: Cannot find module '@/components/ui/page-header' or its corresponding type declarations.
archive/warehouse_management/src/app/finance/storage-ledger/page.tsx(9,34): error TS2307: Cannot find module '@/components/finance/storage-ledger-tab' or its corresponding type declarations.
archive/warehouse_management/src/app/integrations/amazon/page.tsx(6,33): error TS2307: Cannot find module '@/components/layout/dashboard-layout' or its corresponding type declarations.
archive/warehouse_management/src/app/integrations/amazon/page.tsx(7,28): error TS2307: Cannot find module '@/components/ui/page-header' or its corresponding type declarations.
archive/warehouse_management/src/app/layout.tsx(4,27): error TS2307: Cannot find module '@/components/providers' or its corresponding type declarations.
archive/warehouse_management/src/app/operations/import-attributes/page.tsx(18,33): error TS2307: Cannot find module '@/components/layout/dashboard-layout' or its corresponding type declarations.
archive/warehouse_management/src/app/operations/import-attributes/page.tsx(19,28): error TS2307: Cannot find module '@/components/ui/page-header' or its corresponding type declarations.
archive/warehouse_management/src/app/operations/import-attributes/page.tsx(20,28): error TS2307: Cannot find module '@/components/ui/empty-state' or its corresponding type declarations.
archive/warehouse_management/src/app/operations/inventory/page.tsx(8,33): error TS2307: Cannot find module '@/components/layout/dashboard-layout' or its corresponding type declarations.
archive/warehouse_management/src/app/operations/inventory/page.tsx(9,28): error TS2307: Cannot find module '@/components/ui/page-header' or its corresponding type declarations.
archive/warehouse_management/src/app/operations/inventory/page.tsx(10,28): error TS2307: Cannot find module '@/components/ui/empty-state' or its corresponding type declarations.
archive/warehouse_management/src/app/operations/inventory/page.tsx(11,39): error TS2307: Cannot find module '@/components/ui/immutable-ledger-notice' or its corresponding type declarations.
archive/warehouse_management/src/app/operations/inventory/page.tsx(13,10): error TS2305: Module '"@/lib/utils"' has no exported member 'formatCurrency'.
archive/warehouse_management/src/app/operations/inventory/page.tsx(14,31): error TS2307: Cannot find module '@/components/operations/inventory-tabs' or its corresponding type declarations.
archive/warehouse_management/src/app/operations/pallet-variance/page.tsx(18,33): error TS2307: Cannot find module '@/components/layout/dashboard-layout' or its corresponding type declarations.
archive/warehouse_management/src/app/operations/pallet-variance/page.tsx(19,28): error TS2307: Cannot find module '@/components/ui/page-header' or its corresponding type declarations.
archive/warehouse_management/src/app/operations/pallet-variance/page.tsx(20,28): error TS2307: Cannot find module '@/components/ui/empty-state' or its corresponding type declarations.
archive/warehouse_management/src/app/operations/receive/page.tsx(6,33): error TS2307: Cannot find module '@/components/layout/dashboard-layout' or its corresponding type declarations.
archive/warehouse_management/src/app/operations/ship/page.tsx(6,33): error TS2307: Cannot find module '@/components/layout/dashboard-layout' or its corresponding type declarations.
archive/warehouse_management/src/app/operations/shipment-planning/page.tsx(11,33): error TS2307: Cannot find module '@/components/layout/dashboard-layout' or its corresponding type declarations.
archive/warehouse_management/src/app/operations/shipment-planning/page.tsx(12,28): error TS2307: Cannot find module '@/components/ui/page-header' or its corresponding type declarations.
archive/warehouse_management/src/app/operations/shipment-planning/page.tsx(19,8): error TS2307: Cannot find module '@/lib/config/shipment-planning' or its corresponding type declarations.
archive/warehouse_management/src/app/operations/shipment-planning/page.tsx(312,69): error TS2802: Type 'Set<string>' can only be iterated through when using the '--downlevelIteration' flag or with a '--target' of 'es2015' or higher.
archive/warehouse_management/src/app/reports/page.tsx(5,33): error TS2307: Cannot find module '@/components/layout/dashboard-layout' or its corresponding type declarations.
archive/warehouse_management/src/app/reports/page.tsx(22,12): error TS2551: Property 'storageLedger' does not exist on type 'PrismaClient<PrismaClientOptions, never, DefaultArgs>'. Did you mean 'wmsStorageLedger'?
archive/warehouse_management/src/app/reports/page.tsx(34,12): error TS2551: Property 'inventoryTransaction' does not exist on type 'PrismaClient<PrismaClientOptions, never, DefaultArgs>'. Did you mean 'wmsInventoryTransaction'?
archive/warehouse_management/src/app/reports/page.tsx(43,12): error TS2339: Property 'invoice' does not exist on type 'PrismaClient<PrismaClientOptions, never, DefaultArgs>'.
archive/warehouse_management/src/components/finance/storage-ledger-tab.tsx(5,28): error TS2307: Cannot find module '@/components/ui/empty-state' or its corresponding type declarations.
archive/warehouse_management/src/components/finance/storage-ledger-tab.tsx(7,10): error TS2305: Module '"@/lib/utils"' has no exported member 'formatCurrency'.
archive/warehouse_management/src/components/layout/dashboard-layout.tsx(2,28): error TS2307: Cannot find module '@/components/ui/breadcrumb' or its corresponding type declarations.
archive/warehouse_management/src/components/warehouse/warehouse-map.tsx(27,33): error TS2503: Cannot find namespace 'google'.
archive/warehouse_management/src/components/warehouse/warehouse-map.tsx(28,29): error TS2503: Cannot find namespace 'google'.
archive/warehouse_management/src/components/warehouse/warehouse-map.tsx(47,23): error TS2304: Cannot find name 'google'.
archive/warehouse_management/src/components/warehouse/warehouse-map.tsx(50,20): error TS2304: Cannot find name 'google'.
archive/warehouse_management/src/components/warehouse/warehouse-map.tsx(60,26): error TS2304: Cannot find name 'google'.
archive/warehouse_management/src/components/warehouse/warehouse-map.tsx(68,30): error TS2304: Cannot find name 'google'.
archive/warehouse_management/src/components/warehouse/warehouse-map.tsx(73,21): error TS2304: Cannot find name 'google'.
archive/warehouse_management/src/components/warehouse/warehouse-map.tsx(83,34): error TS2304: Cannot find name 'google'.
archive/warehouse_management/src/lib/auth.ts(5,10): error TS2305: Module '"@prisma/client"' has no exported member 'UserRole'.
archive/warehouse_management/src/lib/auth.ts(57,35): error TS2339: Property 'user' does not exist on type 'PrismaClient<PrismaClientOptions, never, DefaultArgs>'.
archive/warehouse_management/src/lib/auth.ts(87,22): error TS2339: Property 'user' does not exist on type 'PrismaClient<PrismaClientOptions, never, DefaultArgs>'.
archive/warehouse_management/src/lib/calculations/cost-aggregation.ts(2,10): error TS2724: '"@prisma/client"' has no exported member named 'CostCategory'. Did you mean 'WmsCostCategory'?
archive/warehouse_management/src/lib/calculations/cost-aggregation.ts(60,39): error TS2551: Property 'storageLedger' does not exist on type 'PrismaClient<PrismaClientOptions, never, DefaultArgs>'. Did you mean 'wmsStorageLedger'?
archive/warehouse_management/src/lib/calculations/cost-aggregation.ts(122,22): error TS2802: Type 'MapIterator<AggregatedCost>' can only be iterated through when using the '--downlevelIteration' flag or with a '--target' of 'es2015' or higher.
archive/warehouse_management/src/lib/calculations/cost-aggregation.ts(146,37): error TS2551: Property 'inventoryTransaction' does not exist on type 'PrismaClient<PrismaClientOptions, never, DefaultArgs>'. Did you mean 'wmsInventoryTransaction'?
archive/warehouse_management/src/lib/calculations/cost-aggregation.ts(164,34): error TS2339: Property 'costRate' does not exist on type 'PrismaClient<PrismaClientOptions, never, DefaultArgs>'.
archive/warehouse_management/src/lib/calculations/cost-aggregation.ts(184,51): error TS7006: Parameter 't' implicitly has an 'any' type.
archive/warehouse_management/src/lib/calculations/cost-aggregation.ts(187,60): error TS7006: Parameter 't' implicitly has an 'any' type.
archive/warehouse_management/src/lib/calculations/cost-aggregation.ts(188,62): error TS7006: Parameter 't' implicitly has an 'any' type.
archive/warehouse_management/src/lib/calculations/cost-aggregation.ts(190,40): error TS7006: Parameter 'r' implicitly has an 'any' type.
archive/warehouse_management/src/lib/calculations/cost-aggregation.ts(209,44): error TS7006: Parameter 'r' implicitly has an 'any' type.
archive/warehouse_management/src/lib/calculations/cost-aggregation.ts(214,8): error TS7006: Parameter 'sum' implicitly has an 'any' type.
archive/warehouse_management/src/lib/calculations/cost-aggregation.ts(214,13): error TS7006: Parameter 't' implicitly has an 'any' type.
archive/warehouse_management/src/lib/calculations/cost-aggregation.ts(227,19): error TS7006: Parameter 't' implicitly has an 'any' type.
archive/warehouse_management/src/lib/calculations/cost-aggregation.ts(228,16): error TS7006: Parameter 't' implicitly has an 'any' type.
archive/warehouse_management/src/lib/calculations/cost-aggregation.ts(241,44): error TS7006: Parameter 'r' implicitly has an 'any' type.
archive/warehouse_management/src/lib/calculations/cost-aggregation.ts(246,8): error TS7006: Parameter 'sum' implicitly has an 'any' type.
archive/warehouse_management/src/lib/calculations/cost-aggregation.ts(246,13): error TS7006: Parameter 't' implicitly has an 'any' type.
archive/warehouse_management/src/lib/calculations/cost-aggregation.ts(259,19): error TS7006: Parameter 't' implicitly has an 'any' type.
archive/warehouse_management/src/lib/calculations/cost-aggregation.ts(260,16): error TS7006: Parameter 't' implicitly has an 'any' type.
archive/warehouse_management/src/lib/calculations/cost-aggregation.ts(273,52): error TS7006: Parameter 't' implicitly has an 'any' type.
archive/warehouse_management/src/lib/calculations/cost-aggregation.ts(276,45): error TS7006: Parameter 'r' implicitly has an 'any' type.
archive/warehouse_management/src/lib/calculations/cost-aggregation.ts(281,8): error TS7006: Parameter 'sum' implicitly has an 'any' type.
archive/warehouse_management/src/lib/calculations/cost-aggregation.ts(281,13): error TS7006: Parameter 't' implicitly has an 'any' type.
archive/warehouse_management/src/lib/calculations/cost-aggregation.ts(294,19): error TS7006: Parameter 't' implicitly has an 'any' type.
archive/warehouse_management/src/lib/calculations/cost-aggregation.ts(295,16): error TS7006: Parameter 't' implicitly has an 'any' type.
archive/warehouse_management/src/lib/calculations/cost-aggregation.ts(308,45): error TS7006: Parameter 'r' implicitly has an 'any' type.
archive/warehouse_management/src/lib/calculations/cost-aggregation.ts(313,15): error TS7006: Parameter 't' implicitly has an 'any' type.
archive/warehouse_management/src/lib/calculations/cost-aggregation.ts(314,16): error TS7006: Parameter 'sum' implicitly has an 'any' type.
archive/warehouse_management/src/lib/calculations/cost-aggregation.ts(314,21): error TS7006: Parameter 't' implicitly has an 'any' type.
archive/warehouse_management/src/lib/calculations/cost-aggregation.ts(327,19): error TS7006: Parameter 't' implicitly has an 'any' type.
archive/warehouse_management/src/lib/calculations/cost-aggregation.ts(328,16): error TS7006: Parameter 't' implicitly has an 'any' type.
archive/warehouse_management/src/lib/calculations/cost-aggregation.ts(341,39): error TS7006: Parameter 'r' implicitly has an 'any' type.
archive/warehouse_management/src/lib/calculations/inventory-balance.ts(14,37): error TS2551: Property 'inventoryTransaction' does not exist on type 'PrismaClient<PrismaClientOptions, never, DefaultArgs>'. Did you mean 'wmsInventoryTransaction'?
archive/warehouse_management/src/lib/calculations/inventory-balance.ts(23,39): error TS2551: Property 'inventoryTransaction' does not exist on type 'PrismaClient<PrismaClientOptions, never, DefaultArgs>'. Did you mean 'wmsInventoryTransaction'?
archive/warehouse_management/src/lib/calculations/inventory-balance.ts(56,30): error TS2339: Property 'sku' does not exist on type 'PrismaClient<PrismaClientOptions, never, DefaultArgs>'.
archive/warehouse_management/src/lib/calculations/inventory-balance.ts(62,44): error TS2551: Property 'warehouseSkuConfig' does not exist on type 'PrismaClient<PrismaClientOptions, never, DefaultArgs>'. Did you mean 'wmsWarehouseSkuConfig'?
archive/warehouse_management/src/lib/calculations/inventory-balance.ts(83,18): error TS2551: Property 'inventoryBalance' does not exist on type 'PrismaClient<PrismaClientOptions, never, DefaultArgs>'. Did you mean 'wmsInventoryBalance'?
archive/warehouse_management/src/lib/calculations/inventory-balance.ts(116,16): error TS2551: Property 'inventoryBalance' does not exist on type 'PrismaClient<PrismaClientOptions, never, DefaultArgs>'. Did you mean 'wmsInventoryBalance'?
archive/warehouse_management/src/lib/calculations/inventory-balance.ts(133,32): error TS2551: Property 'inventoryBalance' does not exist on type 'PrismaClient<PrismaClientOptions, never, DefaultArgs>'. Did you mean 'wmsInventoryBalance'?
archive/warehouse_management/src/lib/calculations/inventory-balance.ts(145,35): error TS2551: Property 'inventoryBalance' does not exist on type 'PrismaClient<PrismaClientOptions, never, DefaultArgs>'. Did you mean 'wmsInventoryBalance'?
archive/warehouse_management/src/lib/calculations/inventory-balance.ts(169,34): error TS2551: Property 'inventoryTransaction' does not exist on type 'PrismaClient<PrismaClientOptions, never, DefaultArgs>'. Did you mean 'wmsInventoryTransaction'?
archive/warehouse_management/src/lib/calculations/inventory-balance.ts(186,37): error TS7006: Parameter 'acc' implicitly has an 'any' type.
archive/warehouse_management/src/lib/calculations/inventory-balance.ts(186,42): error TS7006: Parameter 'mov' implicitly has an 'any' type.
archive/warehouse_management/src/lib/calculations/storage-ledger.ts(42,43): error TS2551: Property 'inventoryBalance' does not exist on type 'PrismaClient<PrismaClientOptions, never, DefaultArgs>'. Did you mean 'wmsInventoryBalance'?
archive/warehouse_management/src/lib/calculations/storage-ledger.ts(114,36): error TS2339: Property 'costRate' does not exist on type 'PrismaClient<PrismaClientOptions, never, DefaultArgs>'.
archive/warehouse_management/src/lib/calculations/storage-ledger.ts(133,36): error TS2339: Property 'costRate' does not exist on type 'PrismaClient<PrismaClientOptions, never, DefaultArgs>'.
archive/warehouse_management/src/lib/calculations/storage-ledger.ts(160,22): error TS2551: Property 'storageLedger' does not exist on type 'PrismaClient<PrismaClientOptions, never, DefaultArgs>'. Did you mean 'wmsStorageLedger'?
archive/warehouse_management/src/lib/calculations/storage-ledger.ts(203,32): error TS2551: Property 'inventoryBalance' does not exist on type 'PrismaClient<PrismaClientOptions, never, DefaultArgs>'. Did you mean 'wmsInventoryBalance'?
archive/warehouse_management/src/lib/calculations/storage-ledger.ts(219,37): error TS2551: Property 'inventoryTransaction' does not exist on type 'PrismaClient<PrismaClientOptions, never, DefaultArgs>'. Did you mean 'wmsInventoryTransaction'?
archive/warehouse_management/src/lib/calculations/storage-ledger.ts(238,40): error TS2551: Property 'warehouseSkuConfig' does not exist on type 'PrismaClient<PrismaClientOptions, never, DefaultArgs>'. Did you mean 'wmsWarehouseSkuConfig'?
archive/warehouse_management/src/lib/calculations/storage-ledger.ts(266,37): error TS2551: Property 'inventoryTransaction' does not exist on type 'PrismaClient<PrismaClientOptions, never, DefaultArgs>'. Did you mean 'wmsInventoryTransaction'?
archive/warehouse_management/src/lib/financial-utils.ts(5,9): error TS2339: Property 'set' does not exist on type 'IDecimalStatic'.
archive/warehouse_management/src/lib/financial-utils.ts(12,18): error TS2749: 'Decimal' refers to a value, but is being used as a type here. Did you mean 'typeof Decimal'?
archive/warehouse_management/src/lib/financial-utils.ts(14,40): error TS2749: 'Decimal' refers to a value, but is being used as a type here. Did you mean 'typeof Decimal'?
archive/warehouse_management/src/lib/financial-utils.ts(21,32): error TS2749: 'Decimal' refers to a value, but is being used as a type here. Did you mean 'typeof Decimal'?
archive/warehouse_management/src/lib/financial-utils.ts(29,37): error TS2749: 'Decimal' refers to a value, but is being used as a type here. Did you mean 'typeof Decimal'?
archive/warehouse_management/src/lib/financial-utils.ts(37,37): error TS2749: 'Decimal' refers to a value, but is being used as a type here. Did you mean 'typeof Decimal'?
archive/warehouse_management/src/lib/financial-utils.ts(44,35): error TS2749: 'Decimal' refers to a value, but is being used as a type here. Did you mean 'typeof Decimal'?
archive/warehouse_management/src/lib/financial-utils.ts(58,35): error TS2749: 'Decimal' refers to a value, but is being used as a type here. Did you mean 'typeof Decimal'?
archive/warehouse_management/src/lib/financial-utils.ts(66,40): error TS2749: 'Decimal' refers to a value, but is being used as a type here. Did you mean 'typeof Decimal'?
archive/warehouse_management/src/lib/financial-utils.ts(74,37): error TS2749: 'Decimal' refers to a value, but is being used as a type here. Did you mean 'typeof Decimal'?
archive/warehouse_management/src/lib/financial-utils.ts(134,16): error TS2749: 'Decimal' refers to a value, but is being used as a type here. Did you mean 'typeof Decimal'?
archive/warehouse_management/src/lib/financial-utils.ts(152,41): error TS2749: 'Decimal' refers to a value, but is being used as a type here. Did you mean 'typeof Decimal'?
archive/warehouse_management/src/lib/financial-utils.ts(159,46): error TS2749: 'Decimal' refers to a value, but is being used as a type here. Did you mean 'typeof Decimal'?
archive/warehouse_management/src/lib/financial-utils.ts(169,49): error TS2749: 'Decimal' refers to a value, but is being used as a type here. Did you mean 'typeof Decimal'?
archive/warehouse_management/src/lib/financial-utils.ts(177,49): error TS2749: 'Decimal' refers to a value, but is being used as a type here. Did you mean 'typeof Decimal'?
archive/warehouse_management/src/lib/financial-utils.ts(213,37): error TS2749: 'Decimal' refers to a value, but is being used as a type here. Did you mean 'typeof Decimal'?
archive/warehouse_management/src/lib/financial-utils.ts(214,37): error TS2749: 'Decimal' refers to a value, but is being used as a type here. Did you mean 'typeof Decimal'?
archive/warehouse_management/src/types/index.ts(2,3): error TS2305: Module '"@prisma/client"' has no exported member 'UserRole'.
archive/warehouse_management/src/types/index.ts(3,3): error TS2724: '"@prisma/client"' has no exported member named 'TransactionType'. Did you mean 'WmsTransactionType'?
archive/warehouse_management/src/types/index.ts(4,3): error TS2724: '"@prisma/client"' has no exported member named 'CostCategory'. Did you mean 'WmsCostCategory'?
archive/warehouse_management/src/types/index.ts(5,3): error TS2724: '"@prisma/client"' has no exported member named 'InvoiceStatus'. Did you mean 'WmsInvoiceStatus'?
archive/warehouse_management/src/types/index.ts(6,3): error TS2724: '"@prisma/client"' has no exported member named 'ReconciliationStatus'. Did you mean 'WmsReconciliationStatus'?
archive/warehouse_management/tests/__tests__/app/admin/settings/skus/page.comprehensive.test.tsx(166,55): error TS2307: Cannot find module '@/app/admin/settings/skus/page' or its corresponding type declarations.
archive/warehouse_management/tests/__tests__/app/admin/settings/skus/page.comprehensive.test.tsx(174,55): error TS2307: Cannot find module '@/app/admin/settings/skus/page' or its corresponding type declarations.
archive/warehouse_management/tests/__tests__/app/admin/settings/skus/page.comprehensive.test.tsx(185,55): error TS2307: Cannot find module '@/app/admin/settings/skus/page' or its corresponding type declarations.
archive/warehouse_management/tests/__tests__/app/admin/settings/skus/page.comprehensive.test.tsx(209,55): error TS2307: Cannot find module '@/app/admin/settings/skus/page' or its corresponding type declarations.
archive/warehouse_management/tests/__tests__/app/admin/settings/skus/page.comprehensive.test.tsx(235,55): error TS2307: Cannot find module '@/app/admin/settings/skus/page' or its corresponding type declarations.
archive/warehouse_management/tests/__tests__/app/admin/settings/skus/page.comprehensive.test.tsx(243,55): error TS2307: Cannot find module '@/app/admin/settings/skus/page' or its corresponding type declarations.
archive/warehouse_management/tests/__tests__/app/admin/settings/skus/page.comprehensive.test.tsx(262,55): error TS2307: Cannot find module '@/app/admin/settings/skus/page' or its corresponding type declarations.
archive/warehouse_management/tests/__tests__/app/admin/settings/skus/page.comprehensive.test.tsx(274,55): error TS2307: Cannot find module '@/app/admin/settings/skus/page' or its corresponding type declarations.
archive/warehouse_management/tests/__tests__/app/admin/settings/skus/page.comprehensive.test.tsx(286,55): error TS2307: Cannot find module '@/app/admin/settings/skus/page' or its corresponding type declarations.
archive/warehouse_management/tests/__tests__/app/admin/settings/skus/page.comprehensive.test.tsx(295,55): error TS2307: Cannot find module '@/app/admin/settings/skus/page' or its corresponding type declarations.
archive/warehouse_management/tests/__tests__/app/admin/settings/skus/page.comprehensive.test.tsx(316,55): error TS2307: Cannot find module '@/app/admin/settings/skus/page' or its corresponding type declarations.
archive/warehouse_management/tests/__tests__/app/admin/settings/skus/page.comprehensive.test.tsx(324,55): error TS2307: Cannot find module '@/app/admin/settings/skus/page' or its corresponding type declarations.
archive/warehouse_management/tests/__tests__/app/admin/settings/skus/page.comprehensive.test.tsx(333,55): error TS2307: Cannot find module '@/app/admin/settings/skus/page' or its corresponding type declarations.
archive/warehouse_management/tests/__tests__/app/admin/settings/skus/page.comprehensive.test.tsx(345,55): error TS2307: Cannot find module '@/app/admin/settings/skus/page' or its corresponding type declarations.
archive/warehouse_management/tests/__tests__/app/admin/settings/skus/page.comprehensive.test.tsx(357,55): error TS2307: Cannot find module '@/app/admin/settings/skus/page' or its corresponding type declarations.
archive/warehouse_management/tests/__tests__/app/admin/settings/skus/page.comprehensive.test.tsx(365,55): error TS2307: Cannot find module '@/app/admin/settings/skus/page' or its corresponding type declarations.
archive/warehouse_management/tests/__tests__/app/admin/settings/skus/page.comprehensive.test.tsx(375,55): error TS2307: Cannot find module '@/app/admin/settings/skus/page' or its corresponding type declarations.
archive/warehouse_management/tests/__tests__/app/admin/settings/skus/page.comprehensive.test.tsx(384,55): error TS2307: Cannot find module '@/app/admin/settings/skus/page' or its corresponding type declarations.
archive/warehouse_management/tests/__tests__/app/admin/settings/skus/page.comprehensive.test.tsx(393,55): error TS2307: Cannot find module '@/app/admin/settings/skus/page' or its corresponding type declarations.
archive/warehouse_management/tests/__tests__/app/admin/settings/skus/page.comprehensive.test.tsx(408,55): error TS2307: Cannot find module '@/app/admin/settings/skus/page' or its corresponding type declarations.
archive/warehouse_management/tests/__tests__/app/admin/settings/skus/page.comprehensive.test.tsx(421,55): error TS2307: Cannot find module '@/app/admin/settings/skus/page' or its corresponding type declarations.
archive/warehouse_management/tests/__tests__/app/admin/settings/skus/page.comprehensive.test.tsx(431,55): error TS2307: Cannot find module '@/app/admin/settings/skus/page' or its corresponding type declarations.
archive/warehouse_management/tests/__tests__/app/admin/settings/skus/page.comprehensive.test.tsx(444,55): error TS2307: Cannot find module '@/app/admin/settings/skus/page' or its corresponding type declarations.
archive/warehouse_management/tests/__tests__/app/admin/settings/skus/page.comprehensive.test.tsx(469,55): error TS2307: Cannot find module '@/app/admin/settings/skus/page' or its corresponding type declarations.
archive/warehouse_management/tests/__tests__/app/admin/settings/skus/page.test.tsx(5,27): error TS2307: Cannot find module '@/app/admin/settings/skus/page' or its corresponding type declarations.
archive/warehouse_management/tests/__tests__/app/admin/settings/skus/page.test.tsx(7,26): error TS2307: Cannot find module '@/__tests__/test-utils' or its corresponding type declarations.
archive/warehouse_management/tests/__tests__/app/admin/settings/skus/page.test.tsx(29,24): error TS2352: Conversion of type '(url: string, type?: RedirectType | undefined) => never' to type 'Mock<any, any, any>' may be a mistake because neither type sufficiently overlaps with the other. If this was intentional, convert the expression to 'unknown' first.
  Type '(url: string, type?: RedirectType | undefined) => never' is missing the following properties from type 'Mock<any, any, any>': getMockName, mock, mockClear, mockReset, and 13 more.
archive/warehouse_management/tests/__tests__/app/admin/settings/skus/page.test.tsx(42,21): error TS2339: Property 'sku' does not exist on type 'PrismaClient<PrismaClientOptions, never, DefaultArgs>'.
archive/warehouse_management/tests/__tests__/app/admin/settings/skus/page.test.tsx(63,16): error TS2339: Property 'sku' does not exist on type 'PrismaClient<PrismaClientOptions, never, DefaultArgs>'.
archive/warehouse_management/tests/__tests__/app/admin/settings/skus/page.test.tsx(80,16): error TS2339: Property 'sku' does not exist on type 'PrismaClient<PrismaClientOptions, never, DefaultArgs>'.
archive/warehouse_management/tests/__tests__/app/admin/settings/skus/page.test.tsx(89,16): error TS2339: Property 'sku' does not exist on type 'PrismaClient<PrismaClientOptions, never, DefaultArgs>'.
archive/warehouse_management/tests/__tests__/app/admin/settings/skus/page.test.tsx(98,16): error TS2339: Property 'sku' does not exist on type 'PrismaClient<PrismaClientOptions, never, DefaultArgs>'.
archive/warehouse_management/tests/__tests__/app/admin/settings/skus/page.test.tsx(141,16): error TS2339: Property 'sku' does not exist on type 'PrismaClient<PrismaClientOptions, never, DefaultArgs>'.
archive/warehouse_management/tests/__tests__/app/admin/settings/skus/page.test.tsx(170,16): error TS2339: Property 'sku' does not exist on type 'PrismaClient<PrismaClientOptions, never, DefaultArgs>'.
archive/warehouse_management/tests/__tests__/app/admin/settings/skus/page.test.tsx(174,21): error TS2339: Property 'sku' does not exist on type 'PrismaClient<PrismaClientOptions, never, DefaultArgs>'.
archive/warehouse_management/tests/__tests__/app/admin/settings/skus/page.test.tsx(185,16): error TS2339: Property 'sku' does not exist on type 'PrismaClient<PrismaClientOptions, never, DefaultArgs>'.
archive/warehouse_management/tests/__tests__/app/admin/settings/skus/page.test.tsx(210,16): error TS2339: Property 'sku' does not exist on type 'PrismaClient<PrismaClientOptions, never, DefaultArgs>'.
archive/warehouse_management/tests/__tests__/app/admin/settings/skus/page.test.tsx(222,16): error TS2339: Property 'sku' does not exist on type 'PrismaClient<PrismaClientOptions, never, DefaultArgs>'.
archive/warehouse_management/tests/__tests__/app/admin/settings/skus/page.test.tsx(233,16): error TS2339: Property 'sku' does not exist on type 'PrismaClient<PrismaClientOptions, never, DefaultArgs>'.
archive/warehouse_management/tests/__tests__/app/admin/settings/skus/page.test.tsx(253,16): error TS2339: Property 'sku' does not exist on type 'PrismaClient<PrismaClientOptions, never, DefaultArgs>'.
archive/warehouse_management/tests/__tests__/app/admin/settings/skus/page.test.tsx(269,16): error TS2339: Property 'sku' does not exist on type 'PrismaClient<PrismaClientOptions, never, DefaultArgs>'.
archive/warehouse_management/tests/__tests__/app/admin/settings/skus/page.test.tsx(286,16): error TS2339: Property 'sku' does not exist on type 'PrismaClient<PrismaClientOptions, never, DefaultArgs>'.
archive/warehouse_management/tests/__tests__/app/api/calculations/route.test.ts(2,22): error TS2307: Cannot find module '@/app/api/calculations/route' or its corresponding type declarations.
archive/warehouse_management/tests/__tests__/app/api/calculations/route.test.ts(4,41): error TS2307: Cannot find module '@/lib/calculations/inventory-balance' or its corresponding type declarations.
archive/warehouse_management/tests/__tests__/app/api/calculations/route.test.ts(5,48): error TS2307: Cannot find module '@/lib/calculations/storage-ledger' or its corresponding type declarations.
archive/warehouse_management/tests/__tests__/app/api/transactions/route.test.ts(2,22): error TS2307: Cannot find module '@/app/api/transactions/route' or its corresponding type declarations.
archive/warehouse_management/tests/__tests__/app/api/transactions/route.test.ts(60,16): error TS2339: Property 'sku' does not exist on type 'PrismaClient<PrismaClientOptions, never, DefaultArgs>'.
archive/warehouse_management/tests/__tests__/app/api/transactions/route.test.ts(61,16): error TS2551: Property 'inventoryTransaction' does not exist on type 'PrismaClient<PrismaClientOptions, never, DefaultArgs>'. Did you mean 'wmsInventoryTransaction'?
archive/warehouse_management/tests/__tests__/app/api/transactions/route.test.ts(65,16): error TS2551: Property 'inventoryBalance' does not exist on type 'PrismaClient<PrismaClientOptions, never, DefaultArgs>'. Did you mean 'wmsInventoryBalance'?
archive/warehouse_management/tests/__tests__/app/api/transactions/route.test.ts(66,16): error TS2551: Property 'warehouseSkuConfig' does not exist on type 'PrismaClient<PrismaClientOptions, never, DefaultArgs>'. Did you mean 'wmsWarehouseSkuConfig'?
archive/warehouse_management/tests/__tests__/app/api/transactions/route.test.ts(69,16): error TS2551: Property 'inventoryBalance' does not exist on type 'PrismaClient<PrismaClientOptions, never, DefaultArgs>'. Did you mean 'wmsInventoryBalance'?
archive/warehouse_management/tests/__tests__/app/api/transactions/route.test.ts(123,16): error TS2339: Property 'sku' does not exist on type 'PrismaClient<PrismaClientOptions, never, DefaultArgs>'.
archive/warehouse_management/tests/__tests__/app/api/transactions/route.test.ts(124,16): error TS2551: Property 'inventoryTransaction' does not exist on type 'PrismaClient<PrismaClientOptions, never, DefaultArgs>'. Did you mean 'wmsInventoryTransaction'?
archive/warehouse_management/tests/__tests__/app/api/transactions/route.test.ts(128,16): error TS2551: Property 'inventoryBalance' does not exist on type 'PrismaClient<PrismaClientOptions, never, DefaultArgs>'. Did you mean 'wmsInventoryBalance'?
archive/warehouse_management/tests/__tests__/app/api/transactions/route.test.ts(129,16): error TS2551: Property 'warehouseSkuConfig' does not exist on type 'PrismaClient<PrismaClientOptions, never, DefaultArgs>'. Did you mean 'wmsWarehouseSkuConfig'?
archive/warehouse_management/tests/__tests__/app/api/transactions/route.test.ts(132,16): error TS2551: Property 'inventoryBalance' does not exist on type 'PrismaClient<PrismaClientOptions, never, DefaultArgs>'. Did you mean 'wmsInventoryBalance'?
archive/warehouse_management/tests/__tests__/app/api/transactions/route.test.ts(150,21): error TS2551: Property 'inventoryTransaction' does not exist on type 'PrismaClient<PrismaClientOptions, never, DefaultArgs>'. Did you mean 'wmsInventoryTransaction'?
archive/warehouse_management/tests/__tests__/app/api/transactions/route.test.ts(161,16): error TS2339: Property 'sku' does not exist on type 'PrismaClient<PrismaClientOptions, never, DefaultArgs>'.
archive/warehouse_management/tests/__tests__/app/api/transactions/route.test.ts(191,16): error TS2339: Property 'sku' does not exist on type 'PrismaClient<PrismaClientOptions, never, DefaultArgs>'.
archive/warehouse_management/tests/__tests__/app/api/transactions/route.test.ts(192,16): error TS2551: Property 'inventoryBalance' does not exist on type 'PrismaClient<PrismaClientOptions, never, DefaultArgs>'. Did you mean 'wmsInventoryBalance'?
archive/warehouse_management/tests/__tests__/app/api/transactions/route.test.ts(193,16): error TS2551: Property 'warehouseSkuConfig' does not exist on type 'PrismaClient<PrismaClientOptions, never, DefaultArgs>'. Did you mean 'wmsWarehouseSkuConfig'?
archive/warehouse_management/tests/__tests__/app/api/transactions/route.test.ts(196,16): error TS2551: Property 'inventoryTransaction' does not exist on type 'PrismaClient<PrismaClientOptions, never, DefaultArgs>'. Did you mean 'wmsInventoryTransaction'?
archive/warehouse_management/tests/__tests__/app/api/transactions/route.test.ts(200,16): error TS2551: Property 'inventoryBalance' does not exist on type 'PrismaClient<PrismaClientOptions, never, DefaultArgs>'. Did you mean 'wmsInventoryBalance'?
archive/warehouse_management/tests/__tests__/app/api/transactions/route.test.ts(229,21): error TS2551: Property 'inventoryTransaction' does not exist on type 'PrismaClient<PrismaClientOptions, never, DefaultArgs>'. Did you mean 'wmsInventoryTransaction'?
archive/warehouse_management/tests/__tests__/app/api/transactions/route.test.ts(241,21): error TS2551: Property 'inventoryBalance' does not exist on type 'PrismaClient<PrismaClientOptions, never, DefaultArgs>'. Did you mean 'wmsInventoryBalance'?
archive/warehouse_management/tests/__tests__/app/api/transactions/route.test.ts(255,16): error TS2339: Property 'sku' does not exist on type 'PrismaClient<PrismaClientOptions, never, DefaultArgs>'.
archive/warehouse_management/tests/__tests__/app/api/transactions/route.test.ts(256,16): error TS2551: Property 'inventoryBalance' does not exist on type 'PrismaClient<PrismaClientOptions, never, DefaultArgs>'. Did you mean 'wmsInventoryBalance'?
archive/warehouse_management/tests/__tests__/app/api/transactions/route.test.ts(257,16): error TS2551: Property 'warehouseSkuConfig' does not exist on type 'PrismaClient<PrismaClientOptions, never, DefaultArgs>'. Did you mean 'wmsWarehouseSkuConfig'?
archive/warehouse_management/tests/__tests__/app/api/transactions/route.test.ts(260,16): error TS2551: Property 'inventoryTransaction' does not exist on type 'PrismaClient<PrismaClientOptions, never, DefaultArgs>'. Did you mean 'wmsInventoryTransaction'?
archive/warehouse_management/tests/__tests__/app/api/transactions/route.test.ts(264,16): error TS2551: Property 'inventoryBalance' does not exist on type 'PrismaClient<PrismaClientOptions, never, DefaultArgs>'. Did you mean 'wmsInventoryBalance'?
archive/warehouse_management/tests/__tests__/app/api/transactions/route.test.ts(283,21): error TS2551: Property 'inventoryBalance' does not exist on type 'PrismaClient<PrismaClientOptions, never, DefaultArgs>'. Did you mean 'wmsInventoryBalance'?
archive/warehouse_management/tests/__tests__/app/api/transactions/route.test.ts(305,16): error TS2339: Property 'sku' does not exist on type 'PrismaClient<PrismaClientOptions, never, DefaultArgs>'.
archive/warehouse_management/tests/__tests__/app/api/transactions/route.test.ts(306,16): error TS2551: Property 'inventoryBalance' does not exist on type 'PrismaClient<PrismaClientOptions, never, DefaultArgs>'. Did you mean 'wmsInventoryBalance'?
archive/warehouse_management/tests/__tests__/app/api/transactions/route.test.ts(307,16): error TS2551: Property 'warehouseSkuConfig' does not exist on type 'PrismaClient<PrismaClientOptions, never, DefaultArgs>'. Did you mean 'wmsWarehouseSkuConfig'?
archive/warehouse_management/tests/__tests__/app/api/transactions/route.test.ts(310,16): error TS2551: Property 'inventoryTransaction' does not exist on type 'PrismaClient<PrismaClientOptions, never, DefaultArgs>'. Did you mean 'wmsInventoryTransaction'?
archive/warehouse_management/tests/__tests__/app/api/transactions/route.test.ts(314,16): error TS2551: Property 'inventoryBalance' does not exist on type 'PrismaClient<PrismaClientOptions, never, DefaultArgs>'. Did you mean 'wmsInventoryBalance'?
archive/warehouse_management/tests/__tests__/app/api/transactions/route.test.ts(343,21): error TS2551: Property 'inventoryTransaction' does not exist on type 'PrismaClient<PrismaClientOptions, never, DefaultArgs>'. Did you mean 'wmsInventoryTransaction'?
archive/warehouse_management/tests/__tests__/app/api/transactions/route.test.ts(355,21): error TS2551: Property 'inventoryBalance' does not exist on type 'PrismaClient<PrismaClientOptions, never, DefaultArgs>'. Did you mean 'wmsInventoryBalance'?
archive/warehouse_management/tests/__tests__/app/api/transactions/route.test.ts(372,16): error TS2339: Property 'sku' does not exist on type 'PrismaClient<PrismaClientOptions, never, DefaultArgs>'.
archive/warehouse_management/tests/__tests__/app/api/transactions/route.test.ts(373,16): error TS2551: Property 'inventoryBalance' does not exist on type 'PrismaClient<PrismaClientOptions, never, DefaultArgs>'. Did you mean 'wmsInventoryBalance'?
archive/warehouse_management/tests/__tests__/app/api/transactions/route.test.ts(374,16): error TS2551: Property 'warehouseSkuConfig' does not exist on type 'PrismaClient<PrismaClientOptions, never, DefaultArgs>'. Did you mean 'wmsWarehouseSkuConfig'?
archive/warehouse_management/tests/__tests__/app/api/transactions/route.test.ts(377,16): error TS2551: Property 'inventoryTransaction' does not exist on type 'PrismaClient<PrismaClientOptions, never, DefaultArgs>'. Did you mean 'wmsInventoryTransaction'?
archive/warehouse_management/tests/__tests__/app/api/transactions/route.test.ts(381,16): error TS2551: Property 'inventoryBalance' does not exist on type 'PrismaClient<PrismaClientOptions, never, DefaultArgs>'. Did you mean 'wmsInventoryBalance'?
archive/warehouse_management/tests/__tests__/app/api/transactions/route.test.ts(402,21): error TS2551: Property 'inventoryBalance' does not exist on type 'PrismaClient<PrismaClientOptions, never, DefaultArgs>'. Did you mean 'wmsInventoryBalance'?
archive/warehouse_management/tests/__tests__/app/api/transactions/route.test.ts(419,16): error TS2339: Property 'sku' does not exist on type 'PrismaClient<PrismaClientOptions, never, DefaultArgs>'.
archive/warehouse_management/tests/__tests__/app/api/transactions/route.test.ts(422,16): error TS2551: Property 'inventoryBalance' does not exist on type 'PrismaClient<PrismaClientOptions, never, DefaultArgs>'. Did you mean 'wmsInventoryBalance'?
archive/warehouse_management/tests/__tests__/app/api/transactions/route.test.ts(423,16): error TS2551: Property 'warehouseSkuConfig' does not exist on type 'PrismaClient<PrismaClientOptions, never, DefaultArgs>'. Did you mean 'wmsWarehouseSkuConfig'?
archive/warehouse_management/tests/__tests__/app/api/transactions/route.test.ts(426,16): error TS2551: Property 'inventoryTransaction' does not exist on type 'PrismaClient<PrismaClientOptions, never, DefaultArgs>'. Did you mean 'wmsInventoryTransaction'?
archive/warehouse_management/tests/__tests__/app/api/transactions/route.test.ts(430,16): error TS2551: Property 'inventoryBalance' does not exist on type 'PrismaClient<PrismaClientOptions, never, DefaultArgs>'. Did you mean 'wmsInventoryBalance'?
archive/warehouse_management/tests/__tests__/app/api/transactions/route.test.ts(456,21): error TS2551: Property 'inventoryTransaction' does not exist on type 'PrismaClient<PrismaClientOptions, never, DefaultArgs>'. Did you mean 'wmsInventoryTransaction'?
archive/warehouse_management/tests/__tests__/app/api/transactions/route.test.ts(463,16): error TS2339: Property 'sku' does not exist on type 'PrismaClient<PrismaClientOptions, never, DefaultArgs>'.
archive/warehouse_management/tests/__tests__/app/api/transactions/route.test.ts(509,16): error TS2339: Property 'sku' does not exist on type 'PrismaClient<PrismaClientOptions, never, DefaultArgs>'.
archive/warehouse_management/tests/__tests__/app/api/transactions/route.test.ts(510,16): error TS2551: Property 'inventoryBalance' does not exist on type 'PrismaClient<PrismaClientOptions, never, DefaultArgs>'. Did you mean 'wmsInventoryBalance'?
archive/warehouse_management/tests/__tests__/app/api/transactions/route.test.ts(511,16): error TS2551: Property 'warehouseSkuConfig' does not exist on type 'PrismaClient<PrismaClientOptions, never, DefaultArgs>'. Did you mean 'wmsWarehouseSkuConfig'?
archive/warehouse_management/tests/__tests__/app/api/transactions/route.test.ts(514,16): error TS2551: Property 'inventoryTransaction' does not exist on type 'PrismaClient<PrismaClientOptions, never, DefaultArgs>'. Did you mean 'wmsInventoryTransaction'?
archive/warehouse_management/tests/__tests__/app/api/transactions/route.test.ts(518,16): error TS2551: Property 'inventoryBalance' does not exist on type 'PrismaClient<PrismaClientOptions, never, DefaultArgs>'. Did you mean 'wmsInventoryBalance'?
archive/warehouse_management/tests/__tests__/app/api/transactions/route.test.ts(536,21): error TS2551: Property 'inventoryTransaction' does not exist on type 'PrismaClient<PrismaClientOptions, never, DefaultArgs>'. Did you mean 'wmsInventoryTransaction'?
archive/warehouse_management/tests/__tests__/app/auth/login/page.test.tsx(7,23): error TS2307: Cannot find module '@/app/auth/login/page' or its corresponding type declarations.
archive/warehouse_management/tests/__tests__/components/layout/main-nav.test.tsx(5,25): error TS2307: Cannot find module '@/components/layout/main-nav' or its corresponding type declarations.
archive/warehouse_management/tests/__tests__/components/layout/main-nav.test.tsx(6,38): error TS2307: Cannot find module '@/__tests__/test-utils' or its corresponding type declarations.
archive/warehouse_management/tests/__tests__/components/ui/notifications-modals.test.tsx(605,11): error TS2304: Cannot find name 'user'.
archive/warehouse_management/tests/__tests__/components/ui/notifications-modals.test.tsx(624,11): error TS2304: Cannot find name 'user'.
archive/warehouse_management/tests/__tests__/components/ui/notifications-modals.test.tsx(628,11): error TS2304: Cannot find name 'user'.
archive/warehouse_management/tests/__tests__/components/ui/notifications-modals.test.tsx(635,11): error TS2304: Cannot find name 'user'.
archive/warehouse_management/tests/__tests__/integration/billing-workflow.test.ts(1,41): error TS2307: Cannot find module '@/app/api/calculations/route' or its corresponding type declarations.
archive/warehouse_management/tests/__tests__/integration/billing-workflow.test.ts(2,40): error TS2307: Cannot find module '@/app/api/reports/route' or its corresponding type declarations.
archive/warehouse_management/tests/__tests__/integration/billing-workflow.test.ts(129,16): error TS2551: Property 'warehouse' does not exist on type 'PrismaClient<PrismaClientOptions, never, DefaultArgs>'. Did you mean 'wmsWarehouse'?
archive/warehouse_management/tests/__tests__/integration/billing-workflow.test.ts(130,16): error TS2551: Property 'storageLedger' does not exist on type 'PrismaClient<PrismaClientOptions, never, DefaultArgs>'. Did you mean 'wmsStorageLedger'?
archive/warehouse_management/tests/__tests__/integration/billing-workflow.test.ts(131,16): error TS2551: Property 'storageLedger' does not exist on type 'PrismaClient<PrismaClientOptions, never, DefaultArgs>'. Did you mean 'wmsStorageLedger'?
archive/warehouse_management/tests/__tests__/integration/billing-workflow.test.ts(134,16): error TS2339: Property 'costRate' does not exist on type 'PrismaClient<PrismaClientOptions, never, DefaultArgs>'.
archive/warehouse_management/tests/__tests__/integration/billing-workflow.test.ts(163,21): error TS2551: Property 'storageLedger' does not exist on type 'PrismaClient<PrismaClientOptions, never, DefaultArgs>'. Did you mean 'wmsStorageLedger'?
archive/warehouse_management/tests/__tests__/integration/billing-workflow.test.ts(192,16): error TS2339: Property 'invoiceInput' does not exist on type 'PrismaClient<PrismaClientOptions, never, DefaultArgs>'.
archive/warehouse_management/tests/__tests__/integration/billing-workflow.test.ts(198,16): error TS2339: Property 'invoiceInput' does not exist on type 'PrismaClient<PrismaClientOptions, never, DefaultArgs>'.
archive/warehouse_management/tests/__tests__/integration/billing-workflow.test.ts(205,16): error TS2551: Property 'calculatedCost' does not exist on type 'PrismaClient<PrismaClientOptions, never, DefaultArgs>'. Did you mean 'wmsCalculatedCost'?
archive/warehouse_management/tests/__tests__/integration/billing-workflow.test.ts(278,16): error TS2551: Property 'warehouse' does not exist on type 'PrismaClient<PrismaClientOptions, never, DefaultArgs>'. Did you mean 'wmsWarehouse'?
archive/warehouse_management/tests/__tests__/integration/billing-workflow.test.ts(279,16): error TS2551: Property 'storageLedger' does not exist on type 'PrismaClient<PrismaClientOptions, never, DefaultArgs>'. Did you mean 'wmsStorageLedger'?
archive/warehouse_management/tests/__tests__/integration/billing-workflow.test.ts(280,16): error TS2551: Property 'storageLedger' does not exist on type 'PrismaClient<PrismaClientOptions, never, DefaultArgs>'. Did you mean 'wmsStorageLedger'?
archive/warehouse_management/tests/__tests__/integration/billing-workflow.test.ts(330,16): error TS2551: Property 'warehouse' does not exist on type 'PrismaClient<PrismaClientOptions, never, DefaultArgs>'. Did you mean 'wmsWarehouse'?
archive/warehouse_management/tests/__tests__/integration/billing-workflow.test.ts(331,16): error TS2339: Property 'costRate' does not exist on type 'PrismaClient<PrismaClientOptions, never, DefaultArgs>'.
archive/warehouse_management/tests/__tests__/integration/billing-workflow.test.ts(334,16): error TS2551: Property 'storageLedger' does not exist on type 'PrismaClient<PrismaClientOptions, never, DefaultArgs>'. Did you mean 'wmsStorageLedger'?
archive/warehouse_management/tests/__tests__/integration/billing-workflow.test.ts(338,16): error TS2551: Property 'storageLedger' does not exist on type 'PrismaClient<PrismaClientOptions, never, DefaultArgs>'. Did you mean 'wmsStorageLedger'?
archive/warehouse_management/tests/__tests__/integration/billing-workflow.test.ts(343,16): error TS2551: Property 'inventoryTransaction' does not exist on type 'PrismaClient<PrismaClientOptions, never, DefaultArgs>'. Did you mean 'wmsInventoryTransaction'?
archive/warehouse_management/tests/__tests__/integration/billing-workflow.test.ts(347,16): error TS2551: Property 'inventoryTransaction' does not exist on type 'PrismaClient<PrismaClientOptions, never, DefaultArgs>'. Did you mean 'wmsInventoryTransaction'?
archive/warehouse_management/tests/__tests__/integration/billing-workflow.test.ts(407,16): error TS2551: Property 'warehouse' does not exist on type 'PrismaClient<PrismaClientOptions, never, DefaultArgs>'. Did you mean 'wmsWarehouse'?
archive/warehouse_management/tests/__tests__/integration/billing-workflow.test.ts(408,16): error TS2339: Property 'invoiceInput' does not exist on type 'PrismaClient<PrismaClientOptions, never, DefaultArgs>'.
archive/warehouse_management/tests/__tests__/integration/billing-workflow.test.ts(409,16): error TS2551: Property 'calculatedCost' does not exist on type 'PrismaClient<PrismaClientOptions, never, DefaultArgs>'. Did you mean 'wmsCalculatedCost'?
archive/warehouse_management/tests/__tests__/integration/billing-workflow.test.ts(470,16): error TS2551: Property 'warehouse' does not exist on type 'PrismaClient<PrismaClientOptions, never, DefaultArgs>'. Did you mean 'wmsWarehouse'?
archive/warehouse_management/tests/__tests__/integration/billing-workflow.test.ts(471,16): error TS2551: Property 'storageLedger' does not exist on type 'PrismaClient<PrismaClientOptions, never, DefaultArgs>'. Did you mean 'wmsStorageLedger'?
archive/warehouse_management/tests/__tests__/integration/billing-workflow.test.ts(474,16): error TS2551: Property 'inventoryTransaction' does not exist on type 'PrismaClient<PrismaClientOptions, never, DefaultArgs>'. Did you mean 'wmsInventoryTransaction'?
archive/warehouse_management/tests/__tests__/integration/billing-workflow.test.ts(510,16): error TS2551: Property 'warehouse' does not exist on type 'PrismaClient<PrismaClientOptions, never, DefaultArgs>'. Did you mean 'wmsWarehouse'?
archive/warehouse_management/tests/__tests__/integration/billing-workflow.test.ts(511,16): error TS2551: Property 'storageLedger' does not exist on type 'PrismaClient<PrismaClientOptions, never, DefaultArgs>'. Did you mean 'wmsStorageLedger'?
archive/warehouse_management/tests/__tests__/integration/billing-workflow.test.ts(516,16): error TS2551: Property 'calculatedCost' does not exist on type 'PrismaClient<PrismaClientOptions, never, DefaultArgs>'. Did you mean 'wmsCalculatedCost'?
archive/warehouse_management/tests/__tests__/integration/inventory-workflow.test.ts(1,43): error TS2307: Cannot find module '@/app/api/transactions/route' or its corresponding type declarations.
archive/warehouse_management/tests/__tests__/integration/inventory-workflow.test.ts(2,41): error TS2307: Cannot find module '@/app/api/calculations/route' or its corresponding type declarations.
archive/warehouse_management/tests/__tests__/integration/inventory-workflow.test.ts(3,40): error TS2307: Cannot find module '@/app/api/reports/route' or its corresponding type declarations.
archive/warehouse_management/tests/__tests__/integration/inventory-workflow.test.ts(89,16): error TS2339: Property 'sku' does not exist on type 'PrismaClient<PrismaClientOptions, never, DefaultArgs>'.
archive/warehouse_management/tests/__tests__/integration/inventory-workflow.test.ts(90,16): error TS2551: Property 'inventoryBalance' does not exist on type 'PrismaClient<PrismaClientOptions, never, DefaultArgs>'. Did you mean 'wmsInventoryBalance'?
archive/warehouse_management/tests/__tests__/integration/inventory-workflow.test.ts(91,16): error TS2551: Property 'warehouseSkuConfig' does not exist on type 'PrismaClient<PrismaClientOptions, never, DefaultArgs>'. Did you mean 'wmsWarehouseSkuConfig'?
archive/warehouse_management/tests/__tests__/integration/inventory-workflow.test.ts(92,16): error TS2551: Property 'inventoryTransaction' does not exist on type 'PrismaClient<PrismaClientOptions, never, DefaultArgs>'. Did you mean 'wmsInventoryTransaction'?
archive/warehouse_management/tests/__tests__/integration/inventory-workflow.test.ts(96,16): error TS2551: Property 'inventoryBalance' does not exist on type 'PrismaClient<PrismaClientOptions, never, DefaultArgs>'. Did you mean 'wmsInventoryBalance'?
archive/warehouse_management/tests/__tests__/integration/inventory-workflow.test.ts(123,21): error TS2551: Property 'inventoryTransaction' does not exist on type 'PrismaClient<PrismaClientOptions, never, DefaultArgs>'. Did you mean 'wmsInventoryTransaction'?
archive/warehouse_management/tests/__tests__/integration/inventory-workflow.test.ts(124,21): error TS2551: Property 'inventoryBalance' does not exist on type 'PrismaClient<PrismaClientOptions, never, DefaultArgs>'. Did you mean 'wmsInventoryBalance'?
archive/warehouse_management/tests/__tests__/integration/inventory-workflow.test.ts(165,16): error TS2551: Property 'inventoryBalance' does not exist on type 'PrismaClient<PrismaClientOptions, never, DefaultArgs>'. Did you mean 'wmsInventoryBalance'?
archive/warehouse_management/tests/__tests__/integration/inventory-workflow.test.ts(166,16): error TS2551: Property 'inventoryTransaction' does not exist on type 'PrismaClient<PrismaClientOptions, never, DefaultArgs>'. Did you mean 'wmsInventoryTransaction'?
archive/warehouse_management/tests/__tests__/integration/inventory-workflow.test.ts(170,16): error TS2551: Property 'inventoryBalance' does not exist on type 'PrismaClient<PrismaClientOptions, never, DefaultArgs>'. Did you mean 'wmsInventoryBalance'?
archive/warehouse_management/tests/__tests__/integration/inventory-workflow.test.ts(197,21): error TS2551: Property 'inventoryBalance' does not exist on type 'PrismaClient<PrismaClientOptions, never, DefaultArgs>'. Did you mean 'wmsInventoryBalance'?
archive/warehouse_management/tests/__tests__/integration/inventory-workflow.test.ts(205,16): error TS2551: Property 'warehouse' does not exist on type 'PrismaClient<PrismaClientOptions, never, DefaultArgs>'. Did you mean 'wmsWarehouse'?
archive/warehouse_management/tests/__tests__/integration/inventory-workflow.test.ts(206,16): error TS2339: Property 'sku' does not exist on type 'PrismaClient<PrismaClientOptions, never, DefaultArgs>'.
archive/warehouse_management/tests/__tests__/integration/inventory-workflow.test.ts(207,16): error TS2551: Property 'inventoryTransaction' does not exist on type 'PrismaClient<PrismaClientOptions, never, DefaultArgs>'. Did you mean 'wmsInventoryTransaction'?
archive/warehouse_management/tests/__tests__/integration/inventory-workflow.test.ts(211,16): error TS2551: Property 'inventoryBalance' does not exist on type 'PrismaClient<PrismaClientOptions, never, DefaultArgs>'. Did you mean 'wmsInventoryBalance'?
archive/warehouse_management/tests/__tests__/integration/inventory-workflow.test.ts(219,16): error TS2551: Property 'storageLedger' does not exist on type 'PrismaClient<PrismaClientOptions, never, DefaultArgs>'. Did you mean 'wmsStorageLedger'?
archive/warehouse_management/tests/__tests__/integration/inventory-workflow.test.ts(225,16): error TS2339: Property 'costRate' does not exist on type 'PrismaClient<PrismaClientOptions, never, DefaultArgs>'.
archive/warehouse_management/tests/__tests__/integration/inventory-workflow.test.ts(251,16): error TS2339: Property 'sku' does not exist on type 'PrismaClient<PrismaClientOptions, never, DefaultArgs>'.
archive/warehouse_management/tests/__tests__/integration/inventory-workflow.test.ts(252,16): error TS2551: Property 'inventoryBalance' does not exist on type 'PrismaClient<PrismaClientOptions, never, DefaultArgs>'. Did you mean 'wmsInventoryBalance'?
archive/warehouse_management/tests/__tests__/integration/inventory-workflow.test.ts(253,16): error TS2551: Property 'warehouseSkuConfig' does not exist on type 'PrismaClient<PrismaClientOptions, never, DefaultArgs>'. Did you mean 'wmsWarehouseSkuConfig'?
archive/warehouse_management/tests/__tests__/integration/inventory-workflow.test.ts(256,16): error TS2551: Property 'inventoryTransaction' does not exist on type 'PrismaClient<PrismaClientOptions, never, DefaultArgs>'. Did you mean 'wmsInventoryTransaction'?
archive/warehouse_management/tests/__tests__/integration/inventory-workflow.test.ts(263,16): error TS2551: Property 'inventoryBalance' does not exist on type 'PrismaClient<PrismaClientOptions, never, DefaultArgs>'. Did you mean 'wmsInventoryBalance'?
archive/warehouse_management/tests/__tests__/integration/inventory-workflow.test.ts(295,21): error TS2551: Property 'inventoryBalance' does not exist on type 'PrismaClient<PrismaClientOptions, never, DefaultArgs>'. Did you mean 'wmsInventoryBalance'?
archive/warehouse_management/tests/__tests__/integration/inventory-workflow.test.ts(296,21): error TS2551: Property 'inventoryBalance' does not exist on type 'PrismaClient<PrismaClientOptions, never, DefaultArgs>'. Did you mean 'wmsInventoryBalance'?
archive/warehouse_management/tests/__tests__/integration/inventory-workflow.test.ts(302,21): error TS2551: Property 'inventoryBalance' does not exist on type 'PrismaClient<PrismaClientOptions, never, DefaultArgs>'. Did you mean 'wmsInventoryBalance'?
archive/warehouse_management/tests/__tests__/integration/inventory-workflow.test.ts(310,16): error TS2551: Property 'warehouse' does not exist on type 'PrismaClient<PrismaClientOptions, never, DefaultArgs>'. Did you mean 'wmsWarehouse'?
archive/warehouse_management/tests/__tests__/integration/inventory-workflow.test.ts(311,16): error TS2551: Property 'inventoryBalance' does not exist on type 'PrismaClient<PrismaClientOptions, never, DefaultArgs>'. Did you mean 'wmsInventoryBalance'?
archive/warehouse_management/tests/__tests__/integration/inventory-workflow.test.ts(340,16): error TS2339: Property 'sku' does not exist on type 'PrismaClient<PrismaClientOptions, never, DefaultArgs>'.
archive/warehouse_management/tests/__tests__/integration/inventory-workflow.test.ts(341,16): error TS2551: Property 'inventoryBalance' does not exist on type 'PrismaClient<PrismaClientOptions, never, DefaultArgs>'. Did you mean 'wmsInventoryBalance'?
archive/warehouse_management/tests/__tests__/integration/inventory-workflow.test.ts(342,16): error TS2551: Property 'warehouseSkuConfig' does not exist on type 'PrismaClient<PrismaClientOptions, never, DefaultArgs>'. Did you mean 'wmsWarehouseSkuConfig'?
archive/warehouse_management/tests/__tests__/integration/inventory-workflow.test.ts(345,16): error TS2551: Property 'inventoryTransaction' does not exist on type 'PrismaClient<PrismaClientOptions, never, DefaultArgs>'. Did you mean 'wmsInventoryTransaction'?
archive/warehouse_management/tests/__tests__/integration/inventory-workflow.test.ts(349,16): error TS2551: Property 'inventoryBalance' does not exist on type 'PrismaClient<PrismaClientOptions, never, DefaultArgs>'. Did you mean 'wmsInventoryBalance'?
archive/warehouse_management/tests/__tests__/integration/inventory-workflow.test.ts(362,21): error TS2551: Property 'inventoryTransaction' does not exist on type 'PrismaClient<PrismaClientOptions, never, DefaultArgs>'. Did you mean 'wmsInventoryTransaction'?
archive/warehouse_management/tests/__tests__/integration/inventory-workflow.test.ts(393,16): error TS2339: Property 'sku' does not exist on type 'PrismaClient<PrismaClientOptions, never, DefaultArgs>'.
archive/warehouse_management/tests/__tests__/integration/inventory-workflow.test.ts(415,21): error TS2551: Property 'inventoryTransaction' does not exist on type 'PrismaClient<PrismaClientOptions, never, DefaultArgs>'. Did you mean 'wmsInventoryTransaction'?
archive/warehouse_management/tests/__tests__/integration/inventory-workflow.test.ts(443,16): error TS2339: Property 'sku' does not exist on type 'PrismaClient<PrismaClientOptions, never, DefaultArgs>'.
archive/warehouse_management/tests/__tests__/integration/inventory-workflow.test.ts(447,16): error TS2551: Property 'inventoryBalance' does not exist on type 'PrismaClient<PrismaClientOptions, never, DefaultArgs>'. Did you mean 'wmsInventoryBalance'?
archive/warehouse_management/tests/__tests__/integration/inventory-workflow.test.ts(448,16): error TS2551: Property 'warehouseSkuConfig' does not exist on type 'PrismaClient<PrismaClientOptions, never, DefaultArgs>'. Did you mean 'wmsWarehouseSkuConfig'?
archive/warehouse_management/tests/__tests__/integration/inventory-workflow.test.ts(451,16): error TS2551: Property 'inventoryTransaction' does not exist on type 'PrismaClient<PrismaClientOptions, never, DefaultArgs>'. Did you mean 'wmsInventoryTransaction'?
archive/warehouse_management/tests/__tests__/integration/inventory-workflow.test.ts(457,16): error TS2551: Property 'inventoryBalance' does not exist on type 'PrismaClient<PrismaClientOptions, never, DefaultArgs>'. Did you mean 'wmsInventoryBalance'?
archive/warehouse_management/tests/__tests__/integration/inventory-workflow.test.ts(478,21): error TS2551: Property 'inventoryTransaction' does not exist on type 'PrismaClient<PrismaClientOptions, never, DefaultArgs>'. Did you mean 'wmsInventoryTransaction'?
archive/warehouse_management/tests/__tests__/integration/inventory-workflow.test.ts(479,21): error TS2551: Property 'inventoryBalance' does not exist on type 'PrismaClient<PrismaClientOptions, never, DefaultArgs>'. Did you mean 'wmsInventoryBalance'?
archive/warehouse_management/tests/__tests__/lib/auth.test.ts(61,16): error TS2339: Property 'user' does not exist on type 'PrismaClient<PrismaClientOptions, never, DefaultArgs>'.
archive/warehouse_management/tests/__tests__/lib/auth.test.ts(69,21): error TS2339: Property 'user' does not exist on type 'PrismaClient<PrismaClientOptions, never, DefaultArgs>'.
archive/warehouse_management/tests/__tests__/lib/auth.test.ts(90,16): error TS2339: Property 'user' does not exist on type 'PrismaClient<PrismaClientOptions, never, DefaultArgs>'.
archive/warehouse_management/tests/__tests__/lib/auth.test.ts(102,16): error TS2339: Property 'user' does not exist on type 'PrismaClient<PrismaClientOptions, never, DefaultArgs>'.
archive/warehouse_management/tests/__tests__/lib/auth.test.ts(121,16): error TS2339: Property 'user' does not exist on type 'PrismaClient<PrismaClientOptions, never, DefaultArgs>'.
archive/warehouse_management/tests/__tests__/lib/auth.test.ts(144,56): error TS2345: Argument of type '{ token: { role: string; sub: string; }; user: { id: string; email: string; name: string; role: string; warehouseId: string; }; }' is not assignable to parameter of type '{ token: JWT; user: User | AdapterUser; account: Account | null; profile?: Profile | undefined; trigger?: "signIn" | "update" | "signUp" | undefined; isNewUser?: boolean | undefined; session?: any; }'.
  Property 'account' is missing in type '{ token: { role: string; sub: string; }; user: { id: string; email: string; name: string; role: string; warehouseId: string; }; }' but required in type '{ token: JWT; user: User | AdapterUser; account: Account | null; profile?: Profile | undefined; trigger?: "signIn" | "update" | "signUp" | undefined; isNewUser?: boolean | undefined; session?: any; }'.
archive/warehouse_management/tests/__tests__/lib/auth.test.ts(174,71): error TS2322: Type '{ id: string; email: string; name: string; role: string; warehouseId: null; }' is not assignable to type 'JWT'.
  Types of property 'warehouseId' are incompatible.
    Type 'null' is not assignable to type 'string | undefined'.
archive/warehouse_management/tests/__tests__/lib/auth.test.ts(208,18): error TS2339: Property 'user' does not exist on type 'PrismaClient<PrismaClientOptions, never, DefaultArgs>'.
archive/warehouse_management/tests/__tests__/lib/calculations/inventory-balance.test.ts(5,8): error TS2307: Cannot find module '@/lib/calculations/inventory-balance' or its corresponding type declarations.
archive/warehouse_management/tests/__tests__/lib/calculations/inventory-balance.test.ts(50,16): error TS2551: Property 'inventoryTransaction' does not exist on type 'PrismaClient<PrismaClientOptions, never, DefaultArgs>'. Did you mean 'wmsInventoryTransaction'?
archive/warehouse_management/tests/__tests__/lib/calculations/inventory-balance.test.ts(51,16): error TS2551: Property 'inventoryTransaction' does not exist on type 'PrismaClient<PrismaClientOptions, never, DefaultArgs>'. Did you mean 'wmsInventoryTransaction'?
archive/warehouse_management/tests/__tests__/lib/calculations/inventory-balance.test.ts(52,16): error TS2339: Property 'sku' does not exist on type 'PrismaClient<PrismaClientOptions, never, DefaultArgs>'.
archive/warehouse_management/tests/__tests__/lib/calculations/inventory-balance.test.ts(53,16): error TS2551: Property 'warehouseSkuConfig' does not exist on type 'PrismaClient<PrismaClientOptions, never, DefaultArgs>'. Did you mean 'wmsWarehouseSkuConfig'?
archive/warehouse_management/tests/__tests__/lib/calculations/inventory-balance.test.ts(56,16): error TS2551: Property 'inventoryBalance' does not exist on type 'PrismaClient<PrismaClientOptions, never, DefaultArgs>'. Did you mean 'wmsInventoryBalance'?
archive/warehouse_management/tests/__tests__/lib/calculations/inventory-balance.test.ts(57,16): error TS2551: Property 'inventoryBalance' does not exist on type 'PrismaClient<PrismaClientOptions, never, DefaultArgs>'. Did you mean 'wmsInventoryBalance'?
archive/warehouse_management/tests/__tests__/lib/calculations/inventory-balance.test.ts(62,21): error TS2551: Property 'inventoryTransaction' does not exist on type 'PrismaClient<PrismaClientOptions, never, DefaultArgs>'. Did you mean 'wmsInventoryTransaction'?
archive/warehouse_management/tests/__tests__/lib/calculations/inventory-balance.test.ts(73,16): error TS2551: Property 'inventoryTransaction' does not exist on type 'PrismaClient<PrismaClientOptions, never, DefaultArgs>'. Did you mean 'wmsInventoryTransaction'?
archive/warehouse_management/tests/__tests__/lib/calculations/inventory-balance.test.ts(74,16): error TS2551: Property 'inventoryTransaction' does not exist on type 'PrismaClient<PrismaClientOptions, never, DefaultArgs>'. Did you mean 'wmsInventoryTransaction'?
archive/warehouse_management/tests/__tests__/lib/calculations/inventory-balance.test.ts(75,16): error TS2339: Property 'sku' does not exist on type 'PrismaClient<PrismaClientOptions, never, DefaultArgs>'.
archive/warehouse_management/tests/__tests__/lib/calculations/inventory-balance.test.ts(76,16): error TS2551: Property 'warehouseSkuConfig' does not exist on type 'PrismaClient<PrismaClientOptions, never, DefaultArgs>'. Did you mean 'wmsWarehouseSkuConfig'?
archive/warehouse_management/tests/__tests__/lib/calculations/inventory-balance.test.ts(79,16): error TS2551: Property 'inventoryBalance' does not exist on type 'PrismaClient<PrismaClientOptions, never, DefaultArgs>'. Did you mean 'wmsInventoryBalance'?
archive/warehouse_management/tests/__tests__/lib/calculations/inventory-balance.test.ts(80,16): error TS2551: Property 'inventoryBalance' does not exist on type 'PrismaClient<PrismaClientOptions, never, DefaultArgs>'. Did you mean 'wmsInventoryBalance'?
archive/warehouse_management/tests/__tests__/lib/calculations/inventory-balance.test.ts(85,21): error TS2551: Property 'inventoryTransaction' does not exist on type 'PrismaClient<PrismaClientOptions, never, DefaultArgs>'. Did you mean 'wmsInventoryTransaction'?
archive/warehouse_management/tests/__tests__/lib/calculations/inventory-balance.test.ts(102,16): error TS2551: Property 'inventoryTransaction' does not exist on type 'PrismaClient<PrismaClientOptions, never, DefaultArgs>'. Did you mean 'wmsInventoryTransaction'?
archive/warehouse_management/tests/__tests__/lib/calculations/inventory-balance.test.ts(103,16): error TS2551: Property 'inventoryTransaction' does not exist on type 'PrismaClient<PrismaClientOptions, never, DefaultArgs>'. Did you mean 'wmsInventoryTransaction'?
archive/warehouse_management/tests/__tests__/lib/calculations/inventory-balance.test.ts(104,16): error TS2339: Property 'sku' does not exist on type 'PrismaClient<PrismaClientOptions, never, DefaultArgs>'.
archive/warehouse_management/tests/__tests__/lib/calculations/inventory-balance.test.ts(105,16): error TS2551: Property 'warehouseSkuConfig' does not exist on type 'PrismaClient<PrismaClientOptions, never, DefaultArgs>'. Did you mean 'wmsWarehouseSkuConfig'?
archive/warehouse_management/tests/__tests__/lib/calculations/inventory-balance.test.ts(108,16): error TS2551: Property 'inventoryBalance' does not exist on type 'PrismaClient<PrismaClientOptions, never, DefaultArgs>'. Did you mean 'wmsInventoryBalance'?
archive/warehouse_management/tests/__tests__/lib/calculations/inventory-balance.test.ts(109,16): error TS2551: Property 'inventoryBalance' does not exist on type 'PrismaClient<PrismaClientOptions, never, DefaultArgs>'. Did you mean 'wmsInventoryBalance'?
archive/warehouse_management/tests/__tests__/lib/calculations/inventory-balance.test.ts(113,21): error TS2551: Property 'inventoryBalance' does not exist on type 'PrismaClient<PrismaClientOptions, never, DefaultArgs>'. Did you mean 'wmsInventoryBalance'?
archive/warehouse_management/tests/__tests__/lib/calculations/inventory-balance.test.ts(143,16): error TS2551: Property 'inventoryTransaction' does not exist on type 'PrismaClient<PrismaClientOptions, never, DefaultArgs>'. Did you mean 'wmsInventoryTransaction'?
archive/warehouse_management/tests/__tests__/lib/calculations/inventory-balance.test.ts(144,16): error TS2551: Property 'inventoryTransaction' does not exist on type 'PrismaClient<PrismaClientOptions, never, DefaultArgs>'. Did you mean 'wmsInventoryTransaction'?
archive/warehouse_management/tests/__tests__/lib/calculations/inventory-balance.test.ts(145,16): error TS2339: Property 'sku' does not exist on type 'PrismaClient<PrismaClientOptions, never, DefaultArgs>'.
archive/warehouse_management/tests/__tests__/lib/calculations/inventory-balance.test.ts(146,16): error TS2551: Property 'warehouseSkuConfig' does not exist on type 'PrismaClient<PrismaClientOptions, never, DefaultArgs>'. Did you mean 'wmsWarehouseSkuConfig'?
archive/warehouse_management/tests/__tests__/lib/calculations/inventory-balance.test.ts(149,16): error TS2551: Property 'inventoryBalance' does not exist on type 'PrismaClient<PrismaClientOptions, never, DefaultArgs>'. Did you mean 'wmsInventoryBalance'?
archive/warehouse_management/tests/__tests__/lib/calculations/inventory-balance.test.ts(150,16): error TS2551: Property 'inventoryBalance' does not exist on type 'PrismaClient<PrismaClientOptions, never, DefaultArgs>'. Did you mean 'wmsInventoryBalance'?
archive/warehouse_management/tests/__tests__/lib/calculations/inventory-balance.test.ts(154,21): error TS2551: Property 'inventoryBalance' does not exist on type 'PrismaClient<PrismaClientOptions, never, DefaultArgs>'. Did you mean 'wmsInventoryBalance'?
archive/warehouse_management/tests/__tests__/lib/calculations/inventory-balance.test.ts(174,16): error TS2551: Property 'inventoryTransaction' does not exist on type 'PrismaClient<PrismaClientOptions, never, DefaultArgs>'. Did you mean 'wmsInventoryTransaction'?
archive/warehouse_management/tests/__tests__/lib/calculations/inventory-balance.test.ts(175,16): error TS2551: Property 'inventoryTransaction' does not exist on type 'PrismaClient<PrismaClientOptions, never, DefaultArgs>'. Did you mean 'wmsInventoryTransaction'?
archive/warehouse_management/tests/__tests__/lib/calculations/inventory-balance.test.ts(178,16): error TS2339: Property 'sku' does not exist on type 'PrismaClient<PrismaClientOptions, never, DefaultArgs>'.
archive/warehouse_management/tests/__tests__/lib/calculations/inventory-balance.test.ts(179,16): error TS2551: Property 'warehouseSkuConfig' does not exist on type 'PrismaClient<PrismaClientOptions, never, DefaultArgs>'. Did you mean 'wmsWarehouseSkuConfig'?
archive/warehouse_management/tests/__tests__/lib/calculations/inventory-balance.test.ts(182,16): error TS2551: Property 'inventoryBalance' does not exist on type 'PrismaClient<PrismaClientOptions, never, DefaultArgs>'. Did you mean 'wmsInventoryBalance'?
archive/warehouse_management/tests/__tests__/lib/calculations/inventory-balance.test.ts(183,16): error TS2551: Property 'inventoryBalance' does not exist on type 'PrismaClient<PrismaClientOptions, never, DefaultArgs>'. Did you mean 'wmsInventoryBalance'?
archive/warehouse_management/tests/__tests__/lib/calculations/inventory-balance.test.ts(187,21): error TS2551: Property 'inventoryBalance' does not exist on type 'PrismaClient<PrismaClientOptions, never, DefaultArgs>'. Did you mean 'wmsInventoryBalance'?
archive/warehouse_management/tests/__tests__/lib/calculations/inventory-balance.test.ts(203,16): error TS2551: Property 'inventoryTransaction' does not exist on type 'PrismaClient<PrismaClientOptions, never, DefaultArgs>'. Did you mean 'wmsInventoryTransaction'?
archive/warehouse_management/tests/__tests__/lib/calculations/inventory-balance.test.ts(204,16): error TS2551: Property 'inventoryTransaction' does not exist on type 'PrismaClient<PrismaClientOptions, never, DefaultArgs>'. Did you mean 'wmsInventoryTransaction'?
archive/warehouse_management/tests/__tests__/lib/calculations/inventory-balance.test.ts(207,16): error TS2339: Property 'sku' does not exist on type 'PrismaClient<PrismaClientOptions, never, DefaultArgs>'.
archive/warehouse_management/tests/__tests__/lib/calculations/inventory-balance.test.ts(208,16): error TS2551: Property 'warehouseSkuConfig' does not exist on type 'PrismaClient<PrismaClientOptions, never, DefaultArgs>'. Did you mean 'wmsWarehouseSkuConfig'?
archive/warehouse_management/tests/__tests__/lib/calculations/inventory-balance.test.ts(209,16): error TS2551: Property 'inventoryBalance' does not exist on type 'PrismaClient<PrismaClientOptions, never, DefaultArgs>'. Did you mean 'wmsInventoryBalance'?
archive/warehouse_management/tests/__tests__/lib/calculations/inventory-balance.test.ts(210,16): error TS2551: Property 'inventoryBalance' does not exist on type 'PrismaClient<PrismaClientOptions, never, DefaultArgs>'. Did you mean 'wmsInventoryBalance'?
archive/warehouse_management/tests/__tests__/lib/calculations/inventory-balance.test.ts(214,21): error TS2551: Property 'inventoryBalance' does not exist on type 'PrismaClient<PrismaClientOptions, never, DefaultArgs>'. Did you mean 'wmsInventoryBalance'?
archive/warehouse_management/tests/__tests__/lib/calculations/inventory-balance.test.ts(226,16): error TS2551: Property 'inventoryTransaction' does not exist on type 'PrismaClient<PrismaClientOptions, never, DefaultArgs>'. Did you mean 'wmsInventoryTransaction'?
archive/warehouse_management/tests/__tests__/lib/calculations/inventory-balance.test.ts(227,16): error TS2551: Property 'inventoryBalance' does not exist on type 'PrismaClient<PrismaClientOptions, never, DefaultArgs>'. Did you mean 'wmsInventoryBalance'?
archive/warehouse_management/tests/__tests__/lib/calculations/inventory-balance.test.ts(231,21): error TS2551: Property 'inventoryBalance' does not exist on type 'PrismaClient<PrismaClientOptions, never, DefaultArgs>'. Did you mean 'wmsInventoryBalance'?
archive/warehouse_management/tests/__tests__/lib/calculations/inventory-balance.test.ts(257,16): error TS2551: Property 'inventoryBalance' does not exist on type 'PrismaClient<PrismaClientOptions, never, DefaultArgs>'. Did you mean 'wmsInventoryBalance'?
archive/warehouse_management/tests/__tests__/lib/calculations/inventory-balance.test.ts(258,16): error TS2551: Property 'inventoryBalance' does not exist on type 'PrismaClient<PrismaClientOptions, never, DefaultArgs>'. Did you mean 'wmsInventoryBalance'?
archive/warehouse_management/tests/__tests__/lib/calculations/inventory-balance.test.ts(269,21): error TS2551: Property 'inventoryBalance' does not exist on type 'PrismaClient<PrismaClientOptions, never, DefaultArgs>'. Did you mean 'wmsInventoryBalance'?
archive/warehouse_management/tests/__tests__/lib/calculations/inventory-balance.test.ts(294,16): error TS2551: Property 'inventoryBalance' does not exist on type 'PrismaClient<PrismaClientOptions, never, DefaultArgs>'. Did you mean 'wmsInventoryBalance'?
archive/warehouse_management/tests/__tests__/lib/calculations/inventory-balance.test.ts(295,16): error TS2551: Property 'inventoryBalance' does not exist on type 'PrismaClient<PrismaClientOptions, never, DefaultArgs>'. Did you mean 'wmsInventoryBalance'?
archive/warehouse_management/tests/__tests__/lib/calculations/inventory-balance.test.ts(306,21): error TS2551: Property 'inventoryBalance' does not exist on type 'PrismaClient<PrismaClientOptions, never, DefaultArgs>'. Did you mean 'wmsInventoryBalance'?
archive/warehouse_management/tests/__tests__/lib/calculations/inventory-balance.test.ts(325,16): error TS2551: Property 'inventoryBalance' does not exist on type 'PrismaClient<PrismaClientOptions, never, DefaultArgs>'. Did you mean 'wmsInventoryBalance'?
archive/warehouse_management/tests/__tests__/lib/calculations/inventory-balance.test.ts(326,16): error TS2551: Property 'inventoryBalance' does not exist on type 'PrismaClient<PrismaClientOptions, never, DefaultArgs>'. Did you mean 'wmsInventoryBalance'?
archive/warehouse_management/tests/__tests__/lib/calculations/inventory-balance.test.ts(350,16): error TS2551: Property 'inventoryTransaction' does not exist on type 'PrismaClient<PrismaClientOptions, never, DefaultArgs>'. Did you mean 'wmsInventoryTransaction'?
archive/warehouse_management/tests/__tests__/lib/calculations/inventory-balance.test.ts(363,21): error TS2551: Property 'inventoryTransaction' does not exist on type 'PrismaClient<PrismaClientOptions, never, DefaultArgs>'. Did you mean 'wmsInventoryTransaction'?
archive/warehouse_management/tests/__tests__/lib/calculations/inventory-balance.test.ts(387,16): error TS2551: Property 'inventoryTransaction' does not exist on type 'PrismaClient<PrismaClientOptions, never, DefaultArgs>'. Did you mean 'wmsInventoryTransaction'?
archive/warehouse_management/tests/__tests__/lib/calculations/inventory-balance.test.ts(397,21): error TS2551: Property 'inventoryTransaction' does not exist on type 'PrismaClient<PrismaClientOptions, never, DefaultArgs>'. Did you mean 'wmsInventoryTransaction'?
archive/warehouse_management/tests/__tests__/lib/calculations/inventory-balance.test.ts(414,16): error TS2551: Property 'inventoryTransaction' does not exist on type 'PrismaClient<PrismaClientOptions, never, DefaultArgs>'. Did you mean 'wmsInventoryTransaction'?
archive/warehouse_management/tests/__tests__/lib/calculations/storage-ledger.test.ts(4,8): error TS2307: Cannot find module '@/lib/calculations/storage-ledger' or its corresponding type declarations.
archive/warehouse_management/tests/__tests__/lib/calculations/storage-ledger.test.ts(78,16): error TS2551: Property 'inventoryBalance' does not exist on type 'PrismaClient<PrismaClientOptions, never, DefaultArgs>'. Did you mean 'wmsInventoryBalance'?
archive/warehouse_management/tests/__tests__/lib/calculations/storage-ledger.test.ts(79,16): error TS2551: Property 'inventoryTransaction' does not exist on type 'PrismaClient<PrismaClientOptions, never, DefaultArgs>'. Did you mean 'wmsInventoryTransaction'?
archive/warehouse_management/tests/__tests__/lib/calculations/storage-ledger.test.ts(82,16): error TS2551: Property 'warehouseSkuConfig' does not exist on type 'PrismaClient<PrismaClientOptions, never, DefaultArgs>'. Did you mean 'wmsWarehouseSkuConfig'?
archive/warehouse_management/tests/__tests__/lib/calculations/storage-ledger.test.ts(85,16): error TS2339: Property 'costRate' does not exist on type 'PrismaClient<PrismaClientOptions, never, DefaultArgs>'.
archive/warehouse_management/tests/__tests__/lib/calculations/storage-ledger.test.ts(88,16): error TS2551: Property 'storageLedger' does not exist on type 'PrismaClient<PrismaClientOptions, never, DefaultArgs>'. Did you mean 'wmsStorageLedger'?
archive/warehouse_management/tests/__tests__/lib/calculations/storage-ledger.test.ts(93,21): error TS2551: Property 'inventoryBalance' does not exist on type 'PrismaClient<PrismaClientOptions, never, DefaultArgs>'. Did you mean 'wmsInventoryBalance'?
archive/warehouse_management/tests/__tests__/lib/calculations/storage-ledger.test.ts(114,16): error TS2551: Property 'inventoryBalance' does not exist on type 'PrismaClient<PrismaClientOptions, never, DefaultArgs>'. Did you mean 'wmsInventoryBalance'?
archive/warehouse_management/tests/__tests__/lib/calculations/storage-ledger.test.ts(115,16): error TS2551: Property 'inventoryTransaction' does not exist on type 'PrismaClient<PrismaClientOptions, never, DefaultArgs>'. Did you mean 'wmsInventoryTransaction'?
archive/warehouse_management/tests/__tests__/lib/calculations/storage-ledger.test.ts(118,16): error TS2551: Property 'warehouseSkuConfig' does not exist on type 'PrismaClient<PrismaClientOptions, never, DefaultArgs>'. Did you mean 'wmsWarehouseSkuConfig'?
archive/warehouse_management/tests/__tests__/lib/calculations/storage-ledger.test.ts(121,16): error TS2339: Property 'costRate' does not exist on type 'PrismaClient<PrismaClientOptions, never, DefaultArgs>'.
archive/warehouse_management/tests/__tests__/lib/calculations/storage-ledger.test.ts(124,16): error TS2551: Property 'storageLedger' does not exist on type 'PrismaClient<PrismaClientOptions, never, DefaultArgs>'. Did you mean 'wmsStorageLedger'?
archive/warehouse_management/tests/__tests__/lib/calculations/storage-ledger.test.ts(133,21): error TS2551: Property 'inventoryBalance' does not exist on type 'PrismaClient<PrismaClientOptions, never, DefaultArgs>'. Did you mean 'wmsInventoryBalance'?
archive/warehouse_management/tests/__tests__/lib/calculations/storage-ledger.test.ts(152,16): error TS2551: Property 'inventoryBalance' does not exist on type 'PrismaClient<PrismaClientOptions, never, DefaultArgs>'. Did you mean 'wmsInventoryBalance'?
archive/warehouse_management/tests/__tests__/lib/calculations/storage-ledger.test.ts(153,16): error TS2551: Property 'inventoryTransaction' does not exist on type 'PrismaClient<PrismaClientOptions, never, DefaultArgs>'. Did you mean 'wmsInventoryTransaction'?
archive/warehouse_management/tests/__tests__/lib/calculations/storage-ledger.test.ts(156,16): error TS2551: Property 'warehouseSkuConfig' does not exist on type 'PrismaClient<PrismaClientOptions, never, DefaultArgs>'. Did you mean 'wmsWarehouseSkuConfig'?
archive/warehouse_management/tests/__tests__/lib/calculations/storage-ledger.test.ts(159,16): error TS2339: Property 'costRate' does not exist on type 'PrismaClient<PrismaClientOptions, never, DefaultArgs>'.
archive/warehouse_management/tests/__tests__/lib/calculations/storage-ledger.test.ts(162,16): error TS2551: Property 'storageLedger' does not exist on type 'PrismaClient<PrismaClientOptions, never, DefaultArgs>'. Did you mean 'wmsStorageLedger'?
archive/warehouse_management/tests/__tests__/lib/calculations/storage-ledger.test.ts(167,35): error TS2551: Property 'storageLedger' does not exist on type 'PrismaClient<PrismaClientOptions, never, DefaultArgs>'. Did you mean 'wmsStorageLedger'?
archive/warehouse_management/tests/__tests__/lib/calculations/storage-ledger.test.ts(199,16): error TS2551: Property 'inventoryBalance' does not exist on type 'PrismaClient<PrismaClientOptions, never, DefaultArgs>'. Did you mean 'wmsInventoryBalance'?
archive/warehouse_management/tests/__tests__/lib/calculations/storage-ledger.test.ts(200,16): error TS2551: Property 'inventoryTransaction' does not exist on type 'PrismaClient<PrismaClientOptions, never, DefaultArgs>'. Did you mean 'wmsInventoryTransaction'?
archive/warehouse_management/tests/__tests__/lib/calculations/storage-ledger.test.ts(201,16): error TS2551: Property 'storageLedger' does not exist on type 'PrismaClient<PrismaClientOptions, never, DefaultArgs>'. Did you mean 'wmsStorageLedger'?
archive/warehouse_management/tests/__tests__/lib/calculations/storage-ledger.test.ts(205,21): error TS2551: Property 'storageLedger' does not exist on type 'PrismaClient<PrismaClientOptions, never, DefaultArgs>'. Did you mean 'wmsStorageLedger'?
archive/warehouse_management/tests/__tests__/lib/calculations/storage-ledger.test.ts(215,16): error TS2551: Property 'inventoryBalance' does not exist on type 'PrismaClient<PrismaClientOptions, never, DefaultArgs>'. Did you mean 'wmsInventoryBalance'?
archive/warehouse_management/tests/__tests__/lib/calculations/storage-ledger.test.ts(216,16): error TS2551: Property 'inventoryTransaction' does not exist on type 'PrismaClient<PrismaClientOptions, never, DefaultArgs>'. Did you mean 'wmsInventoryTransaction'?
archive/warehouse_management/tests/__tests__/lib/calculations/storage-ledger.test.ts(219,16): error TS2551: Property 'warehouseSkuConfig' does not exist on type 'PrismaClient<PrismaClientOptions, never, DefaultArgs>'. Did you mean 'wmsWarehouseSkuConfig'?
archive/warehouse_management/tests/__tests__/lib/calculations/storage-ledger.test.ts(220,16): error TS2551: Property 'storageLedger' does not exist on type 'PrismaClient<PrismaClientOptions, never, DefaultArgs>'. Did you mean 'wmsStorageLedger'?
archive/warehouse_management/tests/__tests__/lib/calculations/storage-ledger.test.ts(224,21): error TS2551: Property 'storageLedger' does not exist on type 'PrismaClient<PrismaClientOptions, never, DefaultArgs>'. Did you mean 'wmsStorageLedger'?
archive/warehouse_management/tests/__tests__/lib/calculations/storage-ledger.test.ts(237,16): error TS2551: Property 'inventoryBalance' does not exist on type 'PrismaClient<PrismaClientOptions, never, DefaultArgs>'. Did you mean 'wmsInventoryBalance'?
archive/warehouse_management/tests/__tests__/lib/calculations/storage-ledger.test.ts(238,16): error TS2551: Property 'inventoryTransaction' does not exist on type 'PrismaClient<PrismaClientOptions, never, DefaultArgs>'. Did you mean 'wmsInventoryTransaction'?
archive/warehouse_management/tests/__tests__/lib/calculations/storage-ledger.test.ts(241,16): error TS2551: Property 'warehouseSkuConfig' does not exist on type 'PrismaClient<PrismaClientOptions, never, DefaultArgs>'. Did you mean 'wmsWarehouseSkuConfig'?
archive/warehouse_management/tests/__tests__/lib/calculations/storage-ledger.test.ts(244,16): error TS2339: Property 'costRate' does not exist on type 'PrismaClient<PrismaClientOptions, never, DefaultArgs>'.
archive/warehouse_management/tests/__tests__/lib/calculations/storage-ledger.test.ts(245,16): error TS2551: Property 'storageLedger' does not exist on type 'PrismaClient<PrismaClientOptions, never, DefaultArgs>'. Did you mean 'wmsStorageLedger'?
archive/warehouse_management/tests/__tests__/lib/calculations/storage-ledger.test.ts(249,21): error TS2551: Property 'storageLedger' does not exist on type 'PrismaClient<PrismaClientOptions, never, DefaultArgs>'. Did you mean 'wmsStorageLedger'?
archive/warehouse_management/tests/__tests__/lib/calculations/storage-ledger.test.ts(273,18): error TS2551: Property 'inventoryBalance' does not exist on type 'PrismaClient<PrismaClientOptions, never, DefaultArgs>'. Did you mean 'wmsInventoryBalance'?
archive/warehouse_management/tests/__tests__/lib/calculations/storage-ledger.test.ts(274,18): error TS2551: Property 'inventoryTransaction' does not exist on type 'PrismaClient<PrismaClientOptions, never, DefaultArgs>'. Did you mean 'wmsInventoryTransaction'?
archive/warehouse_management/tests/__tests__/lib/calculations/storage-ledger.test.ts(277,18): error TS2551: Property 'warehouseSkuConfig' does not exist on type 'PrismaClient<PrismaClientOptions, never, DefaultArgs>'. Did you mean 'wmsWarehouseSkuConfig'?
archive/warehouse_management/tests/__tests__/lib/calculations/storage-ledger.test.ts(280,18): error TS2339: Property 'costRate' does not exist on type 'PrismaClient<PrismaClientOptions, never, DefaultArgs>'.
archive/warehouse_management/tests/__tests__/lib/calculations/storage-ledger.test.ts(283,18): error TS2551: Property 'storageLedger' does not exist on type 'PrismaClient<PrismaClientOptions, never, DefaultArgs>'. Did you mean 'wmsStorageLedger'?
archive/warehouse_management/tests/__tests__/lib/calculations/storage-ledger.test.ts(287,36): error TS2551: Property 'storageLedger' does not exist on type 'PrismaClient<PrismaClientOptions, never, DefaultArgs>'. Did you mean 'wmsStorageLedger'?
archive/warehouse_management/tests/__tests__/lib/calculations/storage-ledger.test.ts(300,16): error TS2551: Property 'inventoryBalance' does not exist on type 'PrismaClient<PrismaClientOptions, never, DefaultArgs>'. Did you mean 'wmsInventoryBalance'?
archive/warehouse_management/tests/__tests__/lib/calculations/storage-ledger.test.ts(301,16): error TS2551: Property 'inventoryTransaction' does not exist on type 'PrismaClient<PrismaClientOptions, never, DefaultArgs>'. Did you mean 'wmsInventoryTransaction'?
archive/warehouse_management/tests/__tests__/lib/calculations/storage-ledger.test.ts(304,16): error TS2551: Property 'warehouseSkuConfig' does not exist on type 'PrismaClient<PrismaClientOptions, never, DefaultArgs>'. Did you mean 'wmsWarehouseSkuConfig'?
archive/warehouse_management/tests/__tests__/lib/calculations/storage-ledger.test.ts(307,16): error TS2339: Property 'costRate' does not exist on type 'PrismaClient<PrismaClientOptions, never, DefaultArgs>'.
archive/warehouse_management/tests/__tests__/lib/calculations/storage-ledger.test.ts(310,16): error TS2551: Property 'storageLedger' does not exist on type 'PrismaClient<PrismaClientOptions, never, DefaultArgs>'. Did you mean 'wmsStorageLedger'?
archive/warehouse_management/tests/__tests__/lib/calculations/storage-ledger.test.ts(326,16): error TS2551: Property 'inventoryBalance' does not exist on type 'PrismaClient<PrismaClientOptions, never, DefaultArgs>'. Did you mean 'wmsInventoryBalance'?
archive/warehouse_management/tests/__tests__/lib/calculations/storage-ledger.test.ts(327,16): error TS2551: Property 'storageLedger' does not exist on type 'PrismaClient<PrismaClientOptions, never, DefaultArgs>'. Did you mean 'wmsStorageLedger'?
archive/warehouse_management/tests/__tests__/lib/calculations/storage-ledger.test.ts(332,21): error TS2551: Property 'inventoryBalance' does not exist on type 'PrismaClient<PrismaClientOptions, never, DefaultArgs>'. Did you mean 'wmsInventoryBalance'?
archive/warehouse_management/tests/__tests__/lib/calculations/storage-ledger.test.ts(336,16): error TS2551: Property 'inventoryBalance' does not exist on type 'PrismaClient<PrismaClientOptions, never, DefaultArgs>'. Did you mean 'wmsInventoryBalance'?
archive/warehouse_management/tests/__tests__/lib/calculations/storage-ledger.test.ts(337,16): error TS2551: Property 'storageLedger' does not exist on type 'PrismaClient<PrismaClientOptions, never, DefaultArgs>'. Did you mean 'wmsStorageLedger'?
archive/warehouse_management/tests/__tests__/lib/calculations/storage-ledger.test.ts(342,21): error TS2551: Property 'inventoryBalance' does not exist on type 'PrismaClient<PrismaClientOptions, never, DefaultArgs>'. Did you mean 'wmsInventoryBalance'?
archive/warehouse_management/tests/__tests__/lib/calculations/storage-ledger.test.ts(352,16): error TS2551: Property 'inventoryBalance' does not exist on type 'PrismaClient<PrismaClientOptions, never, DefaultArgs>'. Did you mean 'wmsInventoryBalance'?
archive/warehouse_management/tests/__tests__/lib/calculations/storage-ledger.test.ts(353,16): error TS2551: Property 'inventoryTransaction' does not exist on type 'PrismaClient<PrismaClientOptions, never, DefaultArgs>'. Did you mean 'wmsInventoryTransaction'?
archive/warehouse_management/tests/__tests__/lib/calculations/storage-ledger.test.ts(356,16): error TS2551: Property 'warehouseSkuConfig' does not exist on type 'PrismaClient<PrismaClientOptions, never, DefaultArgs>'. Did you mean 'wmsWarehouseSkuConfig'?
archive/warehouse_management/tests/__tests__/lib/calculations/storage-ledger.test.ts(359,16): error TS2339: Property 'costRate' does not exist on type 'PrismaClient<PrismaClientOptions, never, DefaultArgs>'.
archive/warehouse_management/tests/__tests__/lib/calculations/storage-ledger.test.ts(362,16): error TS2551: Property 'storageLedger' does not exist on type 'PrismaClient<PrismaClientOptions, never, DefaultArgs>'. Did you mean 'wmsStorageLedger'?
archive/warehouse_management/tests/__tests__/lib/calculations/storage-ledger.test.ts(367,21): error TS2551: Property 'inventoryBalance' does not exist on type 'PrismaClient<PrismaClientOptions, never, DefaultArgs>'. Did you mean 'wmsInventoryBalance'?
archive/warehouse_management/tests/__tests__/lib/calculations/storage-ledger.test.ts(410,16): error TS2551: Property 'inventoryBalance' does not exist on type 'PrismaClient<PrismaClientOptions, never, DefaultArgs>'. Did you mean 'wmsInventoryBalance'?
archive/warehouse_management/tests/__tests__/lib/calculations/storage-ledger.test.ts(411,16): error TS2551: Property 'inventoryTransaction' does not exist on type 'PrismaClient<PrismaClientOptions, never, DefaultArgs>'. Did you mean 'wmsInventoryTransaction'?
archive/warehouse_management/tests/__tests__/lib/calculations/storage-ledger.test.ts(417,16): error TS2551: Property 'warehouseSkuConfig' does not exist on type 'PrismaClient<PrismaClientOptions, never, DefaultArgs>'. Did you mean 'wmsWarehouseSkuConfig'?
archive/warehouse_management/tests/__tests__/lib/calculations/storage-ledger.test.ts(420,16): error TS2339: Property 'costRate' does not exist on type 'PrismaClient<PrismaClientOptions, never, DefaultArgs>'.
archive/warehouse_management/tests/__tests__/lib/calculations/storage-ledger.test.ts(423,16): error TS2551: Property 'storageLedger' does not exist on type 'PrismaClient<PrismaClientOptions, never, DefaultArgs>'. Did you mean 'wmsStorageLedger'?
archive/warehouse_management/tests/__tests__/lib/calculations/storage-ledger.test.ts(431,34): error TS2551: Property 'storageLedger' does not exist on type 'PrismaClient<PrismaClientOptions, never, DefaultArgs>'. Did you mean 'wmsStorageLedger'?
archive/warehouse_management/tests/__tests__/lib/prisma.test.ts(56,19): error TS2339: Property 'user' does not exist on type 'PrismaClient<PrismaClientOptions, never, DefaultArgs>'.
archive/warehouse_management/tests/__tests__/lib/prisma.test.ts(57,19): error TS2551: Property 'warehouse' does not exist on type 'PrismaClient<PrismaClientOptions, never, DefaultArgs>'. Did you mean 'wmsWarehouse'?
archive/warehouse_management/tests/__tests__/lib/prisma.test.ts(58,19): error TS2339: Property 'sku' does not exist on type 'PrismaClient<PrismaClientOptions, never, DefaultArgs>'.
archive/warehouse_management/tests/__tests__/lib/prisma.test.ts(59,19): error TS2551: Property 'inventoryTransaction' does not exist on type 'PrismaClient<PrismaClientOptions, never, DefaultArgs>'. Did you mean 'wmsInventoryTransaction'?
archive/warehouse_management/tests/__tests__/lib/prisma.test.ts(60,19): error TS2551: Property 'inventoryBalance' does not exist on type 'PrismaClient<PrismaClientOptions, never, DefaultArgs>'. Did you mean 'wmsInventoryBalance'?
archive/warehouse_management/tests/__tests__/lib/prisma.test.ts(77,18): error TS2339: Property 'user' does not exist on type 'PrismaClient<PrismaClientOptions, never, DefaultArgs>'.
archive/warehouse_management/tests/__tests__/lib/prisma.test.ts(85,37): error TS2339: Property 'user' does not exist on type 'PrismaClient<PrismaClientOptions, never, DefaultArgs>'.
archive/warehouse_management/tests/__tests__/lib/prisma.test.ts(89,23): error TS2339: Property 'user' does not exist on type 'PrismaClient<PrismaClientOptions, never, DefaultArgs>'.
archive/warehouse_management/tests/__tests__/lib/prisma.test.ts(99,18): error TS2339: Property 'user' does not exist on type 'PrismaClient<PrismaClientOptions, never, DefaultArgs>'.
archive/warehouse_management/tests/__tests__/lib/prisma.test.ts(101,37): error TS2339: Property 'user' does not exist on type 'PrismaClient<PrismaClientOptions, never, DefaultArgs>'.
archive/warehouse_management/tests/__tests__/lib/prisma.test.ts(106,23): error TS2339: Property 'user' does not exist on type 'PrismaClient<PrismaClientOptions, never, DefaultArgs>'.
archive/warehouse_management/tests/__tests__/lib/prisma.test.ts(117,18): error TS2339: Property 'user' does not exist on type 'PrismaClient<PrismaClientOptions, never, DefaultArgs>'.
archive/warehouse_management/tests/__tests__/lib/prisma.test.ts(119,37): error TS2339: Property 'user' does not exist on type 'PrismaClient<PrismaClientOptions, never, DefaultArgs>'.
archive/warehouse_management/tests/__tests__/lib/prisma.test.ts(137,18): error TS2551: Property 'warehouse' does not exist on type 'PrismaClient<PrismaClientOptions, never, DefaultArgs>'. Did you mean 'wmsWarehouse'?
archive/warehouse_management/tests/__tests__/lib/prisma.test.ts(143,37): error TS2551: Property 'warehouse' does not exist on type 'PrismaClient<PrismaClientOptions, never, DefaultArgs>'. Did you mean 'wmsWarehouse'?
archive/warehouse_management/tests/__tests__/lib/prisma.test.ts(155,18): error TS2551: Property 'warehouse' does not exist on type 'PrismaClient<PrismaClientOptions, never, DefaultArgs>'. Did you mean 'wmsWarehouse'?
archive/warehouse_management/tests/__tests__/lib/prisma.test.ts(157,37): error TS2551: Property 'warehouse' does not exist on type 'PrismaClient<PrismaClientOptions, never, DefaultArgs>'. Did you mean 'wmsWarehouse'?
archive/warehouse_management/tests/__tests__/lib/prisma.test.ts(162,23): error TS2551: Property 'warehouse' does not exist on type 'PrismaClient<PrismaClientOptions, never, DefaultArgs>'. Did you mean 'wmsWarehouse'?
archive/warehouse_management/tests/__tests__/lib/prisma.test.ts(177,18): error TS2339: Property 'sku' does not exist on type 'PrismaClient<PrismaClientOptions, never, DefaultArgs>'.
archive/warehouse_management/tests/__tests__/lib/prisma.test.ts(182,37): error TS2339: Property 'sku' does not exist on type 'PrismaClient<PrismaClientOptions, never, DefaultArgs>'.
archive/warehouse_management/tests/__tests__/lib/prisma.test.ts(189,23): error TS2339: Property 'sku' does not exist on type 'PrismaClient<PrismaClientOptions, never, DefaultArgs>'.
archive/warehouse_management/tests/__tests__/lib/prisma.test.ts(207,18): error TS2551: Property 'inventoryTransaction' does not exist on type 'PrismaClient<PrismaClientOptions, never, DefaultArgs>'. Did you mean 'wmsInventoryTransaction'?
archive/warehouse_management/tests/__tests__/lib/prisma.test.ts(211,37): error TS2551: Property 'inventoryTransaction' does not exist on type 'PrismaClient<PrismaClientOptions, never, DefaultArgs>'. Did you mean 'wmsInventoryTransaction'?
archive/warehouse_management/tests/__tests__/lib/prisma.test.ts(231,18): error TS2551: Property 'inventoryTransaction' does not exist on type 'PrismaClient<PrismaClientOptions, never, DefaultArgs>'. Did you mean 'wmsInventoryTransaction'?
archive/warehouse_management/tests/__tests__/lib/prisma.test.ts(233,37): error TS2551: Property 'inventoryTransaction' does not exist on type 'PrismaClient<PrismaClientOptions, never, DefaultArgs>'. Did you mean 'wmsInventoryTransaction'?
archive/warehouse_management/tests/__tests__/lib/prisma.test.ts(255,18): error TS2551: Property 'inventoryBalance' does not exist on type 'PrismaClient<PrismaClientOptions, never, DefaultArgs>'. Did you mean 'wmsInventoryBalance'?
archive/warehouse_management/tests/__tests__/lib/prisma.test.ts(257,37): error TS2551: Property 'inventoryBalance' does not exist on type 'PrismaClient<PrismaClientOptions, never, DefaultArgs>'. Did you mean 'wmsInventoryBalance'?
archive/warehouse_management/tests/__tests__/lib/prisma.test.ts(274,18): error TS2551: Property 'inventoryBalance' does not exist on type 'PrismaClient<PrismaClientOptions, never, DefaultArgs>'. Did you mean 'wmsInventoryBalance'?
archive/warehouse_management/tests/__tests__/lib/prisma.test.ts(278,37): error TS2551: Property 'inventoryBalance' does not exist on type 'PrismaClient<PrismaClientOptions, never, DefaultArgs>'. Did you mean 'wmsInventoryBalance'?
archive/warehouse_management/tests/__tests__/lib/prisma.test.ts(283,23): error TS2551: Property 'inventoryBalance' does not exist on type 'PrismaClient<PrismaClientOptions, never, DefaultArgs>'. Did you mean 'wmsInventoryBalance'?
archive/warehouse_management/tests/__tests__/lib/prisma.test.ts(299,18): error TS2339: Property 'user' does not exist on type 'PrismaClient<PrismaClientOptions, never, DefaultArgs>'.
archive/warehouse_management/tests/__tests__/lib/prisma.test.ts(300,18): error TS2551: Property 'warehouse' does not exist on type 'PrismaClient<PrismaClientOptions, never, DefaultArgs>'. Did you mean 'wmsWarehouse'?
archive/warehouse_management/tests/__tests__/lib/utils-simple.test.ts(3,3): error TS2305: Module '"@/lib/utils"' has no exported member 'formatCurrency'.
archive/warehouse_management/tests/__tests__/lib/utils-simple.test.ts(4,3): error TS2305: Module '"@/lib/utils"' has no exported member 'formatNumber'.
archive/warehouse_management/tests/__tests__/lib/utils-simple.test.ts(5,3): error TS2305: Module '"@/lib/utils"' has no exported member 'formatDate'.
archive/warehouse_management/tests/__tests__/lib/utils-simple.test.ts(6,3): error TS2305: Module '"@/lib/utils"' has no exported member 'getWeekRange'.
archive/warehouse_management/tests/__tests__/lib/utils-simple.test.ts(7,3): error TS2305: Module '"@/lib/utils"' has no exported member 'getNextMonday'.
archive/warehouse_management/tests/__tests__/lib/utils-simple.test.ts(8,3): error TS2305: Module '"@/lib/utils"' has no exported member 'getBillingPeriod'.
archive/warehouse_management/tests/__tests__/lib/utils-simple.test.ts(9,3): error TS2305: Module '"@/lib/utils"' has no exported member 'calculatePallets'.
archive/warehouse_management/tests/__tests__/lib/utils-simple.test.ts(10,3): error TS2305: Module '"@/lib/utils"' has no exported member 'parseCSV'.
archive/warehouse_management/tests/__tests__/lib/utils-simple.test.ts(11,3): error TS2305: Module '"@/lib/utils"' has no exported member 'getErrorMessage'.
archive/warehouse_management/tests/__tests__/lib/utils.test.ts(3,3): error TS2305: Module '"@/lib/utils"' has no exported member 'formatCurrency'.
archive/warehouse_management/tests/__tests__/lib/utils.test.ts(4,3): error TS2305: Module '"@/lib/utils"' has no exported member 'formatNumber'.
archive/warehouse_management/tests/__tests__/lib/utils.test.ts(5,3): error TS2305: Module '"@/lib/utils"' has no exported member 'formatDate'.
archive/warehouse_management/tests/__tests__/lib/utils.test.ts(6,3): error TS2305: Module '"@/lib/utils"' has no exported member 'getWeekRange'.
archive/warehouse_management/tests/__tests__/lib/utils.test.ts(7,3): error TS2305: Module '"@/lib/utils"' has no exported member 'getNextMonday'.
archive/warehouse_management/tests/__tests__/lib/utils.test.ts(8,3): error TS2305: Module '"@/lib/utils"' has no exported member 'getBillingPeriod'.
archive/warehouse_management/tests/__tests__/lib/utils.test.ts(9,3): error TS2305: Module '"@/lib/utils"' has no exported member 'calculatePallets'.
archive/warehouse_management/tests/__tests__/lib/utils.test.ts(10,3): error TS2305: Module '"@/lib/utils"' has no exported member 'debounce'.
archive/warehouse_management/tests/__tests__/lib/utils.test.ts(11,3): error TS2305: Module '"@/lib/utils"' has no exported member 'parseCSV'.
archive/warehouse_management/tests/__tests__/lib/utils.test.ts(12,3): error TS2305: Module '"@/lib/utils"' has no exported member 'downloadFile'.
archive/warehouse_management/tests/__tests__/lib/utils.test.ts(13,3): error TS2305: Module '"@/lib/utils"' has no exported member 'getErrorMessage'.
archive/warehouse_management/tests/__tests__/middleware.test.ts(3,28): error TS2307: Cannot find module '@/middleware' or its corresponding type declarations.
archive/warehouse_management/tests/__tests__/test-utils.tsx(69,24): error TS2322: Type '{ user: { id: string; name: string; email: string; role: "admin"; warehouseId: null; }; expires: string; }' is not assignable to type 'Session'.
  The types of 'user.warehouseId' are incompatible between these types.
    Type 'null' is not assignable to type 'string | undefined'.
bookkeeper/test-integration.ts(18,55): error TS18046: 'data' is of type 'unknown'.
components/wms/finance/storage-ledger-tab.tsx(7,10): error TS2305: Module '"@/lib/utils"' has no exported member 'formatCurrency'.
components/wms/layout/main-nav.tsx(31,20): error TS2307: Cannot find module '@/lib/wms/wms/utils' or its corresponding type declarations.
components/wms/warehouse/warehouse-map.tsx(27,33): error TS2503: Cannot find namespace 'google'.
components/wms/warehouse/warehouse-map.tsx(28,29): error TS2503: Cannot find namespace 'google'.
components/wms/warehouse/warehouse-map.tsx(47,23): error TS2304: Cannot find name 'google'.
components/wms/warehouse/warehouse-map.tsx(50,20): error TS2304: Cannot find name 'google'.
components/wms/warehouse/warehouse-map.tsx(60,26): error TS2304: Cannot find name 'google'.
components/wms/warehouse/warehouse-map.tsx(68,30): error TS2304: Cannot find name 'google'.
components/wms/warehouse/warehouse-map.tsx(73,21): error TS2304: Cannot find name 'google'.
components/wms/warehouse/warehouse-map.tsx(83,34): error TS2304: Cannot find name 'google'.
lib/auth.ts(12,13): error TS2322: Type '(credentials: Record<"email" | "password", string> | undefined) => Promise<{ id: string; email: string; name: string; } | null>' is not assignable to type '(credentials: Record<"email" | "password", string> | undefined, req: Pick<RequestInternal, "body" | "query" | "headers" | "method">) => Awaitable<...>'.
  Type 'Promise<{ id: string; email: string; name: string; } | null>' is not assignable to type 'Awaitable<User | null>'.
    Type 'Promise<{ id: string; email: string; name: string; } | null>' is not assignable to type 'PromiseLike<User | null>'.
      Types of property 'then' are incompatible.
        Type '<TResult1 = { id: string; email: string; name: string; } | null, TResult2 = never>(onfulfilled?: ((value: { id: string; email: string; name: string; } | null) => TResult1 | PromiseLike<TResult1>) | null | undefined, onrejected?: ((reason: any) => TResult2 | PromiseLike<...>) | ... 1 more ... | undefined) => Promise<...' is not assignable to type '<TResult1 = User | null, TResult2 = never>(onfulfilled?: ((value: User | null) => TResult1 | PromiseLike<TResult1>) | null | undefined, onrejected?: ((reason: any) => TResult2 | PromiseLike<...>) | null | undefined) => PromiseLike<...>'.
          Types of parameters 'onfulfilled' and 'onfulfilled' are incompatible.
            Types of parameters 'value' and 'value' are incompatible.
              Type '{ id: string; email: string; name: string; } | null' is not assignable to type 'User | null'.
                Property 'role' is missing in type '{ id: string; email: string; name: string; }' but required in type 'User'.
lib/wms/calculations/cost-aggregation.ts(1,24): error TS2307: Cannot find module '@/lib/wms/prisma' or its corresponding type declarations.
lib/wms/calculations/cost-aggregation.ts(2,10): error TS2724: '"@prisma/client"' has no exported member named 'CostCategory'. Did you mean 'WmsCostCategory'?
lib/wms/calculations/cost-aggregation.ts(122,22): error TS2802: Type 'MapIterator<AggregatedCost>' can only be iterated through when using the '--downlevelIteration' flag or with a '--target' of 'es2015' or higher.
lib/wms/calculations/cost-aggregation.ts(184,51): error TS7006: Parameter 't' implicitly has an 'any' type.
lib/wms/calculations/cost-aggregation.ts(187,60): error TS7006: Parameter 't' implicitly has an 'any' type.
lib/wms/calculations/cost-aggregation.ts(188,62): error TS7006: Parameter 't' implicitly has an 'any' type.
lib/wms/calculations/cost-aggregation.ts(190,40): error TS7006: Parameter 'r' implicitly has an 'any' type.
lib/wms/calculations/cost-aggregation.ts(209,44): error TS7006: Parameter 'r' implicitly has an 'any' type.
lib/wms/calculations/cost-aggregation.ts(214,8): error TS7006: Parameter 'sum' implicitly has an 'any' type.
lib/wms/calculations/cost-aggregation.ts(214,13): error TS7006: Parameter 't' implicitly has an 'any' type.
lib/wms/calculations/cost-aggregation.ts(227,19): error TS7006: Parameter 't' implicitly has an 'any' type.
lib/wms/calculations/cost-aggregation.ts(228,16): error TS7006: Parameter 't' implicitly has an 'any' type.
lib/wms/calculations/cost-aggregation.ts(241,44): error TS7006: Parameter 'r' implicitly has an 'any' type.
lib/wms/calculations/cost-aggregation.ts(246,8): error TS7006: Parameter 'sum' implicitly has an 'any' type.
lib/wms/calculations/cost-aggregation.ts(246,13): error TS7006: Parameter 't' implicitly has an 'any' type.
lib/wms/calculations/cost-aggregation.ts(259,19): error TS7006: Parameter 't' implicitly has an 'any' type.
lib/wms/calculations/cost-aggregation.ts(260,16): error TS7006: Parameter 't' implicitly has an 'any' type.
lib/wms/calculations/cost-aggregation.ts(273,52): error TS7006: Parameter 't' implicitly has an 'any' type.
lib/wms/calculations/cost-aggregation.ts(276,45): error TS7006: Parameter 'r' implicitly has an 'any' type.
lib/wms/calculations/cost-aggregation.ts(281,8): error TS7006: Parameter 'sum' implicitly has an 'any' type.
lib/wms/calculations/cost-aggregation.ts(281,13): error TS7006: Parameter 't' implicitly has an 'any' type.
lib/wms/calculations/cost-aggregation.ts(294,19): error TS7006: Parameter 't' implicitly has an 'any' type.
lib/wms/calculations/cost-aggregation.ts(295,16): error TS7006: Parameter 't' implicitly has an 'any' type.
lib/wms/calculations/cost-aggregation.ts(308,45): error TS7006: Parameter 'r' implicitly has an 'any' type.
lib/wms/calculations/cost-aggregation.ts(313,15): error TS7006: Parameter 't' implicitly has an 'any' type.
lib/wms/calculations/cost-aggregation.ts(314,16): error TS7006: Parameter 'sum' implicitly has an 'any' type.
lib/wms/calculations/cost-aggregation.ts(314,21): error TS7006: Parameter 't' implicitly has an 'any' type.
lib/wms/calculations/cost-aggregation.ts(327,19): error TS7006: Parameter 't' implicitly has an 'any' type.
lib/wms/calculations/cost-aggregation.ts(328,16): error TS7006: Parameter 't' implicitly has an 'any' type.
lib/wms/calculations/cost-aggregation.ts(341,39): error TS7006: Parameter 'r' implicitly has an 'any' type.
lib/wms/calculations/inventory-balance.ts(1,24): error TS2307: Cannot find module '@/lib/wms/prisma' or its corresponding type declarations.
lib/wms/calculations/inventory-balance.ts(186,37): error TS7006: Parameter 'acc' implicitly has an 'any' type.
lib/wms/calculations/inventory-balance.ts(186,42): error TS7006: Parameter 'mov' implicitly has an 'any' type.
lib/wms/calculations/storage-ledger.ts(1,24): error TS2307: Cannot find module '@/lib/wms/prisma' or its corresponding type declarations.
lib/wms/services/calculations/cost-aggregation.ts(122,22): error TS2802: Type 'MapIterator<AggregatedCost>' can only be iterated through when using the '--downlevelIteration' flag or with a '--target' of 'es2015' or higher.
lib/wms/types/index.ts(2,3): error TS2305: Module '"@prisma/client"' has no exported member 'UserRole'.
lib/wms/types/index.ts(3,3): error TS2724: '"@prisma/client"' has no exported member named 'TransactionType'. Did you mean 'WmsTransactionType'?
lib/wms/types/index.ts(4,3): error TS2724: '"@prisma/client"' has no exported member named 'CostCategory'. Did you mean 'WmsCostCategory'?
lib/wms/types/index.ts(5,3): error TS2724: '"@prisma/client"' has no exported member named 'InvoiceStatus'. Did you mean 'WmsInvoiceStatus'?
lib/wms/types/index.ts(6,3): error TS2724: '"@prisma/client"' has no exported member named 'ReconciliationStatus'. Did you mean 'WmsReconciliationStatus'?
warehouse_management/run.ts(62,12): error TS18046: 'data' is of type 'unknown'.
